[2025-01-11T20:18:00.282+0000] {processor.py:186} INFO - Started process (PID=144) to work on /home/airflow/.local/lib/python3.12/site-packages/airflow/example_dags/example_setup_teardown.py
[2025-01-11T20:18:00.284+0000] {processor.py:914} INFO - Processing file /home/airflow/.local/lib/python3.12/site-packages/airflow/example_dags/example_setup_teardown.py for tasks to queue
[2025-01-11T20:18:00.302+0000] {logging_mixin.py:190} INFO - [2025-01-11T20:18:00.296+0000] {dagbag.py:588} INFO - Filling up the DagBag from /home/airflow/.local/lib/python3.12/site-packages/airflow/example_dags/example_setup_teardown.py
[2025-01-11T20:18:00.362+0000] {processor.py:925} INFO - DAG(s) 'example_setup_teardown' retrieved from /home/airflow/.local/lib/python3.12/site-packages/airflow/example_dags/example_setup_teardown.py
[2025-01-11T20:18:00.886+0000] {logging_mixin.py:190} INFO - [2025-01-11T20:18:00.885+0000] {override.py:1911} INFO - Created Permission View: can edit on DAG:example_setup_teardown
[2025-01-11T20:18:00.936+0000] {logging_mixin.py:190} INFO - [2025-01-11T20:18:00.935+0000] {override.py:1911} INFO - Created Permission View: can delete on DAG:example_setup_teardown
[2025-01-11T20:18:00.979+0000] {logging_mixin.py:190} INFO - [2025-01-11T20:18:00.978+0000] {override.py:1911} INFO - Created Permission View: can read on DAG:example_setup_teardown
[2025-01-11T20:18:01.056+0000] {logging_mixin.py:190} INFO - [2025-01-11T20:18:01.055+0000] {override.py:1911} INFO - Created Permission View: menu access on DAG Run:example_setup_teardown
[2025-01-11T20:18:01.110+0000] {logging_mixin.py:190} INFO - [2025-01-11T20:18:01.109+0000] {override.py:1911} INFO - Created Permission View: can create on DAG Run:example_setup_teardown
[2025-01-11T20:18:01.193+0000] {logging_mixin.py:190} INFO - [2025-01-11T20:18:01.192+0000] {override.py:1911} INFO - Created Permission View: can delete on DAG Run:example_setup_teardown
[2025-01-11T20:18:01.237+0000] {logging_mixin.py:190} INFO - [2025-01-11T20:18:01.236+0000] {override.py:1911} INFO - Created Permission View: can read on DAG Run:example_setup_teardown
[2025-01-11T20:18:01.248+0000] {logging_mixin.py:190} INFO - [2025-01-11T20:18:01.247+0000] {dag.py:3239} INFO - Sync 1 DAGs
[2025-01-11T20:18:01.337+0000] {logging_mixin.py:190} INFO - [2025-01-11T20:18:01.336+0000] {dag.py:3262} INFO - Creating ORM DAG for example_setup_teardown
[2025-01-11T20:18:01.354+0000] {logging_mixin.py:190} INFO - [2025-01-11T20:18:01.341+0000] {dag.py:4180} INFO - Setting next_dagrun for example_setup_teardown to None, run_after=None
[2025-01-11T20:18:01.445+0000] {processor.py:208} INFO - Processing /home/airflow/.local/lib/python3.12/site-packages/airflow/example_dags/example_setup_teardown.py took 1.196 seconds
[2025-01-11T20:26:56.765+0000] {processor.py:186} INFO - Started process (PID=116) to work on /home/airflow/.local/lib/python3.12/site-packages/airflow/example_dags/example_setup_teardown.py
[2025-01-11T20:26:56.786+0000] {processor.py:914} INFO - Processing file /home/airflow/.local/lib/python3.12/site-packages/airflow/example_dags/example_setup_teardown.py for tasks to queue
[2025-01-11T20:26:56.791+0000] {logging_mixin.py:190} INFO - [2025-01-11T20:26:56.790+0000] {dagbag.py:588} INFO - Filling up the DagBag from /home/airflow/.local/lib/python3.12/site-packages/airflow/example_dags/example_setup_teardown.py
[2025-01-11T20:26:56.807+0000] {processor.py:925} INFO - DAG(s) 'example_setup_teardown' retrieved from /home/airflow/.local/lib/python3.12/site-packages/airflow/example_dags/example_setup_teardown.py
[2025-01-11T20:26:56.871+0000] {logging_mixin.py:190} INFO - [2025-01-11T20:26:56.871+0000] {dag.py:3239} INFO - Sync 1 DAGs
[2025-01-11T20:26:56.913+0000] {logging_mixin.py:190} INFO - [2025-01-11T20:26:56.913+0000] {dag.py:4180} INFO - Setting next_dagrun for example_setup_teardown to None, run_after=None
[2025-01-11T20:26:56.938+0000] {processor.py:208} INFO - Processing /home/airflow/.local/lib/python3.12/site-packages/airflow/example_dags/example_setup_teardown.py took 0.212 seconds
[2025-01-11T20:27:27.419+0000] {processor.py:186} INFO - Started process (PID=179) to work on /home/airflow/.local/lib/python3.12/site-packages/airflow/example_dags/example_setup_teardown.py
[2025-01-11T20:27:27.420+0000] {processor.py:914} INFO - Processing file /home/airflow/.local/lib/python3.12/site-packages/airflow/example_dags/example_setup_teardown.py for tasks to queue
[2025-01-11T20:27:27.424+0000] {logging_mixin.py:190} INFO - [2025-01-11T20:27:27.423+0000] {dagbag.py:588} INFO - Filling up the DagBag from /home/airflow/.local/lib/python3.12/site-packages/airflow/example_dags/example_setup_teardown.py
[2025-01-11T20:27:27.433+0000] {processor.py:925} INFO - DAG(s) 'example_setup_teardown' retrieved from /home/airflow/.local/lib/python3.12/site-packages/airflow/example_dags/example_setup_teardown.py
[2025-01-11T20:27:27.450+0000] {logging_mixin.py:190} INFO - [2025-01-11T20:27:27.450+0000] {dag.py:3239} INFO - Sync 1 DAGs
[2025-01-11T20:27:27.466+0000] {logging_mixin.py:190} INFO - [2025-01-11T20:27:27.465+0000] {dag.py:4180} INFO - Setting next_dagrun for example_setup_teardown to None, run_after=None
[2025-01-11T20:27:27.485+0000] {processor.py:208} INFO - Processing /home/airflow/.local/lib/python3.12/site-packages/airflow/example_dags/example_setup_teardown.py took 0.072 seconds
