[2025-01-11T20:16:49.174+0000] {processor.py:186} INFO - Started process (PID=95) to work on /home/airflow/.local/lib/python3.12/site-packages/airflow/example_dags/example_branch_operator_decorator.py
[2025-01-11T20:16:49.209+0000] {processor.py:914} INFO - Processing file /home/airflow/.local/lib/python3.12/site-packages/airflow/example_dags/example_branch_operator_decorator.py for tasks to queue
[2025-01-11T20:16:49.290+0000] {logging_mixin.py:190} INFO - [2025-01-11T20:16:49.290+0000] {dagbag.py:588} INFO - Filling up the DagBag from /home/airflow/.local/lib/python3.12/site-packages/airflow/example_dags/example_branch_operator_decorator.py
[2025-01-11T20:16:49.458+0000] {processor.py:925} INFO - DAG(s) 'example_branch_python_operator_decorator' retrieved from /home/airflow/.local/lib/python3.12/site-packages/airflow/example_dags/example_branch_operator_decorator.py
[2025-01-11T20:16:50.129+0000] {logging_mixin.py:190} INFO - [2025-01-11T20:16:50.121+0000] {override.py:1911} INFO - Created Permission View: can edit on DAG:example_branch_python_operator_decorator
[2025-01-11T20:16:50.196+0000] {logging_mixin.py:190} INFO - [2025-01-11T20:16:50.195+0000] {override.py:1911} INFO - Created Permission View: can delete on DAG:example_branch_python_operator_decorator
[2025-01-11T20:16:50.244+0000] {logging_mixin.py:190} INFO - [2025-01-11T20:16:50.243+0000] {override.py:1911} INFO - Created Permission View: can read on DAG:example_branch_python_operator_decorator
[2025-01-11T20:16:50.312+0000] {logging_mixin.py:190} INFO - [2025-01-11T20:16:50.311+0000] {override.py:1911} INFO - Created Permission View: menu access on DAG Run:example_branch_python_operator_decorator
[2025-01-11T20:16:50.706+0000] {logging_mixin.py:190} INFO - [2025-01-11T20:16:50.705+0000] {override.py:1911} INFO - Created Permission View: can create on DAG Run:example_branch_python_operator_decorator
[2025-01-11T20:16:50.903+0000] {logging_mixin.py:190} INFO - [2025-01-11T20:16:50.903+0000] {override.py:1911} INFO - Created Permission View: can delete on DAG Run:example_branch_python_operator_decorator
[2025-01-11T20:16:50.948+0000] {logging_mixin.py:190} INFO - [2025-01-11T20:16:50.947+0000] {override.py:1911} INFO - Created Permission View: can read on DAG Run:example_branch_python_operator_decorator
[2025-01-11T20:16:50.950+0000] {logging_mixin.py:190} INFO - [2025-01-11T20:16:50.949+0000] {dag.py:3239} INFO - Sync 1 DAGs
[2025-01-11T20:16:51.206+0000] {logging_mixin.py:190} INFO - [2025-01-11T20:16:51.205+0000] {dag.py:3262} INFO - Creating ORM DAG for example_branch_python_operator_decorator
[2025-01-11T20:16:51.282+0000] {logging_mixin.py:190} INFO - [2025-01-11T20:16:51.281+0000] {dag.py:4180} INFO - Setting next_dagrun for example_branch_python_operator_decorator to 2025-01-10 00:00:00+00:00, run_after=2025-01-11 00:00:00+00:00
[2025-01-11T20:16:51.424+0000] {processor.py:208} INFO - Processing /home/airflow/.local/lib/python3.12/site-packages/airflow/example_dags/example_branch_operator_decorator.py took 2.265 seconds
[2025-01-11T20:26:39.520+0000] {processor.py:186} INFO - Started process (PID=79) to work on /home/airflow/.local/lib/python3.12/site-packages/airflow/example_dags/example_branch_operator_decorator.py
[2025-01-11T20:26:39.521+0000] {processor.py:914} INFO - Processing file /home/airflow/.local/lib/python3.12/site-packages/airflow/example_dags/example_branch_operator_decorator.py for tasks to queue
[2025-01-11T20:26:39.541+0000] {logging_mixin.py:190} INFO - [2025-01-11T20:26:39.535+0000] {dagbag.py:588} INFO - Filling up the DagBag from /home/airflow/.local/lib/python3.12/site-packages/airflow/example_dags/example_branch_operator_decorator.py
[2025-01-11T20:26:39.839+0000] {processor.py:925} INFO - DAG(s) 'example_branch_python_operator_decorator' retrieved from /home/airflow/.local/lib/python3.12/site-packages/airflow/example_dags/example_branch_operator_decorator.py
[2025-01-11T20:26:40.732+0000] {logging_mixin.py:190} INFO - [2025-01-11T20:26:40.731+0000] {dag.py:3239} INFO - Sync 1 DAGs
[2025-01-11T20:26:40.832+0000] {logging_mixin.py:190} INFO - [2025-01-11T20:26:40.832+0000] {dag.py:4180} INFO - Setting next_dagrun for example_branch_python_operator_decorator to 2025-01-10 00:00:00+00:00, run_after=2025-01-11 00:00:00+00:00
[2025-01-11T20:26:40.866+0000] {processor.py:208} INFO - Processing /home/airflow/.local/lib/python3.12/site-packages/airflow/example_dags/example_branch_operator_decorator.py took 1.355 seconds
[2025-01-11T20:27:11.164+0000] {processor.py:186} INFO - Started process (PID=142) to work on /home/airflow/.local/lib/python3.12/site-packages/airflow/example_dags/example_branch_operator_decorator.py
[2025-01-11T20:27:11.167+0000] {processor.py:914} INFO - Processing file /home/airflow/.local/lib/python3.12/site-packages/airflow/example_dags/example_branch_operator_decorator.py for tasks to queue
[2025-01-11T20:27:11.171+0000] {logging_mixin.py:190} INFO - [2025-01-11T20:27:11.171+0000] {dagbag.py:588} INFO - Filling up the DagBag from /home/airflow/.local/lib/python3.12/site-packages/airflow/example_dags/example_branch_operator_decorator.py
[2025-01-11T20:27:11.199+0000] {processor.py:925} INFO - DAG(s) 'example_branch_python_operator_decorator' retrieved from /home/airflow/.local/lib/python3.12/site-packages/airflow/example_dags/example_branch_operator_decorator.py
[2025-01-11T20:27:11.256+0000] {logging_mixin.py:190} INFO - [2025-01-11T20:27:11.255+0000] {dag.py:3239} INFO - Sync 1 DAGs
[2025-01-11T20:27:11.321+0000] {logging_mixin.py:190} INFO - [2025-01-11T20:27:11.321+0000] {dag.py:4180} INFO - Setting next_dagrun for example_branch_python_operator_decorator to 2025-01-10 00:00:00+00:00, run_after=2025-01-11 00:00:00+00:00
[2025-01-11T20:27:11.349+0000] {processor.py:208} INFO - Processing /home/airflow/.local/lib/python3.12/site-packages/airflow/example_dags/example_branch_operator_decorator.py took 0.192 seconds
[2025-01-11T20:27:42.078+0000] {processor.py:186} INFO - Started process (PID=204) to work on /home/airflow/.local/lib/python3.12/site-packages/airflow/example_dags/example_branch_operator_decorator.py
[2025-01-11T20:27:42.079+0000] {processor.py:914} INFO - Processing file /home/airflow/.local/lib/python3.12/site-packages/airflow/example_dags/example_branch_operator_decorator.py for tasks to queue
[2025-01-11T20:27:42.083+0000] {logging_mixin.py:190} INFO - [2025-01-11T20:27:42.082+0000] {dagbag.py:588} INFO - Filling up the DagBag from /home/airflow/.local/lib/python3.12/site-packages/airflow/example_dags/example_branch_operator_decorator.py
[2025-01-11T20:27:42.106+0000] {processor.py:925} INFO - DAG(s) 'example_branch_python_operator_decorator' retrieved from /home/airflow/.local/lib/python3.12/site-packages/airflow/example_dags/example_branch_operator_decorator.py
[2025-01-11T20:27:42.133+0000] {logging_mixin.py:190} INFO - [2025-01-11T20:27:42.132+0000] {dag.py:3239} INFO - Sync 1 DAGs
[2025-01-11T20:27:42.160+0000] {logging_mixin.py:190} INFO - [2025-01-11T20:27:42.159+0000] {dag.py:4180} INFO - Setting next_dagrun for example_branch_python_operator_decorator to 2025-01-10 00:00:00+00:00, run_after=2025-01-11 00:00:00+00:00
[2025-01-11T20:27:42.181+0000] {processor.py:208} INFO - Processing /home/airflow/.local/lib/python3.12/site-packages/airflow/example_dags/example_branch_operator_decorator.py took 0.114 seconds
