[2025-01-11T20:16:44.340+0000] {processor.py:186} INFO - Started process (PID=94) to work on /home/airflow/.local/lib/python3.12/site-packages/airflow/example_dags/example_subdag_operator.py
[2025-01-11T20:16:44.372+0000] {processor.py:914} INFO - Processing file /home/airflow/.local/lib/python3.12/site-packages/airflow/example_dags/example_subdag_operator.py for tasks to queue
[2025-01-11T20:16:44.409+0000] {logging_mixin.py:190} INFO - [2025-01-11T20:16:44.409+0000] {dagbag.py:588} INFO - Filling up the DagBag from /home/airflow/.local/lib/python3.12/site-packages/airflow/example_dags/example_subdag_operator.py
[2025-01-11T20:16:46.220+0000] {processor.py:925} INFO - DAG(s) 'example_subdag_operator.section-1', 'example_subdag_operator.section-2', 'example_subdag_operator' retrieved from /home/airflow/.local/lib/python3.12/site-packages/airflow/example_dags/example_subdag_operator.py
[2025-01-11T20:16:48.455+0000] {logging_mixin.py:190} INFO - [2025-01-11T20:16:48.454+0000] {override.py:1911} INFO - Created Permission View: can edit on DAG:example_subdag_operator
[2025-01-11T20:16:48.490+0000] {logging_mixin.py:190} INFO - [2025-01-11T20:16:48.489+0000] {override.py:1911} INFO - Created Permission View: can delete on DAG:example_subdag_operator
[2025-01-11T20:16:48.501+0000] {logging_mixin.py:190} INFO - [2025-01-11T20:16:48.501+0000] {override.py:1911} INFO - Created Permission View: can read on DAG:example_subdag_operator
[2025-01-11T20:16:48.537+0000] {logging_mixin.py:190} INFO - [2025-01-11T20:16:48.536+0000] {override.py:1911} INFO - Created Permission View: menu access on DAG Run:example_subdag_operator
[2025-01-11T20:16:48.588+0000] {logging_mixin.py:190} INFO - [2025-01-11T20:16:48.587+0000] {override.py:1911} INFO - Created Permission View: can create on DAG Run:example_subdag_operator
[2025-01-11T20:16:48.622+0000] {logging_mixin.py:190} INFO - [2025-01-11T20:16:48.622+0000] {override.py:1911} INFO - Created Permission View: can delete on DAG Run:example_subdag_operator
[2025-01-11T20:16:48.635+0000] {logging_mixin.py:190} INFO - [2025-01-11T20:16:48.635+0000] {override.py:1911} INFO - Created Permission View: can read on DAG Run:example_subdag_operator
[2025-01-11T20:16:48.636+0000] {logging_mixin.py:190} INFO - [2025-01-11T20:16:48.636+0000] {dag.py:3239} INFO - Sync 3 DAGs
[2025-01-11T20:16:48.674+0000] {logging_mixin.py:190} INFO - [2025-01-11T20:16:48.674+0000] {dag.py:3262} INFO - Creating ORM DAG for example_subdag_operator.section-2
[2025-01-11T20:16:48.681+0000] {logging_mixin.py:190} INFO - [2025-01-11T20:16:48.680+0000] {dag.py:3262} INFO - Creating ORM DAG for example_subdag_operator.section-1
[2025-01-11T20:16:48.684+0000] {logging_mixin.py:190} INFO - [2025-01-11T20:16:48.684+0000] {dag.py:3262} INFO - Creating ORM DAG for example_subdag_operator
[2025-01-11T20:16:48.735+0000] {logging_mixin.py:190} INFO - [2025-01-11T20:16:48.734+0000] {dag.py:4180} INFO - Setting next_dagrun for example_subdag_operator to 2022-01-01 00:00:00+00:00, run_after=2022-01-01 00:00:00+00:00
[2025-01-11T20:16:48.738+0000] {logging_mixin.py:190} INFO - [2025-01-11T20:16:48.738+0000] {dag.py:4180} INFO - Setting next_dagrun for example_subdag_operator.section-1 to None, run_after=None
[2025-01-11T20:16:48.740+0000] {logging_mixin.py:190} INFO - [2025-01-11T20:16:48.740+0000] {dag.py:4180} INFO - Setting next_dagrun for example_subdag_operator.section-2 to None, run_after=None
[2025-01-11T20:16:48.799+0000] {logging_mixin.py:190} INFO - [2025-01-11T20:16:48.799+0000] {dag.py:3239} INFO - Sync 2 DAGs
[2025-01-11T20:16:48.834+0000] {logging_mixin.py:190} INFO - [2025-01-11T20:16:48.834+0000] {dag.py:4180} INFO - Setting next_dagrun for example_subdag_operator.section-1 to None, run_after=None
[2025-01-11T20:16:48.844+0000] {logging_mixin.py:190} INFO - [2025-01-11T20:16:48.844+0000] {dag.py:4180} INFO - Setting next_dagrun for example_subdag_operator.section-2 to None, run_after=None
[2025-01-11T20:16:48.909+0000] {processor.py:208} INFO - Processing /home/airflow/.local/lib/python3.12/site-packages/airflow/example_dags/example_subdag_operator.py took 4.625 seconds
[2025-01-11T20:26:38.801+0000] {processor.py:186} INFO - Started process (PID=78) to work on /home/airflow/.local/lib/python3.12/site-packages/airflow/example_dags/example_subdag_operator.py
[2025-01-11T20:26:38.808+0000] {processor.py:914} INFO - Processing file /home/airflow/.local/lib/python3.12/site-packages/airflow/example_dags/example_subdag_operator.py for tasks to queue
[2025-01-11T20:26:38.812+0000] {logging_mixin.py:190} INFO - [2025-01-11T20:26:38.812+0000] {dagbag.py:588} INFO - Filling up the DagBag from /home/airflow/.local/lib/python3.12/site-packages/airflow/example_dags/example_subdag_operator.py
[2025-01-11T20:26:38.948+0000] {processor.py:925} INFO - DAG(s) 'example_subdag_operator.section-1', 'example_subdag_operator.section-2', 'example_subdag_operator' retrieved from /home/airflow/.local/lib/python3.12/site-packages/airflow/example_dags/example_subdag_operator.py
[2025-01-11T20:26:39.107+0000] {logging_mixin.py:190} INFO - [2025-01-11T20:26:39.103+0000] {dag.py:3239} INFO - Sync 3 DAGs
[2025-01-11T20:26:39.310+0000] {logging_mixin.py:190} INFO - [2025-01-11T20:26:39.310+0000] {dag.py:4180} INFO - Setting next_dagrun for example_subdag_operator to 2022-01-01 00:00:00+00:00, run_after=2022-01-01 00:00:00+00:00
[2025-01-11T20:26:39.330+0000] {logging_mixin.py:190} INFO - [2025-01-11T20:26:39.330+0000] {dag.py:4180} INFO - Setting next_dagrun for example_subdag_operator.section-1 to None, run_after=None
[2025-01-11T20:26:39.337+0000] {logging_mixin.py:190} INFO - [2025-01-11T20:26:39.337+0000] {dag.py:4180} INFO - Setting next_dagrun for example_subdag_operator.section-2 to None, run_after=None
[2025-01-11T20:26:39.398+0000] {logging_mixin.py:190} INFO - [2025-01-11T20:26:39.398+0000] {dag.py:3239} INFO - Sync 2 DAGs
[2025-01-11T20:26:39.410+0000] {logging_mixin.py:190} INFO - [2025-01-11T20:26:39.410+0000] {dag.py:4180} INFO - Setting next_dagrun for example_subdag_operator.section-1 to None, run_after=None
[2025-01-11T20:26:39.411+0000] {logging_mixin.py:190} INFO - [2025-01-11T20:26:39.410+0000] {dag.py:4180} INFO - Setting next_dagrun for example_subdag_operator.section-2 to None, run_after=None
[2025-01-11T20:26:39.426+0000] {processor.py:208} INFO - Processing /home/airflow/.local/lib/python3.12/site-packages/airflow/example_dags/example_subdag_operator.py took 0.632 seconds
[2025-01-11T20:27:10.130+0000] {processor.py:186} INFO - Started process (PID=140) to work on /home/airflow/.local/lib/python3.12/site-packages/airflow/example_dags/example_subdag_operator.py
[2025-01-11T20:27:10.131+0000] {processor.py:914} INFO - Processing file /home/airflow/.local/lib/python3.12/site-packages/airflow/example_dags/example_subdag_operator.py for tasks to queue
[2025-01-11T20:27:10.134+0000] {logging_mixin.py:190} INFO - [2025-01-11T20:27:10.134+0000] {dagbag.py:588} INFO - Filling up the DagBag from /home/airflow/.local/lib/python3.12/site-packages/airflow/example_dags/example_subdag_operator.py
[2025-01-11T20:27:10.167+0000] {processor.py:925} INFO - DAG(s) 'example_subdag_operator.section-1', 'example_subdag_operator.section-2', 'example_subdag_operator' retrieved from /home/airflow/.local/lib/python3.12/site-packages/airflow/example_dags/example_subdag_operator.py
[2025-01-11T20:27:10.191+0000] {logging_mixin.py:190} INFO - [2025-01-11T20:27:10.191+0000] {dag.py:3239} INFO - Sync 3 DAGs
[2025-01-11T20:27:10.213+0000] {logging_mixin.py:190} INFO - [2025-01-11T20:27:10.213+0000] {dag.py:4180} INFO - Setting next_dagrun for example_subdag_operator to 2022-01-01 00:00:00+00:00, run_after=2022-01-01 00:00:00+00:00
[2025-01-11T20:27:10.218+0000] {logging_mixin.py:190} INFO - [2025-01-11T20:27:10.217+0000] {dag.py:4180} INFO - Setting next_dagrun for example_subdag_operator.section-1 to None, run_after=None
[2025-01-11T20:27:10.220+0000] {logging_mixin.py:190} INFO - [2025-01-11T20:27:10.220+0000] {dag.py:4180} INFO - Setting next_dagrun for example_subdag_operator.section-2 to None, run_after=None
[2025-01-11T20:27:10.239+0000] {logging_mixin.py:190} INFO - [2025-01-11T20:27:10.239+0000] {dag.py:3239} INFO - Sync 2 DAGs
[2025-01-11T20:27:10.246+0000] {logging_mixin.py:190} INFO - [2025-01-11T20:27:10.245+0000] {dag.py:4180} INFO - Setting next_dagrun for example_subdag_operator.section-1 to None, run_after=None
[2025-01-11T20:27:10.246+0000] {logging_mixin.py:190} INFO - [2025-01-11T20:27:10.246+0000] {dag.py:4180} INFO - Setting next_dagrun for example_subdag_operator.section-2 to None, run_after=None
[2025-01-11T20:27:10.260+0000] {processor.py:208} INFO - Processing /home/airflow/.local/lib/python3.12/site-packages/airflow/example_dags/example_subdag_operator.py took 0.138 seconds
[2025-01-11T20:27:40.949+0000] {processor.py:186} INFO - Started process (PID=203) to work on /home/airflow/.local/lib/python3.12/site-packages/airflow/example_dags/example_subdag_operator.py
[2025-01-11T20:27:40.950+0000] {processor.py:914} INFO - Processing file /home/airflow/.local/lib/python3.12/site-packages/airflow/example_dags/example_subdag_operator.py for tasks to queue
[2025-01-11T20:27:40.953+0000] {logging_mixin.py:190} INFO - [2025-01-11T20:27:40.953+0000] {dagbag.py:588} INFO - Filling up the DagBag from /home/airflow/.local/lib/python3.12/site-packages/airflow/example_dags/example_subdag_operator.py
[2025-01-11T20:27:40.979+0000] {processor.py:925} INFO - DAG(s) 'example_subdag_operator.section-1', 'example_subdag_operator.section-2', 'example_subdag_operator' retrieved from /home/airflow/.local/lib/python3.12/site-packages/airflow/example_dags/example_subdag_operator.py
[2025-01-11T20:27:40.994+0000] {logging_mixin.py:190} INFO - [2025-01-11T20:27:40.994+0000] {dag.py:3239} INFO - Sync 3 DAGs
[2025-01-11T20:27:41.015+0000] {logging_mixin.py:190} INFO - [2025-01-11T20:27:41.015+0000] {dag.py:4180} INFO - Setting next_dagrun for example_subdag_operator to 2022-01-01 00:00:00+00:00, run_after=2022-01-01 00:00:00+00:00
[2025-01-11T20:27:41.019+0000] {logging_mixin.py:190} INFO - [2025-01-11T20:27:41.019+0000] {dag.py:4180} INFO - Setting next_dagrun for example_subdag_operator.section-1 to None, run_after=None
[2025-01-11T20:27:41.021+0000] {logging_mixin.py:190} INFO - [2025-01-11T20:27:41.020+0000] {dag.py:4180} INFO - Setting next_dagrun for example_subdag_operator.section-2 to None, run_after=None
[2025-01-11T20:27:41.027+0000] {logging_mixin.py:190} INFO - [2025-01-11T20:27:41.027+0000] {dag.py:3239} INFO - Sync 2 DAGs
[2025-01-11T20:27:41.033+0000] {logging_mixin.py:190} INFO - [2025-01-11T20:27:41.033+0000] {dag.py:4180} INFO - Setting next_dagrun for example_subdag_operator.section-1 to None, run_after=None
[2025-01-11T20:27:41.034+0000] {logging_mixin.py:190} INFO - [2025-01-11T20:27:41.034+0000] {dag.py:4180} INFO - Setting next_dagrun for example_subdag_operator.section-2 to None, run_after=None
[2025-01-11T20:27:41.047+0000] {processor.py:208} INFO - Processing /home/airflow/.local/lib/python3.12/site-packages/airflow/example_dags/example_subdag_operator.py took 0.105 seconds
