[2025-01-11T20:17:44.974+0000] {processor.py:186} INFO - Started process (PID=136) to work on /home/airflow/.local/lib/python3.12/site-packages/airflow/example_dags/example_sensors.py
[2025-01-11T20:17:44.992+0000] {processor.py:914} INFO - Processing file /home/airflow/.local/lib/python3.12/site-packages/airflow/example_dags/example_sensors.py for tasks to queue
[2025-01-11T20:17:45.043+0000] {logging_mixin.py:190} INFO - [2025-01-11T20:17:45.022+0000] {dagbag.py:588} INFO - Filling up the DagBag from /home/airflow/.local/lib/python3.12/site-packages/airflow/example_dags/example_sensors.py
[2025-01-11T20:17:45.126+0000] {processor.py:925} INFO - DAG(s) 'example_sensors' retrieved from /home/airflow/.local/lib/python3.12/site-packages/airflow/example_dags/example_sensors.py
[2025-01-11T20:17:46.203+0000] {logging_mixin.py:190} INFO - [2025-01-11T20:17:46.200+0000] {override.py:1911} INFO - Created Permission View: can edit on DAG:example_sensors
[2025-01-11T20:17:46.234+0000] {logging_mixin.py:190} INFO - [2025-01-11T20:17:46.234+0000] {override.py:1911} INFO - Created Permission View: can delete on DAG:example_sensors
[2025-01-11T20:17:46.260+0000] {logging_mixin.py:190} INFO - [2025-01-11T20:17:46.260+0000] {override.py:1911} INFO - Created Permission View: can read on DAG:example_sensors
[2025-01-11T20:17:46.298+0000] {logging_mixin.py:190} INFO - [2025-01-11T20:17:46.297+0000] {override.py:1911} INFO - Created Permission View: menu access on DAG Run:example_sensors
[2025-01-11T20:17:46.321+0000] {logging_mixin.py:190} INFO - [2025-01-11T20:17:46.320+0000] {override.py:1911} INFO - Created Permission View: can create on DAG Run:example_sensors
[2025-01-11T20:17:46.376+0000] {logging_mixin.py:190} INFO - [2025-01-11T20:17:46.376+0000] {override.py:1911} INFO - Created Permission View: can delete on DAG Run:example_sensors
[2025-01-11T20:17:46.394+0000] {logging_mixin.py:190} INFO - [2025-01-11T20:17:46.393+0000] {override.py:1911} INFO - Created Permission View: can read on DAG Run:example_sensors
[2025-01-11T20:17:46.395+0000] {logging_mixin.py:190} INFO - [2025-01-11T20:17:46.394+0000] {dag.py:3239} INFO - Sync 1 DAGs
[2025-01-11T20:17:46.440+0000] {logging_mixin.py:190} INFO - [2025-01-11T20:17:46.440+0000] {dag.py:3262} INFO - Creating ORM DAG for example_sensors
[2025-01-11T20:17:46.443+0000] {logging_mixin.py:190} INFO - [2025-01-11T20:17:46.443+0000] {dag.py:4180} INFO - Setting next_dagrun for example_sensors to None, run_after=None
[2025-01-11T20:17:46.494+0000] {processor.py:208} INFO - Processing /home/airflow/.local/lib/python3.12/site-packages/airflow/example_dags/example_sensors.py took 1.631 seconds
[2025-01-11T20:26:54.054+0000] {processor.py:186} INFO - Started process (PID=108) to work on /home/airflow/.local/lib/python3.12/site-packages/airflow/example_dags/example_sensors.py
[2025-01-11T20:26:54.061+0000] {processor.py:914} INFO - Processing file /home/airflow/.local/lib/python3.12/site-packages/airflow/example_dags/example_sensors.py for tasks to queue
[2025-01-11T20:26:54.069+0000] {logging_mixin.py:190} INFO - [2025-01-11T20:26:54.068+0000] {dagbag.py:588} INFO - Filling up the DagBag from /home/airflow/.local/lib/python3.12/site-packages/airflow/example_dags/example_sensors.py
[2025-01-11T20:26:54.105+0000] {processor.py:925} INFO - DAG(s) 'example_sensors' retrieved from /home/airflow/.local/lib/python3.12/site-packages/airflow/example_dags/example_sensors.py
[2025-01-11T20:26:54.208+0000] {logging_mixin.py:190} INFO - [2025-01-11T20:26:54.208+0000] {dag.py:3239} INFO - Sync 1 DAGs
[2025-01-11T20:26:54.247+0000] {logging_mixin.py:190} INFO - [2025-01-11T20:26:54.246+0000] {dag.py:4180} INFO - Setting next_dagrun for example_sensors to None, run_after=None
[2025-01-11T20:26:54.302+0000] {processor.py:208} INFO - Processing /home/airflow/.local/lib/python3.12/site-packages/airflow/example_dags/example_sensors.py took 0.260 seconds
[2025-01-11T20:27:24.360+0000] {processor.py:186} INFO - Started process (PID=171) to work on /home/airflow/.local/lib/python3.12/site-packages/airflow/example_dags/example_sensors.py
[2025-01-11T20:27:24.362+0000] {processor.py:914} INFO - Processing file /home/airflow/.local/lib/python3.12/site-packages/airflow/example_dags/example_sensors.py for tasks to queue
[2025-01-11T20:27:24.365+0000] {logging_mixin.py:190} INFO - [2025-01-11T20:27:24.364+0000] {dagbag.py:588} INFO - Filling up the DagBag from /home/airflow/.local/lib/python3.12/site-packages/airflow/example_dags/example_sensors.py
[2025-01-11T20:27:24.375+0000] {processor.py:925} INFO - DAG(s) 'example_sensors' retrieved from /home/airflow/.local/lib/python3.12/site-packages/airflow/example_dags/example_sensors.py
[2025-01-11T20:27:24.402+0000] {logging_mixin.py:190} INFO - [2025-01-11T20:27:24.402+0000] {dag.py:3239} INFO - Sync 1 DAGs
[2025-01-11T20:27:24.425+0000] {logging_mixin.py:190} INFO - [2025-01-11T20:27:24.425+0000] {dag.py:4180} INFO - Setting next_dagrun for example_sensors to None, run_after=None
[2025-01-11T20:27:24.454+0000] {processor.py:208} INFO - Processing /home/airflow/.local/lib/python3.12/site-packages/airflow/example_dags/example_sensors.py took 0.101 seconds
