[2025-01-11T20:17:40.774+0000] {processor.py:186} INFO - Started process (PID=131) to work on /home/airflow/.local/lib/python3.12/site-packages/airflow/example_dags/example_branch_datetime_operator.py
[2025-01-11T20:17:40.778+0000] {processor.py:914} INFO - Processing file /home/airflow/.local/lib/python3.12/site-packages/airflow/example_dags/example_branch_datetime_operator.py for tasks to queue
[2025-01-11T20:17:40.791+0000] {logging_mixin.py:190} INFO - [2025-01-11T20:17:40.790+0000] {dagbag.py:588} INFO - Filling up the DagBag from /home/airflow/.local/lib/python3.12/site-packages/airflow/example_dags/example_branch_datetime_operator.py
[2025-01-11T20:17:40.834+0000] {processor.py:925} INFO - DAG(s) 'example_branch_datetime_operator_2', 'example_branch_datetime_operator_3', 'example_branch_datetime_operator' retrieved from /home/airflow/.local/lib/python3.12/site-packages/airflow/example_dags/example_branch_datetime_operator.py
[2025-01-11T20:17:41.406+0000] {logging_mixin.py:190} INFO - [2025-01-11T20:17:41.394+0000] {override.py:1911} INFO - Created Permission View: can edit on DAG:example_branch_datetime_operator_2
[2025-01-11T20:17:41.475+0000] {logging_mixin.py:190} INFO - [2025-01-11T20:17:41.474+0000] {override.py:1911} INFO - Created Permission View: can delete on DAG:example_branch_datetime_operator_2
[2025-01-11T20:17:41.522+0000] {logging_mixin.py:190} INFO - [2025-01-11T20:17:41.522+0000] {override.py:1911} INFO - Created Permission View: can read on DAG:example_branch_datetime_operator_2
[2025-01-11T20:17:41.575+0000] {logging_mixin.py:190} INFO - [2025-01-11T20:17:41.575+0000] {override.py:1911} INFO - Created Permission View: menu access on DAG Run:example_branch_datetime_operator_2
[2025-01-11T20:17:41.656+0000] {logging_mixin.py:190} INFO - [2025-01-11T20:17:41.655+0000] {override.py:1911} INFO - Created Permission View: can create on DAG Run:example_branch_datetime_operator_2
[2025-01-11T20:17:41.715+0000] {logging_mixin.py:190} INFO - [2025-01-11T20:17:41.715+0000] {override.py:1911} INFO - Created Permission View: can delete on DAG Run:example_branch_datetime_operator_2
[2025-01-11T20:17:41.777+0000] {logging_mixin.py:190} INFO - [2025-01-11T20:17:41.777+0000] {override.py:1911} INFO - Created Permission View: can read on DAG Run:example_branch_datetime_operator_2
[2025-01-11T20:17:41.887+0000] {logging_mixin.py:190} INFO - [2025-01-11T20:17:41.887+0000] {override.py:1911} INFO - Created Permission View: can edit on DAG:example_branch_datetime_operator_3
[2025-01-11T20:17:41.913+0000] {logging_mixin.py:190} INFO - [2025-01-11T20:17:41.912+0000] {override.py:1911} INFO - Created Permission View: can delete on DAG:example_branch_datetime_operator_3
[2025-01-11T20:17:41.950+0000] {logging_mixin.py:190} INFO - [2025-01-11T20:17:41.949+0000] {override.py:1911} INFO - Created Permission View: can read on DAG:example_branch_datetime_operator_3
[2025-01-11T20:17:42.149+0000] {logging_mixin.py:190} INFO - [2025-01-11T20:17:42.148+0000] {override.py:1911} INFO - Created Permission View: menu access on DAG Run:example_branch_datetime_operator_3
[2025-01-11T20:17:42.248+0000] {logging_mixin.py:190} INFO - [2025-01-11T20:17:42.247+0000] {override.py:1911} INFO - Created Permission View: can create on DAG Run:example_branch_datetime_operator_3
[2025-01-11T20:17:42.301+0000] {logging_mixin.py:190} INFO - [2025-01-11T20:17:42.300+0000] {override.py:1911} INFO - Created Permission View: can delete on DAG Run:example_branch_datetime_operator_3
[2025-01-11T20:17:42.327+0000] {logging_mixin.py:190} INFO - [2025-01-11T20:17:42.327+0000] {override.py:1911} INFO - Created Permission View: can read on DAG Run:example_branch_datetime_operator_3
[2025-01-11T20:17:42.396+0000] {logging_mixin.py:190} INFO - [2025-01-11T20:17:42.395+0000] {override.py:1911} INFO - Created Permission View: can edit on DAG:example_branch_datetime_operator
[2025-01-11T20:17:42.428+0000] {logging_mixin.py:190} INFO - [2025-01-11T20:17:42.421+0000] {override.py:1911} INFO - Created Permission View: can delete on DAG:example_branch_datetime_operator
[2025-01-11T20:17:42.452+0000] {logging_mixin.py:190} INFO - [2025-01-11T20:17:42.452+0000] {override.py:1911} INFO - Created Permission View: can read on DAG:example_branch_datetime_operator
[2025-01-11T20:17:42.542+0000] {logging_mixin.py:190} INFO - [2025-01-11T20:17:42.541+0000] {override.py:1911} INFO - Created Permission View: menu access on DAG Run:example_branch_datetime_operator
[2025-01-11T20:17:42.597+0000] {logging_mixin.py:190} INFO - [2025-01-11T20:17:42.597+0000] {override.py:1911} INFO - Created Permission View: can create on DAG Run:example_branch_datetime_operator
[2025-01-11T20:17:42.627+0000] {logging_mixin.py:190} INFO - [2025-01-11T20:17:42.627+0000] {override.py:1911} INFO - Created Permission View: can delete on DAG Run:example_branch_datetime_operator
[2025-01-11T20:17:42.686+0000] {logging_mixin.py:190} INFO - [2025-01-11T20:17:42.685+0000] {override.py:1911} INFO - Created Permission View: can read on DAG Run:example_branch_datetime_operator
[2025-01-11T20:17:42.698+0000] {logging_mixin.py:190} INFO - [2025-01-11T20:17:42.698+0000] {dag.py:3239} INFO - Sync 3 DAGs
[2025-01-11T20:17:42.757+0000] {logging_mixin.py:190} INFO - [2025-01-11T20:17:42.749+0000] {dag.py:3262} INFO - Creating ORM DAG for example_branch_datetime_operator_3
[2025-01-11T20:17:42.758+0000] {logging_mixin.py:190} INFO - [2025-01-11T20:17:42.758+0000] {dag.py:3262} INFO - Creating ORM DAG for example_branch_datetime_operator_2
[2025-01-11T20:17:42.761+0000] {logging_mixin.py:190} INFO - [2025-01-11T20:17:42.760+0000] {dag.py:3262} INFO - Creating ORM DAG for example_branch_datetime_operator
[2025-01-11T20:17:42.796+0000] {logging_mixin.py:190} INFO - [2025-01-11T20:17:42.795+0000] {dag.py:4180} INFO - Setting next_dagrun for example_branch_datetime_operator to 2025-01-10 00:00:00+00:00, run_after=2025-01-11 00:00:00+00:00
[2025-01-11T20:17:42.857+0000] {logging_mixin.py:190} INFO - [2025-01-11T20:17:42.857+0000] {dag.py:4180} INFO - Setting next_dagrun for example_branch_datetime_operator_2 to 2025-01-10 00:00:00+00:00, run_after=2025-01-11 00:00:00+00:00
[2025-01-11T20:17:42.872+0000] {logging_mixin.py:190} INFO - [2025-01-11T20:17:42.872+0000] {dag.py:4180} INFO - Setting next_dagrun for example_branch_datetime_operator_3 to 2025-01-10 00:00:00+00:00, run_after=2025-01-11 00:00:00+00:00
[2025-01-11T20:17:43.076+0000] {processor.py:208} INFO - Processing /home/airflow/.local/lib/python3.12/site-packages/airflow/example_dags/example_branch_datetime_operator.py took 2.310 seconds
[2025-01-11T20:26:53.341+0000] {processor.py:186} INFO - Started process (PID=103) to work on /home/airflow/.local/lib/python3.12/site-packages/airflow/example_dags/example_branch_datetime_operator.py
[2025-01-11T20:26:53.343+0000] {processor.py:914} INFO - Processing file /home/airflow/.local/lib/python3.12/site-packages/airflow/example_dags/example_branch_datetime_operator.py for tasks to queue
[2025-01-11T20:26:53.352+0000] {logging_mixin.py:190} INFO - [2025-01-11T20:26:53.351+0000] {dagbag.py:588} INFO - Filling up the DagBag from /home/airflow/.local/lib/python3.12/site-packages/airflow/example_dags/example_branch_datetime_operator.py
[2025-01-11T20:26:53.376+0000] {processor.py:925} INFO - DAG(s) 'example_branch_datetime_operator', 'example_branch_datetime_operator_2', 'example_branch_datetime_operator_3' retrieved from /home/airflow/.local/lib/python3.12/site-packages/airflow/example_dags/example_branch_datetime_operator.py
[2025-01-11T20:26:53.437+0000] {logging_mixin.py:190} INFO - [2025-01-11T20:26:53.437+0000] {dag.py:3239} INFO - Sync 3 DAGs
[2025-01-11T20:26:53.482+0000] {logging_mixin.py:190} INFO - [2025-01-11T20:26:53.482+0000] {dag.py:4180} INFO - Setting next_dagrun for example_branch_datetime_operator to 2025-01-10 00:00:00+00:00, run_after=2025-01-11 00:00:00+00:00
[2025-01-11T20:26:53.490+0000] {logging_mixin.py:190} INFO - [2025-01-11T20:26:53.489+0000] {dag.py:4180} INFO - Setting next_dagrun for example_branch_datetime_operator_2 to 2025-01-10 00:00:00+00:00, run_after=2025-01-11 00:00:00+00:00
[2025-01-11T20:26:53.502+0000] {logging_mixin.py:190} INFO - [2025-01-11T20:26:53.501+0000] {dag.py:4180} INFO - Setting next_dagrun for example_branch_datetime_operator_3 to 2025-01-10 00:00:00+00:00, run_after=2025-01-11 00:00:00+00:00
[2025-01-11T20:26:53.532+0000] {processor.py:208} INFO - Processing /home/airflow/.local/lib/python3.12/site-packages/airflow/example_dags/example_branch_datetime_operator.py took 0.197 seconds
[2025-01-11T20:27:23.976+0000] {processor.py:186} INFO - Started process (PID=166) to work on /home/airflow/.local/lib/python3.12/site-packages/airflow/example_dags/example_branch_datetime_operator.py
[2025-01-11T20:27:23.977+0000] {processor.py:914} INFO - Processing file /home/airflow/.local/lib/python3.12/site-packages/airflow/example_dags/example_branch_datetime_operator.py for tasks to queue
[2025-01-11T20:27:23.980+0000] {logging_mixin.py:190} INFO - [2025-01-11T20:27:23.979+0000] {dagbag.py:588} INFO - Filling up the DagBag from /home/airflow/.local/lib/python3.12/site-packages/airflow/example_dags/example_branch_datetime_operator.py
[2025-01-11T20:27:23.993+0000] {processor.py:925} INFO - DAG(s) 'example_branch_datetime_operator_3', 'example_branch_datetime_operator', 'example_branch_datetime_operator_2' retrieved from /home/airflow/.local/lib/python3.12/site-packages/airflow/example_dags/example_branch_datetime_operator.py
[2025-01-11T20:27:24.024+0000] {logging_mixin.py:190} INFO - [2025-01-11T20:27:24.024+0000] {dag.py:3239} INFO - Sync 3 DAGs
[2025-01-11T20:27:24.051+0000] {logging_mixin.py:190} INFO - [2025-01-11T20:27:24.051+0000] {dag.py:4180} INFO - Setting next_dagrun for example_branch_datetime_operator to 2025-01-10 00:00:00+00:00, run_after=2025-01-11 00:00:00+00:00
[2025-01-11T20:27:24.056+0000] {logging_mixin.py:190} INFO - [2025-01-11T20:27:24.056+0000] {dag.py:4180} INFO - Setting next_dagrun for example_branch_datetime_operator_2 to 2025-01-10 00:00:00+00:00, run_after=2025-01-11 00:00:00+00:00
[2025-01-11T20:27:24.059+0000] {logging_mixin.py:190} INFO - [2025-01-11T20:27:24.059+0000] {dag.py:4180} INFO - Setting next_dagrun for example_branch_datetime_operator_3 to 2025-01-10 00:00:00+00:00, run_after=2025-01-11 00:00:00+00:00
[2025-01-11T20:27:24.081+0000] {processor.py:208} INFO - Processing /home/airflow/.local/lib/python3.12/site-packages/airflow/example_dags/example_branch_datetime_operator.py took 0.111 seconds
