[2025-01-11T20:17:39.137+0000] {processor.py:186} INFO - Started process (PID=129) to work on /home/airflow/.local/lib/python3.12/site-packages/airflow/example_dags/example_trigger_controller_dag.py
[2025-01-11T20:17:39.225+0000] {processor.py:914} INFO - Processing file /home/airflow/.local/lib/python3.12/site-packages/airflow/example_dags/example_trigger_controller_dag.py for tasks to queue
[2025-01-11T20:17:39.230+0000] {logging_mixin.py:190} INFO - [2025-01-11T20:17:39.230+0000] {dagbag.py:588} INFO - Filling up the DagBag from /home/airflow/.local/lib/python3.12/site-packages/airflow/example_dags/example_trigger_controller_dag.py
[2025-01-11T20:17:39.306+0000] {processor.py:925} INFO - DAG(s) 'example_trigger_controller_dag' retrieved from /home/airflow/.local/lib/python3.12/site-packages/airflow/example_dags/example_trigger_controller_dag.py
[2025-01-11T20:17:40.220+0000] {logging_mixin.py:190} INFO - [2025-01-11T20:17:40.220+0000] {override.py:1911} INFO - Created Permission View: can edit on DAG:example_trigger_controller_dag
[2025-01-11T20:17:40.327+0000] {logging_mixin.py:190} INFO - [2025-01-11T20:17:40.326+0000] {override.py:1911} INFO - Created Permission View: can delete on DAG:example_trigger_controller_dag
[2025-01-11T20:17:40.356+0000] {logging_mixin.py:190} INFO - [2025-01-11T20:17:40.354+0000] {override.py:1911} INFO - Created Permission View: can read on DAG:example_trigger_controller_dag
[2025-01-11T20:17:40.405+0000] {logging_mixin.py:190} INFO - [2025-01-11T20:17:40.405+0000] {override.py:1911} INFO - Created Permission View: menu access on DAG Run:example_trigger_controller_dag
[2025-01-11T20:17:40.418+0000] {logging_mixin.py:190} INFO - [2025-01-11T20:17:40.418+0000] {override.py:1911} INFO - Created Permission View: can create on DAG Run:example_trigger_controller_dag
[2025-01-11T20:17:40.439+0000] {logging_mixin.py:190} INFO - [2025-01-11T20:17:40.438+0000] {override.py:1911} INFO - Created Permission View: can delete on DAG Run:example_trigger_controller_dag
[2025-01-11T20:17:40.461+0000] {logging_mixin.py:190} INFO - [2025-01-11T20:17:40.461+0000] {override.py:1911} INFO - Created Permission View: can read on DAG Run:example_trigger_controller_dag
[2025-01-11T20:17:40.462+0000] {logging_mixin.py:190} INFO - [2025-01-11T20:17:40.462+0000] {dag.py:3239} INFO - Sync 1 DAGs
[2025-01-11T20:17:40.554+0000] {logging_mixin.py:190} INFO - [2025-01-11T20:17:40.554+0000] {dag.py:3262} INFO - Creating ORM DAG for example_trigger_controller_dag
[2025-01-11T20:17:40.603+0000] {logging_mixin.py:190} INFO - [2025-01-11T20:17:40.602+0000] {dag.py:4180} INFO - Setting next_dagrun for example_trigger_controller_dag to 2021-01-01 00:00:00+00:00, run_after=2021-01-01 00:00:00+00:00
[2025-01-11T20:17:40.638+0000] {processor.py:208} INFO - Processing /home/airflow/.local/lib/python3.12/site-packages/airflow/example_dags/example_trigger_controller_dag.py took 1.524 seconds
[2025-01-11T20:26:52.991+0000] {processor.py:186} INFO - Started process (PID=101) to work on /home/airflow/.local/lib/python3.12/site-packages/airflow/example_dags/example_trigger_controller_dag.py
[2025-01-11T20:26:52.993+0000] {processor.py:914} INFO - Processing file /home/airflow/.local/lib/python3.12/site-packages/airflow/example_dags/example_trigger_controller_dag.py for tasks to queue
[2025-01-11T20:26:53.007+0000] {logging_mixin.py:190} INFO - [2025-01-11T20:26:53.006+0000] {dagbag.py:588} INFO - Filling up the DagBag from /home/airflow/.local/lib/python3.12/site-packages/airflow/example_dags/example_trigger_controller_dag.py
[2025-01-11T20:26:53.024+0000] {processor.py:925} INFO - DAG(s) 'example_trigger_controller_dag' retrieved from /home/airflow/.local/lib/python3.12/site-packages/airflow/example_dags/example_trigger_controller_dag.py
[2025-01-11T20:26:53.087+0000] {logging_mixin.py:190} INFO - [2025-01-11T20:26:53.086+0000] {dag.py:3239} INFO - Sync 1 DAGs
[2025-01-11T20:26:53.152+0000] {logging_mixin.py:190} INFO - [2025-01-11T20:26:53.152+0000] {dag.py:4180} INFO - Setting next_dagrun for example_trigger_controller_dag to 2021-01-01 00:00:00+00:00, run_after=2021-01-01 00:00:00+00:00
[2025-01-11T20:26:53.238+0000] {processor.py:208} INFO - Processing /home/airflow/.local/lib/python3.12/site-packages/airflow/example_dags/example_trigger_controller_dag.py took 0.260 seconds
[2025-01-11T20:27:23.879+0000] {processor.py:186} INFO - Started process (PID=164) to work on /home/airflow/.local/lib/python3.12/site-packages/airflow/example_dags/example_trigger_controller_dag.py
[2025-01-11T20:27:23.880+0000] {processor.py:914} INFO - Processing file /home/airflow/.local/lib/python3.12/site-packages/airflow/example_dags/example_trigger_controller_dag.py for tasks to queue
[2025-01-11T20:27:23.883+0000] {logging_mixin.py:190} INFO - [2025-01-11T20:27:23.882+0000] {dagbag.py:588} INFO - Filling up the DagBag from /home/airflow/.local/lib/python3.12/site-packages/airflow/example_dags/example_trigger_controller_dag.py
[2025-01-11T20:27:23.890+0000] {processor.py:925} INFO - DAG(s) 'example_trigger_controller_dag' retrieved from /home/airflow/.local/lib/python3.12/site-packages/airflow/example_dags/example_trigger_controller_dag.py
[2025-01-11T20:27:23.906+0000] {logging_mixin.py:190} INFO - [2025-01-11T20:27:23.906+0000] {dag.py:3239} INFO - Sync 1 DAGs
[2025-01-11T20:27:23.930+0000] {logging_mixin.py:190} INFO - [2025-01-11T20:27:23.930+0000] {dag.py:4180} INFO - Setting next_dagrun for example_trigger_controller_dag to 2021-01-01 00:00:00+00:00, run_after=2021-01-01 00:00:00+00:00
[2025-01-11T20:27:23.947+0000] {processor.py:208} INFO - Processing /home/airflow/.local/lib/python3.12/site-packages/airflow/example_dags/example_trigger_controller_dag.py took 0.074 seconds
