[2025-01-11T20:16:11.898+0000] {processor.py:186} INFO - Started process (PID=75) to work on /home/airflow/.local/lib/python3.12/site-packages/airflow/example_dags/example_python_operator.py
[2025-01-11T20:16:11.899+0000] {processor.py:914} INFO - Processing file /home/airflow/.local/lib/python3.12/site-packages/airflow/example_dags/example_python_operator.py for tasks to queue
[2025-01-11T20:16:11.903+0000] {logging_mixin.py:190} INFO - [2025-01-11T20:16:11.903+0000] {dagbag.py:588} INFO - Filling up the DagBag from /home/airflow/.local/lib/python3.12/site-packages/airflow/example_dags/example_python_operator.py
[2025-01-11T20:16:11.975+0000] {processor.py:925} INFO - DAG(s) 'example_python_operator' retrieved from /home/airflow/.local/lib/python3.12/site-packages/airflow/example_dags/example_python_operator.py
[2025-01-11T20:16:15.363+0000] {logging_mixin.py:190} INFO - [2025-01-11T20:16:15.362+0000] {override.py:1911} INFO - Created Permission View: can edit on DAG:example_python_operator
[2025-01-11T20:16:15.396+0000] {logging_mixin.py:190} INFO - [2025-01-11T20:16:15.395+0000] {override.py:1911} INFO - Created Permission View: can delete on DAG:example_python_operator
[2025-01-11T20:16:15.416+0000] {logging_mixin.py:190} INFO - [2025-01-11T20:16:15.415+0000] {override.py:1911} INFO - Created Permission View: can read on DAG:example_python_operator
[2025-01-11T20:16:15.435+0000] {logging_mixin.py:190} INFO - [2025-01-11T20:16:15.435+0000] {override.py:1911} INFO - Created Permission View: menu access on DAG Run:example_python_operator
[2025-01-11T20:16:15.449+0000] {logging_mixin.py:190} INFO - [2025-01-11T20:16:15.448+0000] {override.py:1911} INFO - Created Permission View: can create on DAG Run:example_python_operator
[2025-01-11T20:16:15.503+0000] {logging_mixin.py:190} INFO - [2025-01-11T20:16:15.502+0000] {override.py:1911} INFO - Created Permission View: can delete on DAG Run:example_python_operator
[2025-01-11T20:16:15.535+0000] {logging_mixin.py:190} INFO - [2025-01-11T20:16:15.534+0000] {override.py:1911} INFO - Created Permission View: can read on DAG Run:example_python_operator
[2025-01-11T20:16:15.536+0000] {logging_mixin.py:190} INFO - [2025-01-11T20:16:15.535+0000] {dag.py:3239} INFO - Sync 1 DAGs
[2025-01-11T20:16:15.573+0000] {logging_mixin.py:190} INFO - [2025-01-11T20:16:15.573+0000] {dag.py:3262} INFO - Creating ORM DAG for example_python_operator
[2025-01-11T20:16:15.575+0000] {logging_mixin.py:190} INFO - [2025-01-11T20:16:15.575+0000] {dag.py:4180} INFO - Setting next_dagrun for example_python_operator to None, run_after=None
[2025-01-11T20:16:15.623+0000] {processor.py:208} INFO - Processing /home/airflow/.local/lib/python3.12/site-packages/airflow/example_dags/example_python_operator.py took 3.744 seconds
[2025-01-11T20:18:02.180+0000] {processor.py:186} INFO - Started process (PID=155) to work on /home/airflow/.local/lib/python3.12/site-packages/airflow/example_dags/example_python_operator.py
[2025-01-11T20:18:02.183+0000] {processor.py:914} INFO - Processing file /home/airflow/.local/lib/python3.12/site-packages/airflow/example_dags/example_python_operator.py for tasks to queue
[2025-01-11T20:18:02.197+0000] {logging_mixin.py:190} INFO - [2025-01-11T20:18:02.196+0000] {dagbag.py:588} INFO - Filling up the DagBag from /home/airflow/.local/lib/python3.12/site-packages/airflow/example_dags/example_python_operator.py
[2025-01-11T20:18:02.293+0000] {processor.py:925} INFO - DAG(s) 'example_python_operator' retrieved from /home/airflow/.local/lib/python3.12/site-packages/airflow/example_dags/example_python_operator.py
[2025-01-11T20:18:02.364+0000] {logging_mixin.py:190} INFO - [2025-01-11T20:18:02.364+0000] {dag.py:3239} INFO - Sync 1 DAGs
[2025-01-11T20:18:02.429+0000] {logging_mixin.py:190} INFO - [2025-01-11T20:18:02.429+0000] {dag.py:4180} INFO - Setting next_dagrun for example_python_operator to None, run_after=None
[2025-01-11T20:26:33.005+0000] {processor.py:186} INFO - Started process (PID=65) to work on /home/airflow/.local/lib/python3.12/site-packages/airflow/example_dags/example_python_operator.py
[2025-01-11T20:26:33.017+0000] {processor.py:914} INFO - Processing file /home/airflow/.local/lib/python3.12/site-packages/airflow/example_dags/example_python_operator.py for tasks to queue
[2025-01-11T20:26:33.034+0000] {logging_mixin.py:190} INFO - [2025-01-11T20:26:33.034+0000] {dagbag.py:588} INFO - Filling up the DagBag from /home/airflow/.local/lib/python3.12/site-packages/airflow/example_dags/example_python_operator.py
[2025-01-11T20:26:33.247+0000] {processor.py:925} INFO - DAG(s) 'example_python_operator' retrieved from /home/airflow/.local/lib/python3.12/site-packages/airflow/example_dags/example_python_operator.py
[2025-01-11T20:26:34.130+0000] {logging_mixin.py:190} INFO - [2025-01-11T20:26:34.129+0000] {dag.py:3239} INFO - Sync 1 DAGs
[2025-01-11T20:26:34.181+0000] {logging_mixin.py:190} INFO - [2025-01-11T20:26:34.181+0000] {dag.py:4180} INFO - Setting next_dagrun for example_python_operator to None, run_after=None
[2025-01-11T20:26:34.327+0000] {processor.py:208} INFO - Processing /home/airflow/.local/lib/python3.12/site-packages/airflow/example_dags/example_python_operator.py took 1.347 seconds
[2025-01-11T20:27:04.424+0000] {processor.py:186} INFO - Started process (PID=130) to work on /home/airflow/.local/lib/python3.12/site-packages/airflow/example_dags/example_python_operator.py
[2025-01-11T20:27:04.426+0000] {processor.py:914} INFO - Processing file /home/airflow/.local/lib/python3.12/site-packages/airflow/example_dags/example_python_operator.py for tasks to queue
[2025-01-11T20:27:04.428+0000] {logging_mixin.py:190} INFO - [2025-01-11T20:27:04.428+0000] {dagbag.py:588} INFO - Filling up the DagBag from /home/airflow/.local/lib/python3.12/site-packages/airflow/example_dags/example_python_operator.py
[2025-01-11T20:27:04.441+0000] {processor.py:925} INFO - DAG(s) 'example_python_operator' retrieved from /home/airflow/.local/lib/python3.12/site-packages/airflow/example_dags/example_python_operator.py
[2025-01-11T20:27:04.461+0000] {logging_mixin.py:190} INFO - [2025-01-11T20:27:04.461+0000] {dag.py:3239} INFO - Sync 1 DAGs
[2025-01-11T20:27:04.476+0000] {logging_mixin.py:190} INFO - [2025-01-11T20:27:04.475+0000] {dag.py:4180} INFO - Setting next_dagrun for example_python_operator to None, run_after=None
[2025-01-11T20:27:04.492+0000] {processor.py:208} INFO - Processing /home/airflow/.local/lib/python3.12/site-packages/airflow/example_dags/example_python_operator.py took 0.072 seconds
[2025-01-11T20:27:34.910+0000] {processor.py:186} INFO - Started process (PID=191) to work on /home/airflow/.local/lib/python3.12/site-packages/airflow/example_dags/example_python_operator.py
[2025-01-11T20:27:34.913+0000] {processor.py:914} INFO - Processing file /home/airflow/.local/lib/python3.12/site-packages/airflow/example_dags/example_python_operator.py for tasks to queue
[2025-01-11T20:27:34.925+0000] {logging_mixin.py:190} INFO - [2025-01-11T20:27:34.924+0000] {dagbag.py:588} INFO - Filling up the DagBag from /home/airflow/.local/lib/python3.12/site-packages/airflow/example_dags/example_python_operator.py
[2025-01-11T20:27:34.969+0000] {processor.py:925} INFO - DAG(s) 'example_python_operator' retrieved from /home/airflow/.local/lib/python3.12/site-packages/airflow/example_dags/example_python_operator.py
[2025-01-11T20:27:35.006+0000] {logging_mixin.py:190} INFO - [2025-01-11T20:27:35.005+0000] {dag.py:3239} INFO - Sync 1 DAGs
[2025-01-11T20:27:35.057+0000] {logging_mixin.py:190} INFO - [2025-01-11T20:27:35.056+0000] {dag.py:4180} INFO - Setting next_dagrun for example_python_operator to None, run_after=None
[2025-01-11T20:27:35.099+0000] {processor.py:208} INFO - Processing /home/airflow/.local/lib/python3.12/site-packages/airflow/example_dags/example_python_operator.py took 0.208 seconds
