[2025-01-11T20:16:15.864+0000] {processor.py:186} INFO - Started process (PID=78) to work on /home/airflow/.local/lib/python3.12/site-packages/airflow/example_dags/example_branch_labels.py
[2025-01-11T20:16:15.869+0000] {processor.py:914} INFO - Processing file /home/airflow/.local/lib/python3.12/site-packages/airflow/example_dags/example_branch_labels.py for tasks to queue
[2025-01-11T20:16:15.885+0000] {logging_mixin.py:190} INFO - [2025-01-11T20:16:15.885+0000] {dagbag.py:588} INFO - Filling up the DagBag from /home/airflow/.local/lib/python3.12/site-packages/airflow/example_dags/example_branch_labels.py
[2025-01-11T20:16:15.925+0000] {processor.py:925} INFO - DAG(s) 'example_branch_labels' retrieved from /home/airflow/.local/lib/python3.12/site-packages/airflow/example_dags/example_branch_labels.py
[2025-01-11T20:16:16.540+0000] {logging_mixin.py:190} INFO - [2025-01-11T20:16:16.538+0000] {override.py:1911} INFO - Created Permission View: can edit on DAG:example_branch_labels
[2025-01-11T20:16:16.577+0000] {logging_mixin.py:190} INFO - [2025-01-11T20:16:16.576+0000] {override.py:1911} INFO - Created Permission View: can delete on DAG:example_branch_labels
[2025-01-11T20:16:16.596+0000] {logging_mixin.py:190} INFO - [2025-01-11T20:16:16.595+0000] {override.py:1911} INFO - Created Permission View: can read on DAG:example_branch_labels
[2025-01-11T20:16:16.642+0000] {logging_mixin.py:190} INFO - [2025-01-11T20:16:16.640+0000] {override.py:1911} INFO - Created Permission View: menu access on DAG Run:example_branch_labels
[2025-01-11T20:16:16.651+0000] {logging_mixin.py:190} INFO - [2025-01-11T20:16:16.651+0000] {override.py:1911} INFO - Created Permission View: can create on DAG Run:example_branch_labels
[2025-01-11T20:16:16.669+0000] {logging_mixin.py:190} INFO - [2025-01-11T20:16:16.668+0000] {override.py:1911} INFO - Created Permission View: can delete on DAG Run:example_branch_labels
[2025-01-11T20:16:16.683+0000] {logging_mixin.py:190} INFO - [2025-01-11T20:16:16.683+0000] {override.py:1911} INFO - Created Permission View: can read on DAG Run:example_branch_labels
[2025-01-11T20:16:16.692+0000] {logging_mixin.py:190} INFO - [2025-01-11T20:16:16.686+0000] {dag.py:3239} INFO - Sync 1 DAGs
[2025-01-11T20:16:16.876+0000] {logging_mixin.py:190} INFO - [2025-01-11T20:16:16.875+0000] {dag.py:3262} INFO - Creating ORM DAG for example_branch_labels
[2025-01-11T20:16:17.128+0000] {logging_mixin.py:190} INFO - [2025-01-11T20:16:17.127+0000] {dag.py:4180} INFO - Setting next_dagrun for example_branch_labels to 2025-01-10 00:00:00+00:00, run_after=2025-01-11 00:00:00+00:00
[2025-01-11T20:16:17.528+0000] {processor.py:208} INFO - Processing /home/airflow/.local/lib/python3.12/site-packages/airflow/example_dags/example_branch_labels.py took 1.680 seconds
[2025-01-11T20:26:34.053+0000] {processor.py:186} INFO - Started process (PID=68) to work on /home/airflow/.local/lib/python3.12/site-packages/airflow/example_dags/example_branch_labels.py
[2025-01-11T20:26:34.060+0000] {processor.py:914} INFO - Processing file /home/airflow/.local/lib/python3.12/site-packages/airflow/example_dags/example_branch_labels.py for tasks to queue
[2025-01-11T20:26:34.066+0000] {logging_mixin.py:190} INFO - [2025-01-11T20:26:34.065+0000] {dagbag.py:588} INFO - Filling up the DagBag from /home/airflow/.local/lib/python3.12/site-packages/airflow/example_dags/example_branch_labels.py
[2025-01-11T20:26:34.110+0000] {processor.py:925} INFO - DAG(s) 'example_branch_labels' retrieved from /home/airflow/.local/lib/python3.12/site-packages/airflow/example_dags/example_branch_labels.py
[2025-01-11T20:26:34.250+0000] {logging_mixin.py:190} INFO - [2025-01-11T20:26:34.249+0000] {dag.py:3239} INFO - Sync 1 DAGs
[2025-01-11T20:26:34.368+0000] {logging_mixin.py:190} INFO - [2025-01-11T20:26:34.368+0000] {dag.py:4180} INFO - Setting next_dagrun for example_branch_labels to 2025-01-10 00:00:00+00:00, run_after=2025-01-11 00:00:00+00:00
[2025-01-11T20:26:34.459+0000] {processor.py:208} INFO - Processing /home/airflow/.local/lib/python3.12/site-packages/airflow/example_dags/example_branch_labels.py took 0.433 seconds
[2025-01-11T20:27:04.532+0000] {processor.py:186} INFO - Started process (PID=131) to work on /home/airflow/.local/lib/python3.12/site-packages/airflow/example_dags/example_branch_labels.py
[2025-01-11T20:27:04.533+0000] {processor.py:914} INFO - Processing file /home/airflow/.local/lib/python3.12/site-packages/airflow/example_dags/example_branch_labels.py for tasks to queue
[2025-01-11T20:27:04.536+0000] {logging_mixin.py:190} INFO - [2025-01-11T20:27:04.536+0000] {dagbag.py:588} INFO - Filling up the DagBag from /home/airflow/.local/lib/python3.12/site-packages/airflow/example_dags/example_branch_labels.py
[2025-01-11T20:27:04.549+0000] {processor.py:925} INFO - DAG(s) 'example_branch_labels' retrieved from /home/airflow/.local/lib/python3.12/site-packages/airflow/example_dags/example_branch_labels.py
[2025-01-11T20:27:04.572+0000] {logging_mixin.py:190} INFO - [2025-01-11T20:27:04.572+0000] {dag.py:3239} INFO - Sync 1 DAGs
[2025-01-11T20:27:04.598+0000] {logging_mixin.py:190} INFO - [2025-01-11T20:27:04.598+0000] {dag.py:4180} INFO - Setting next_dagrun for example_branch_labels to 2025-01-10 00:00:00+00:00, run_after=2025-01-11 00:00:00+00:00
[2025-01-11T20:27:04.620+0000] {processor.py:208} INFO - Processing /home/airflow/.local/lib/python3.12/site-packages/airflow/example_dags/example_branch_labels.py took 0.097 seconds
[2025-01-11T20:27:35.371+0000] {processor.py:186} INFO - Started process (PID=194) to work on /home/airflow/.local/lib/python3.12/site-packages/airflow/example_dags/example_branch_labels.py
[2025-01-11T20:27:35.374+0000] {processor.py:914} INFO - Processing file /home/airflow/.local/lib/python3.12/site-packages/airflow/example_dags/example_branch_labels.py for tasks to queue
[2025-01-11T20:27:35.377+0000] {logging_mixin.py:190} INFO - [2025-01-11T20:27:35.376+0000] {dagbag.py:588} INFO - Filling up the DagBag from /home/airflow/.local/lib/python3.12/site-packages/airflow/example_dags/example_branch_labels.py
[2025-01-11T20:27:35.388+0000] {processor.py:925} INFO - DAG(s) 'example_branch_labels' retrieved from /home/airflow/.local/lib/python3.12/site-packages/airflow/example_dags/example_branch_labels.py
[2025-01-11T20:27:35.411+0000] {logging_mixin.py:190} INFO - [2025-01-11T20:27:35.411+0000] {dag.py:3239} INFO - Sync 1 DAGs
[2025-01-11T20:27:35.433+0000] {logging_mixin.py:190} INFO - [2025-01-11T20:27:35.433+0000] {dag.py:4180} INFO - Setting next_dagrun for example_branch_labels to 2025-01-10 00:00:00+00:00, run_after=2025-01-11 00:00:00+00:00
[2025-01-11T20:27:35.455+0000] {processor.py:208} INFO - Processing /home/airflow/.local/lib/python3.12/site-packages/airflow/example_dags/example_branch_labels.py took 0.089 seconds
