[2025-01-11T20:17:48.078+0000] {processor.py:186} INFO - Started process (PID=139) to work on /home/airflow/.local/lib/python3.12/site-packages/airflow/example_dags/example_dag_decorator.py
[2025-01-11T20:17:48.109+0000] {processor.py:914} INFO - Processing file /home/airflow/.local/lib/python3.12/site-packages/airflow/example_dags/example_dag_decorator.py for tasks to queue
[2025-01-11T20:17:48.160+0000] {logging_mixin.py:190} INFO - [2025-01-11T20:17:48.157+0000] {dagbag.py:588} INFO - Filling up the DagBag from /home/airflow/.local/lib/python3.12/site-packages/airflow/example_dags/example_dag_decorator.py
[2025-01-11T20:17:48.460+0000] {processor.py:925} INFO - DAG(s) 'example_dag_decorator' retrieved from /home/airflow/.local/lib/python3.12/site-packages/airflow/example_dags/example_dag_decorator.py
[2025-01-11T20:17:49.124+0000] {logging_mixin.py:190} INFO - [2025-01-11T20:17:49.123+0000] {override.py:1911} INFO - Created Permission View: can edit on DAG:example_dag_decorator
[2025-01-11T20:17:49.151+0000] {logging_mixin.py:190} INFO - [2025-01-11T20:17:49.151+0000] {override.py:1911} INFO - Created Permission View: can delete on DAG:example_dag_decorator
[2025-01-11T20:17:49.163+0000] {logging_mixin.py:190} INFO - [2025-01-11T20:17:49.163+0000] {override.py:1911} INFO - Created Permission View: can read on DAG:example_dag_decorator
[2025-01-11T20:17:49.177+0000] {logging_mixin.py:190} INFO - [2025-01-11T20:17:49.176+0000] {override.py:1911} INFO - Created Permission View: menu access on DAG Run:example_dag_decorator
[2025-01-11T20:17:49.206+0000] {logging_mixin.py:190} INFO - [2025-01-11T20:17:49.206+0000] {override.py:1911} INFO - Created Permission View: can create on DAG Run:example_dag_decorator
[2025-01-11T20:17:49.243+0000] {logging_mixin.py:190} INFO - [2025-01-11T20:17:49.243+0000] {override.py:1911} INFO - Created Permission View: can delete on DAG Run:example_dag_decorator
[2025-01-11T20:17:49.282+0000] {logging_mixin.py:190} INFO - [2025-01-11T20:17:49.282+0000] {override.py:1911} INFO - Created Permission View: can read on DAG Run:example_dag_decorator
[2025-01-11T20:17:49.286+0000] {logging_mixin.py:190} INFO - [2025-01-11T20:17:49.285+0000] {dag.py:3239} INFO - Sync 1 DAGs
[2025-01-11T20:17:49.364+0000] {logging_mixin.py:190} INFO - [2025-01-11T20:17:49.363+0000] {dag.py:3262} INFO - Creating ORM DAG for example_dag_decorator
[2025-01-11T20:17:49.367+0000] {logging_mixin.py:190} INFO - [2025-01-11T20:17:49.367+0000] {dag.py:4180} INFO - Setting next_dagrun for example_dag_decorator to None, run_after=None
[2025-01-11T20:17:49.419+0000] {processor.py:208} INFO - Processing /home/airflow/.local/lib/python3.12/site-packages/airflow/example_dags/example_dag_decorator.py took 1.465 seconds
[2025-01-11T20:26:54.506+0000] {processor.py:186} INFO - Started process (PID=111) to work on /home/airflow/.local/lib/python3.12/site-packages/airflow/example_dags/example_dag_decorator.py
[2025-01-11T20:26:54.514+0000] {processor.py:914} INFO - Processing file /home/airflow/.local/lib/python3.12/site-packages/airflow/example_dags/example_dag_decorator.py for tasks to queue
[2025-01-11T20:26:54.525+0000] {logging_mixin.py:190} INFO - [2025-01-11T20:26:54.524+0000] {dagbag.py:588} INFO - Filling up the DagBag from /home/airflow/.local/lib/python3.12/site-packages/airflow/example_dags/example_dag_decorator.py
[2025-01-11T20:26:54.561+0000] {processor.py:925} INFO - DAG(s) 'example_dag_decorator' retrieved from /home/airflow/.local/lib/python3.12/site-packages/airflow/example_dags/example_dag_decorator.py
[2025-01-11T20:26:54.799+0000] {logging_mixin.py:190} INFO - [2025-01-11T20:26:54.799+0000] {dag.py:3239} INFO - Sync 1 DAGs
[2025-01-11T20:26:54.822+0000] {logging_mixin.py:190} INFO - [2025-01-11T20:26:54.821+0000] {dag.py:4180} INFO - Setting next_dagrun for example_dag_decorator to None, run_after=None
[2025-01-11T20:26:54.850+0000] {processor.py:208} INFO - Processing /home/airflow/.local/lib/python3.12/site-packages/airflow/example_dags/example_dag_decorator.py took 0.360 seconds
[2025-01-11T20:27:25.647+0000] {processor.py:186} INFO - Started process (PID=174) to work on /home/airflow/.local/lib/python3.12/site-packages/airflow/example_dags/example_dag_decorator.py
[2025-01-11T20:27:25.649+0000] {processor.py:914} INFO - Processing file /home/airflow/.local/lib/python3.12/site-packages/airflow/example_dags/example_dag_decorator.py for tasks to queue
[2025-01-11T20:27:25.651+0000] {logging_mixin.py:190} INFO - [2025-01-11T20:27:25.651+0000] {dagbag.py:588} INFO - Filling up the DagBag from /home/airflow/.local/lib/python3.12/site-packages/airflow/example_dags/example_dag_decorator.py
[2025-01-11T20:27:25.665+0000] {processor.py:925} INFO - DAG(s) 'example_dag_decorator' retrieved from /home/airflow/.local/lib/python3.12/site-packages/airflow/example_dags/example_dag_decorator.py
[2025-01-11T20:27:25.770+0000] {logging_mixin.py:190} INFO - [2025-01-11T20:27:25.770+0000] {dag.py:3239} INFO - Sync 1 DAGs
[2025-01-11T20:27:25.781+0000] {logging_mixin.py:190} INFO - [2025-01-11T20:27:25.781+0000] {dag.py:4180} INFO - Setting next_dagrun for example_dag_decorator to None, run_after=None
[2025-01-11T20:27:25.800+0000] {processor.py:208} INFO - Processing /home/airflow/.local/lib/python3.12/site-packages/airflow/example_dags/example_dag_decorator.py took 0.159 seconds
