[2025-01-11T20:17:35.894+0000] {processor.py:186} INFO - Started process (PID=126) to work on /home/airflow/.local/lib/python3.12/site-packages/airflow/example_dags/example_branch_day_of_week_operator.py
[2025-01-11T20:17:35.895+0000] {processor.py:914} INFO - Processing file /home/airflow/.local/lib/python3.12/site-packages/airflow/example_dags/example_branch_day_of_week_operator.py for tasks to queue
[2025-01-11T20:17:35.906+0000] {logging_mixin.py:190} INFO - [2025-01-11T20:17:35.905+0000] {dagbag.py:588} INFO - Filling up the DagBag from /home/airflow/.local/lib/python3.12/site-packages/airflow/example_dags/example_branch_day_of_week_operator.py
[2025-01-11T20:17:35.933+0000] {processor.py:925} INFO - DAG(s) 'example_weekday_branch_operator' retrieved from /home/airflow/.local/lib/python3.12/site-packages/airflow/example_dags/example_branch_day_of_week_operator.py
[2025-01-11T20:17:36.254+0000] {logging_mixin.py:190} INFO - [2025-01-11T20:17:36.253+0000] {override.py:1911} INFO - Created Permission View: can edit on DAG:example_weekday_branch_operator
[2025-01-11T20:17:36.312+0000] {logging_mixin.py:190} INFO - [2025-01-11T20:17:36.311+0000] {override.py:1911} INFO - Created Permission View: can delete on DAG:example_weekday_branch_operator
[2025-01-11T20:17:36.337+0000] {logging_mixin.py:190} INFO - [2025-01-11T20:17:36.337+0000] {override.py:1911} INFO - Created Permission View: can read on DAG:example_weekday_branch_operator
[2025-01-11T20:17:36.360+0000] {logging_mixin.py:190} INFO - [2025-01-11T20:17:36.359+0000] {override.py:1911} INFO - Created Permission View: menu access on DAG Run:example_weekday_branch_operator
[2025-01-11T20:17:36.403+0000] {logging_mixin.py:190} INFO - [2025-01-11T20:17:36.403+0000] {override.py:1911} INFO - Created Permission View: can create on DAG Run:example_weekday_branch_operator
[2025-01-11T20:17:36.454+0000] {logging_mixin.py:190} INFO - [2025-01-11T20:17:36.453+0000] {override.py:1911} INFO - Created Permission View: can delete on DAG Run:example_weekday_branch_operator
[2025-01-11T20:17:36.476+0000] {logging_mixin.py:190} INFO - [2025-01-11T20:17:36.476+0000] {override.py:1911} INFO - Created Permission View: can read on DAG Run:example_weekday_branch_operator
[2025-01-11T20:17:36.477+0000] {logging_mixin.py:190} INFO - [2025-01-11T20:17:36.477+0000] {dag.py:3239} INFO - Sync 1 DAGs
[2025-01-11T20:17:36.558+0000] {logging_mixin.py:190} INFO - [2025-01-11T20:17:36.558+0000] {dag.py:3262} INFO - Creating ORM DAG for example_weekday_branch_operator
[2025-01-11T20:17:36.599+0000] {logging_mixin.py:190} INFO - [2025-01-11T20:17:36.598+0000] {dag.py:4180} INFO - Setting next_dagrun for example_weekday_branch_operator to 2025-01-10 00:00:00+00:00, run_after=2025-01-11 00:00:00+00:00
[2025-01-11T20:17:36.692+0000] {processor.py:208} INFO - Processing /home/airflow/.local/lib/python3.12/site-packages/airflow/example_dags/example_branch_day_of_week_operator.py took 0.810 seconds
[2025-01-11T20:26:52.222+0000] {processor.py:186} INFO - Started process (PID=98) to work on /home/airflow/.local/lib/python3.12/site-packages/airflow/example_dags/example_branch_day_of_week_operator.py
[2025-01-11T20:26:52.225+0000] {processor.py:914} INFO - Processing file /home/airflow/.local/lib/python3.12/site-packages/airflow/example_dags/example_branch_day_of_week_operator.py for tasks to queue
[2025-01-11T20:26:52.240+0000] {logging_mixin.py:190} INFO - [2025-01-11T20:26:52.240+0000] {dagbag.py:588} INFO - Filling up the DagBag from /home/airflow/.local/lib/python3.12/site-packages/airflow/example_dags/example_branch_day_of_week_operator.py
[2025-01-11T20:26:52.286+0000] {processor.py:925} INFO - DAG(s) 'example_weekday_branch_operator' retrieved from /home/airflow/.local/lib/python3.12/site-packages/airflow/example_dags/example_branch_day_of_week_operator.py
[2025-01-11T20:26:52.471+0000] {logging_mixin.py:190} INFO - [2025-01-11T20:26:52.470+0000] {dag.py:3239} INFO - Sync 1 DAGs
[2025-01-11T20:26:52.592+0000] {logging_mixin.py:190} INFO - [2025-01-11T20:26:52.592+0000] {dag.py:4180} INFO - Setting next_dagrun for example_weekday_branch_operator to 2025-01-10 00:00:00+00:00, run_after=2025-01-11 00:00:00+00:00
[2025-01-11T20:26:52.684+0000] {processor.py:208} INFO - Processing /home/airflow/.local/lib/python3.12/site-packages/airflow/example_dags/example_branch_day_of_week_operator.py took 0.480 seconds
[2025-01-11T20:27:22.752+0000] {processor.py:186} INFO - Started process (PID=161) to work on /home/airflow/.local/lib/python3.12/site-packages/airflow/example_dags/example_branch_day_of_week_operator.py
[2025-01-11T20:27:22.753+0000] {processor.py:914} INFO - Processing file /home/airflow/.local/lib/python3.12/site-packages/airflow/example_dags/example_branch_day_of_week_operator.py for tasks to queue
[2025-01-11T20:27:22.756+0000] {logging_mixin.py:190} INFO - [2025-01-11T20:27:22.755+0000] {dagbag.py:588} INFO - Filling up the DagBag from /home/airflow/.local/lib/python3.12/site-packages/airflow/example_dags/example_branch_day_of_week_operator.py
[2025-01-11T20:27:22.767+0000] {processor.py:925} INFO - DAG(s) 'example_weekday_branch_operator' retrieved from /home/airflow/.local/lib/python3.12/site-packages/airflow/example_dags/example_branch_day_of_week_operator.py
[2025-01-11T20:27:22.788+0000] {logging_mixin.py:190} INFO - [2025-01-11T20:27:22.788+0000] {dag.py:3239} INFO - Sync 1 DAGs
[2025-01-11T20:27:22.810+0000] {logging_mixin.py:190} INFO - [2025-01-11T20:27:22.810+0000] {dag.py:4180} INFO - Setting next_dagrun for example_weekday_branch_operator to 2025-01-10 00:00:00+00:00, run_after=2025-01-11 00:00:00+00:00
[2025-01-11T20:27:22.827+0000] {processor.py:208} INFO - Processing /home/airflow/.local/lib/python3.12/site-packages/airflow/example_dags/example_branch_day_of_week_operator.py took 0.081 seconds
