[2025-01-11T20:17:31.733+0000] {processor.py:186} INFO - Started process (PID=118) to work on /home/airflow/.local/lib/python3.12/site-packages/airflow/example_dags/example_dynamic_task_mapping.py
[2025-01-11T20:17:31.734+0000] {processor.py:914} INFO - Processing file /home/airflow/.local/lib/python3.12/site-packages/airflow/example_dags/example_dynamic_task_mapping.py for tasks to queue
[2025-01-11T20:17:31.741+0000] {logging_mixin.py:190} INFO - [2025-01-11T20:17:31.740+0000] {dagbag.py:588} INFO - Filling up the DagBag from /home/airflow/.local/lib/python3.12/site-packages/airflow/example_dags/example_dynamic_task_mapping.py
[2025-01-11T20:17:31.762+0000] {processor.py:925} INFO - DAG(s) 'example_dynamic_task_mapping' retrieved from /home/airflow/.local/lib/python3.12/site-packages/airflow/example_dags/example_dynamic_task_mapping.py
[2025-01-11T20:17:32.076+0000] {logging_mixin.py:190} INFO - [2025-01-11T20:17:32.072+0000] {override.py:1911} INFO - Created Permission View: can edit on DAG:example_dynamic_task_mapping
[2025-01-11T20:17:32.140+0000] {logging_mixin.py:190} INFO - [2025-01-11T20:17:32.137+0000] {override.py:1911} INFO - Created Permission View: can delete on DAG:example_dynamic_task_mapping
[2025-01-11T20:17:32.167+0000] {logging_mixin.py:190} INFO - [2025-01-11T20:17:32.167+0000] {override.py:1911} INFO - Created Permission View: can read on DAG:example_dynamic_task_mapping
[2025-01-11T20:17:32.191+0000] {logging_mixin.py:190} INFO - [2025-01-11T20:17:32.191+0000] {override.py:1911} INFO - Created Permission View: menu access on DAG Run:example_dynamic_task_mapping
[2025-01-11T20:17:32.213+0000] {logging_mixin.py:190} INFO - [2025-01-11T20:17:32.213+0000] {override.py:1911} INFO - Created Permission View: can create on DAG Run:example_dynamic_task_mapping
[2025-01-11T20:17:32.268+0000] {logging_mixin.py:190} INFO - [2025-01-11T20:17:32.267+0000] {override.py:1911} INFO - Created Permission View: can delete on DAG Run:example_dynamic_task_mapping
[2025-01-11T20:17:32.302+0000] {logging_mixin.py:190} INFO - [2025-01-11T20:17:32.301+0000] {override.py:1911} INFO - Created Permission View: can read on DAG Run:example_dynamic_task_mapping
[2025-01-11T20:17:32.304+0000] {logging_mixin.py:190} INFO - [2025-01-11T20:17:32.303+0000] {dag.py:3239} INFO - Sync 1 DAGs
[2025-01-11T20:17:32.361+0000] {logging_mixin.py:190} INFO - [2025-01-11T20:17:32.360+0000] {dag.py:3262} INFO - Creating ORM DAG for example_dynamic_task_mapping
[2025-01-11T20:17:32.368+0000] {logging_mixin.py:190} INFO - [2025-01-11T20:17:32.367+0000] {dag.py:4180} INFO - Setting next_dagrun for example_dynamic_task_mapping to None, run_after=None
[2025-01-11T20:17:32.417+0000] {processor.py:208} INFO - Processing /home/airflow/.local/lib/python3.12/site-packages/airflow/example_dags/example_dynamic_task_mapping.py took 0.698 seconds
[2025-01-11T20:26:50.845+0000] {processor.py:186} INFO - Started process (PID=90) to work on /home/airflow/.local/lib/python3.12/site-packages/airflow/example_dags/example_dynamic_task_mapping.py
[2025-01-11T20:26:50.847+0000] {processor.py:914} INFO - Processing file /home/airflow/.local/lib/python3.12/site-packages/airflow/example_dags/example_dynamic_task_mapping.py for tasks to queue
[2025-01-11T20:26:50.850+0000] {logging_mixin.py:190} INFO - [2025-01-11T20:26:50.849+0000] {dagbag.py:588} INFO - Filling up the DagBag from /home/airflow/.local/lib/python3.12/site-packages/airflow/example_dags/example_dynamic_task_mapping.py
[2025-01-11T20:26:50.859+0000] {processor.py:925} INFO - DAG(s) 'example_dynamic_task_mapping' retrieved from /home/airflow/.local/lib/python3.12/site-packages/airflow/example_dags/example_dynamic_task_mapping.py
[2025-01-11T20:26:50.904+0000] {logging_mixin.py:190} INFO - [2025-01-11T20:26:50.904+0000] {dag.py:3239} INFO - Sync 1 DAGs
[2025-01-11T20:26:50.926+0000] {logging_mixin.py:190} INFO - [2025-01-11T20:26:50.926+0000] {dag.py:4180} INFO - Setting next_dagrun for example_dynamic_task_mapping to None, run_after=None
[2025-01-11T20:26:50.955+0000] {processor.py:208} INFO - Processing /home/airflow/.local/lib/python3.12/site-packages/airflow/example_dags/example_dynamic_task_mapping.py took 0.117 seconds
[2025-01-11T20:27:21.111+0000] {processor.py:186} INFO - Started process (PID=153) to work on /home/airflow/.local/lib/python3.12/site-packages/airflow/example_dags/example_dynamic_task_mapping.py
[2025-01-11T20:27:21.113+0000] {processor.py:914} INFO - Processing file /home/airflow/.local/lib/python3.12/site-packages/airflow/example_dags/example_dynamic_task_mapping.py for tasks to queue
[2025-01-11T20:27:21.118+0000] {logging_mixin.py:190} INFO - [2025-01-11T20:27:21.118+0000] {dagbag.py:588} INFO - Filling up the DagBag from /home/airflow/.local/lib/python3.12/site-packages/airflow/example_dags/example_dynamic_task_mapping.py
[2025-01-11T20:27:21.133+0000] {processor.py:925} INFO - DAG(s) 'example_dynamic_task_mapping' retrieved from /home/airflow/.local/lib/python3.12/site-packages/airflow/example_dags/example_dynamic_task_mapping.py
[2025-01-11T20:27:21.155+0000] {logging_mixin.py:190} INFO - [2025-01-11T20:27:21.154+0000] {dag.py:3239} INFO - Sync 1 DAGs
[2025-01-11T20:27:21.184+0000] {logging_mixin.py:190} INFO - [2025-01-11T20:27:21.183+0000] {dag.py:4180} INFO - Setting next_dagrun for example_dynamic_task_mapping to None, run_after=None
[2025-01-11T20:27:21.208+0000] {processor.py:208} INFO - Processing /home/airflow/.local/lib/python3.12/site-packages/airflow/example_dags/example_dynamic_task_mapping.py took 0.103 seconds
