[2025-01-11T20:17:35.092+0000] {processor.py:186} INFO - Started process (PID=124) to work on /home/airflow/.local/lib/python3.12/site-packages/airflow/example_dags/example_task_group.py
[2025-01-11T20:17:35.098+0000] {processor.py:914} INFO - Processing file /home/airflow/.local/lib/python3.12/site-packages/airflow/example_dags/example_task_group.py for tasks to queue
[2025-01-11T20:17:35.117+0000] {logging_mixin.py:190} INFO - [2025-01-11T20:17:35.116+0000] {dagbag.py:588} INFO - Filling up the DagBag from /home/airflow/.local/lib/python3.12/site-packages/airflow/example_dags/example_task_group.py
[2025-01-11T20:17:35.156+0000] {processor.py:925} INFO - DAG(s) 'example_task_group' retrieved from /home/airflow/.local/lib/python3.12/site-packages/airflow/example_dags/example_task_group.py
[2025-01-11T20:17:35.521+0000] {logging_mixin.py:190} INFO - [2025-01-11T20:17:35.520+0000] {override.py:1911} INFO - Created Permission View: can edit on DAG:example_task_group
[2025-01-11T20:17:35.547+0000] {logging_mixin.py:190} INFO - [2025-01-11T20:17:35.547+0000] {override.py:1911} INFO - Created Permission View: can delete on DAG:example_task_group
[2025-01-11T20:17:35.575+0000] {logging_mixin.py:190} INFO - [2025-01-11T20:17:35.574+0000] {override.py:1911} INFO - Created Permission View: can read on DAG:example_task_group
[2025-01-11T20:17:35.618+0000] {logging_mixin.py:190} INFO - [2025-01-11T20:17:35.614+0000] {override.py:1911} INFO - Created Permission View: menu access on DAG Run:example_task_group
[2025-01-11T20:17:35.638+0000] {logging_mixin.py:190} INFO - [2025-01-11T20:17:35.638+0000] {override.py:1911} INFO - Created Permission View: can create on DAG Run:example_task_group
[2025-01-11T20:17:35.662+0000] {logging_mixin.py:190} INFO - [2025-01-11T20:17:35.661+0000] {override.py:1911} INFO - Created Permission View: can delete on DAG Run:example_task_group
[2025-01-11T20:17:35.685+0000] {logging_mixin.py:190} INFO - [2025-01-11T20:17:35.683+0000] {override.py:1911} INFO - Created Permission View: can read on DAG Run:example_task_group
[2025-01-11T20:17:35.687+0000] {logging_mixin.py:190} INFO - [2025-01-11T20:17:35.686+0000] {dag.py:3239} INFO - Sync 1 DAGs
[2025-01-11T20:17:35.729+0000] {logging_mixin.py:190} INFO - [2025-01-11T20:17:35.728+0000] {dag.py:3262} INFO - Creating ORM DAG for example_task_group
[2025-01-11T20:17:35.730+0000] {logging_mixin.py:190} INFO - [2025-01-11T20:17:35.730+0000] {dag.py:4180} INFO - Setting next_dagrun for example_task_group to None, run_after=None
[2025-01-11T20:17:35.790+0000] {processor.py:208} INFO - Processing /home/airflow/.local/lib/python3.12/site-packages/airflow/example_dags/example_task_group.py took 0.720 seconds
[2025-01-11T20:26:51.824+0000] {processor.py:186} INFO - Started process (PID=96) to work on /home/airflow/.local/lib/python3.12/site-packages/airflow/example_dags/example_task_group.py
[2025-01-11T20:26:51.832+0000] {processor.py:914} INFO - Processing file /home/airflow/.local/lib/python3.12/site-packages/airflow/example_dags/example_task_group.py for tasks to queue
[2025-01-11T20:26:51.845+0000] {logging_mixin.py:190} INFO - [2025-01-11T20:26:51.844+0000] {dagbag.py:588} INFO - Filling up the DagBag from /home/airflow/.local/lib/python3.12/site-packages/airflow/example_dags/example_task_group.py
[2025-01-11T20:26:51.868+0000] {processor.py:925} INFO - DAG(s) 'example_task_group' retrieved from /home/airflow/.local/lib/python3.12/site-packages/airflow/example_dags/example_task_group.py
[2025-01-11T20:26:51.963+0000] {logging_mixin.py:190} INFO - [2025-01-11T20:26:51.963+0000] {dag.py:3239} INFO - Sync 1 DAGs
[2025-01-11T20:26:52.038+0000] {logging_mixin.py:190} INFO - [2025-01-11T20:26:52.038+0000] {dag.py:4180} INFO - Setting next_dagrun for example_task_group to None, run_after=None
[2025-01-11T20:26:52.128+0000] {processor.py:208} INFO - Processing /home/airflow/.local/lib/python3.12/site-packages/airflow/example_dags/example_task_group.py took 0.328 seconds
[2025-01-11T20:27:22.640+0000] {processor.py:186} INFO - Started process (PID=159) to work on /home/airflow/.local/lib/python3.12/site-packages/airflow/example_dags/example_task_group.py
[2025-01-11T20:27:22.648+0000] {processor.py:914} INFO - Processing file /home/airflow/.local/lib/python3.12/site-packages/airflow/example_dags/example_task_group.py for tasks to queue
[2025-01-11T20:27:22.651+0000] {logging_mixin.py:190} INFO - [2025-01-11T20:27:22.650+0000] {dagbag.py:588} INFO - Filling up the DagBag from /home/airflow/.local/lib/python3.12/site-packages/airflow/example_dags/example_task_group.py
[2025-01-11T20:27:22.659+0000] {processor.py:925} INFO - DAG(s) 'example_task_group' retrieved from /home/airflow/.local/lib/python3.12/site-packages/airflow/example_dags/example_task_group.py
[2025-01-11T20:27:22.680+0000] {logging_mixin.py:190} INFO - [2025-01-11T20:27:22.679+0000] {dag.py:3239} INFO - Sync 1 DAGs
[2025-01-11T20:27:22.693+0000] {logging_mixin.py:190} INFO - [2025-01-11T20:27:22.693+0000] {dag.py:4180} INFO - Setting next_dagrun for example_task_group to None, run_after=None
[2025-01-11T20:27:22.712+0000] {processor.py:208} INFO - Processing /home/airflow/.local/lib/python3.12/site-packages/airflow/example_dags/example_task_group.py took 0.077 seconds
