[2025-01-11T20:16:37.394+0000] {processor.py:186} INFO - Started process (PID=92) to work on /home/airflow/.local/lib/python3.12/site-packages/airflow/example_dags/example_display_name.py
[2025-01-11T20:16:37.419+0000] {processor.py:914} INFO - Processing file /home/airflow/.local/lib/python3.12/site-packages/airflow/example_dags/example_display_name.py for tasks to queue
[2025-01-11T20:16:37.461+0000] {logging_mixin.py:190} INFO - [2025-01-11T20:16:37.458+0000] {dagbag.py:588} INFO - Filling up the DagBag from /home/airflow/.local/lib/python3.12/site-packages/airflow/example_dags/example_display_name.py
[2025-01-11T20:16:37.663+0000] {processor.py:925} INFO - DAG(s) 'example_display_name' retrieved from /home/airflow/.local/lib/python3.12/site-packages/airflow/example_dags/example_display_name.py
[2025-01-11T20:16:40.201+0000] {logging_mixin.py:190} INFO - [2025-01-11T20:16:40.200+0000] {override.py:1911} INFO - Created Permission View: can edit on DAG:example_display_name
[2025-01-11T20:16:40.287+0000] {logging_mixin.py:190} INFO - [2025-01-11T20:16:40.286+0000] {override.py:1911} INFO - Created Permission View: can delete on DAG:example_display_name
[2025-01-11T20:16:40.317+0000] {logging_mixin.py:190} INFO - [2025-01-11T20:16:40.317+0000] {override.py:1911} INFO - Created Permission View: can read on DAG:example_display_name
[2025-01-11T20:16:40.404+0000] {logging_mixin.py:190} INFO - [2025-01-11T20:16:40.403+0000] {override.py:1911} INFO - Created Permission View: menu access on DAG Run:example_display_name
[2025-01-11T20:16:40.452+0000] {logging_mixin.py:190} INFO - [2025-01-11T20:16:40.451+0000] {override.py:1911} INFO - Created Permission View: can create on DAG Run:example_display_name
[2025-01-11T20:16:40.478+0000] {logging_mixin.py:190} INFO - [2025-01-11T20:16:40.477+0000] {override.py:1911} INFO - Created Permission View: can delete on DAG Run:example_display_name
[2025-01-11T20:16:40.522+0000] {logging_mixin.py:190} INFO - [2025-01-11T20:16:40.522+0000] {override.py:1911} INFO - Created Permission View: can read on DAG Run:example_display_name
[2025-01-11T20:16:40.523+0000] {logging_mixin.py:190} INFO - [2025-01-11T20:16:40.523+0000] {dag.py:3239} INFO - Sync 1 DAGs
[2025-01-11T20:16:40.582+0000] {logging_mixin.py:190} INFO - [2025-01-11T20:16:40.582+0000] {dag.py:3262} INFO - Creating ORM DAG for example_display_name
[2025-01-11T20:16:40.604+0000] {logging_mixin.py:190} INFO - [2025-01-11T20:16:40.604+0000] {dag.py:4180} INFO - Setting next_dagrun for example_display_name to None, run_after=None
[2025-01-11T20:16:40.805+0000] {processor.py:208} INFO - Processing /home/airflow/.local/lib/python3.12/site-packages/airflow/example_dags/example_display_name.py took 3.677 seconds
[2025-01-11T20:26:36.915+0000] {processor.py:186} INFO - Started process (PID=76) to work on /home/airflow/.local/lib/python3.12/site-packages/airflow/example_dags/example_display_name.py
[2025-01-11T20:26:36.935+0000] {processor.py:914} INFO - Processing file /home/airflow/.local/lib/python3.12/site-packages/airflow/example_dags/example_display_name.py for tasks to queue
[2025-01-11T20:26:36.983+0000] {logging_mixin.py:190} INFO - [2025-01-11T20:26:36.982+0000] {dagbag.py:588} INFO - Filling up the DagBag from /home/airflow/.local/lib/python3.12/site-packages/airflow/example_dags/example_display_name.py
[2025-01-11T20:26:37.083+0000] {processor.py:925} INFO - DAG(s) 'example_display_name' retrieved from /home/airflow/.local/lib/python3.12/site-packages/airflow/example_dags/example_display_name.py
[2025-01-11T20:26:37.340+0000] {logging_mixin.py:190} INFO - [2025-01-11T20:26:37.339+0000] {dag.py:3239} INFO - Sync 1 DAGs
[2025-01-11T20:26:37.441+0000] {logging_mixin.py:190} INFO - [2025-01-11T20:26:37.441+0000] {dag.py:4180} INFO - Setting next_dagrun for example_display_name to None, run_after=None
[2025-01-11T20:26:37.545+0000] {processor.py:208} INFO - Processing /home/airflow/.local/lib/python3.12/site-packages/airflow/example_dags/example_display_name.py took 0.827 seconds
[2025-01-11T20:27:07.928+0000] {processor.py:186} INFO - Started process (PID=138) to work on /home/airflow/.local/lib/python3.12/site-packages/airflow/example_dags/example_display_name.py
[2025-01-11T20:27:07.930+0000] {processor.py:914} INFO - Processing file /home/airflow/.local/lib/python3.12/site-packages/airflow/example_dags/example_display_name.py for tasks to queue
[2025-01-11T20:27:07.935+0000] {logging_mixin.py:190} INFO - [2025-01-11T20:27:07.935+0000] {dagbag.py:588} INFO - Filling up the DagBag from /home/airflow/.local/lib/python3.12/site-packages/airflow/example_dags/example_display_name.py
[2025-01-11T20:27:07.950+0000] {processor.py:925} INFO - DAG(s) 'example_display_name' retrieved from /home/airflow/.local/lib/python3.12/site-packages/airflow/example_dags/example_display_name.py
[2025-01-11T20:27:07.979+0000] {logging_mixin.py:190} INFO - [2025-01-11T20:27:07.979+0000] {dag.py:3239} INFO - Sync 1 DAGs
[2025-01-11T20:27:07.993+0000] {logging_mixin.py:190} INFO - [2025-01-11T20:27:07.993+0000] {dag.py:4180} INFO - Setting next_dagrun for example_display_name to None, run_after=None
[2025-01-11T20:27:08.012+0000] {processor.py:208} INFO - Processing /home/airflow/.local/lib/python3.12/site-packages/airflow/example_dags/example_display_name.py took 0.096 seconds
[2025-01-11T20:27:38.804+0000] {processor.py:186} INFO - Started process (PID=201) to work on /home/airflow/.local/lib/python3.12/site-packages/airflow/example_dags/example_display_name.py
[2025-01-11T20:27:38.805+0000] {processor.py:914} INFO - Processing file /home/airflow/.local/lib/python3.12/site-packages/airflow/example_dags/example_display_name.py for tasks to queue
[2025-01-11T20:27:38.808+0000] {logging_mixin.py:190} INFO - [2025-01-11T20:27:38.808+0000] {dagbag.py:588} INFO - Filling up the DagBag from /home/airflow/.local/lib/python3.12/site-packages/airflow/example_dags/example_display_name.py
[2025-01-11T20:27:38.815+0000] {processor.py:925} INFO - DAG(s) 'example_display_name' retrieved from /home/airflow/.local/lib/python3.12/site-packages/airflow/example_dags/example_display_name.py
[2025-01-11T20:27:38.833+0000] {logging_mixin.py:190} INFO - [2025-01-11T20:27:38.833+0000] {dag.py:3239} INFO - Sync 1 DAGs
[2025-01-11T20:27:38.846+0000] {logging_mixin.py:190} INFO - [2025-01-11T20:27:38.846+0000] {dag.py:4180} INFO - Setting next_dagrun for example_display_name to None, run_after=None
[2025-01-11T20:27:38.864+0000] {processor.py:208} INFO - Processing /home/airflow/.local/lib/python3.12/site-packages/airflow/example_dags/example_display_name.py took 0.066 seconds
