[2025-01-11T20:17:49.474+0000] {processor.py:186} INFO - Started process (PID=141) to work on /home/airflow/.local/lib/python3.12/site-packages/airflow/example_dags/example_latest_only.py
[2025-01-11T20:17:49.476+0000] {processor.py:914} INFO - Processing file /home/airflow/.local/lib/python3.12/site-packages/airflow/example_dags/example_latest_only.py for tasks to queue
[2025-01-11T20:17:49.479+0000] {logging_mixin.py:190} INFO - [2025-01-11T20:17:49.479+0000] {dagbag.py:588} INFO - Filling up the DagBag from /home/airflow/.local/lib/python3.12/site-packages/airflow/example_dags/example_latest_only.py
[2025-01-11T20:17:49.490+0000] {processor.py:925} INFO - DAG(s) 'latest_only' retrieved from /home/airflow/.local/lib/python3.12/site-packages/airflow/example_dags/example_latest_only.py
[2025-01-11T20:17:49.653+0000] {logging_mixin.py:190} INFO - [2025-01-11T20:17:49.652+0000] {override.py:1911} INFO - Created Permission View: can edit on DAG:latest_only
[2025-01-11T20:17:49.668+0000] {logging_mixin.py:190} INFO - [2025-01-11T20:17:49.667+0000] {override.py:1911} INFO - Created Permission View: can delete on DAG:latest_only
[2025-01-11T20:17:49.676+0000] {logging_mixin.py:190} INFO - [2025-01-11T20:17:49.676+0000] {override.py:1911} INFO - Created Permission View: can read on DAG:latest_only
[2025-01-11T20:17:49.685+0000] {logging_mixin.py:190} INFO - [2025-01-11T20:17:49.685+0000] {override.py:1911} INFO - Created Permission View: menu access on DAG Run:latest_only
[2025-01-11T20:17:49.717+0000] {logging_mixin.py:190} INFO - [2025-01-11T20:17:49.695+0000] {override.py:1911} INFO - Created Permission View: can create on DAG Run:latest_only
[2025-01-11T20:17:49.745+0000] {logging_mixin.py:190} INFO - [2025-01-11T20:17:49.745+0000] {override.py:1911} INFO - Created Permission View: can delete on DAG Run:latest_only
[2025-01-11T20:17:49.778+0000] {logging_mixin.py:190} INFO - [2025-01-11T20:17:49.778+0000] {override.py:1911} INFO - Created Permission View: can read on DAG Run:latest_only
[2025-01-11T20:17:49.803+0000] {logging_mixin.py:190} INFO - [2025-01-11T20:17:49.794+0000] {dag.py:3239} INFO - Sync 1 DAGs
[2025-01-11T20:17:49.841+0000] {logging_mixin.py:190} INFO - [2025-01-11T20:17:49.841+0000] {dag.py:3262} INFO - Creating ORM DAG for latest_only
[2025-01-11T20:17:49.859+0000] {logging_mixin.py:190} INFO - [2025-01-11T20:17:49.859+0000] {dag.py:4180} INFO - Setting next_dagrun for latest_only to 2025-01-11 16:00:00+00:00, run_after=2025-01-11 20:00:00+00:00
[2025-01-11T20:17:49.889+0000] {processor.py:208} INFO - Processing /home/airflow/.local/lib/python3.12/site-packages/airflow/example_dags/example_latest_only.py took 0.423 seconds
[2025-01-11T20:26:54.899+0000] {processor.py:186} INFO - Started process (PID=113) to work on /home/airflow/.local/lib/python3.12/site-packages/airflow/example_dags/example_latest_only.py
[2025-01-11T20:26:54.900+0000] {processor.py:914} INFO - Processing file /home/airflow/.local/lib/python3.12/site-packages/airflow/example_dags/example_latest_only.py for tasks to queue
[2025-01-11T20:26:54.904+0000] {logging_mixin.py:190} INFO - [2025-01-11T20:26:54.903+0000] {dagbag.py:588} INFO - Filling up the DagBag from /home/airflow/.local/lib/python3.12/site-packages/airflow/example_dags/example_latest_only.py
[2025-01-11T20:26:54.914+0000] {processor.py:925} INFO - DAG(s) 'latest_only' retrieved from /home/airflow/.local/lib/python3.12/site-packages/airflow/example_dags/example_latest_only.py
[2025-01-11T20:26:54.952+0000] {logging_mixin.py:190} INFO - [2025-01-11T20:26:54.952+0000] {dag.py:3239} INFO - Sync 1 DAGs
[2025-01-11T20:26:55.019+0000] {logging_mixin.py:190} INFO - [2025-01-11T20:26:55.019+0000] {dag.py:4180} INFO - Setting next_dagrun for latest_only to 2025-01-11 16:00:00+00:00, run_after=2025-01-11 20:00:00+00:00
[2025-01-11T20:26:55.046+0000] {processor.py:208} INFO - Processing /home/airflow/.local/lib/python3.12/site-packages/airflow/example_dags/example_latest_only.py took 0.153 seconds
[2025-01-11T20:27:25.651+0000] {processor.py:186} INFO - Started process (PID=175) to work on /home/airflow/.local/lib/python3.12/site-packages/airflow/example_dags/example_latest_only.py
[2025-01-11T20:27:25.652+0000] {processor.py:914} INFO - Processing file /home/airflow/.local/lib/python3.12/site-packages/airflow/example_dags/example_latest_only.py for tasks to queue
[2025-01-11T20:27:25.655+0000] {logging_mixin.py:190} INFO - [2025-01-11T20:27:25.654+0000] {dagbag.py:588} INFO - Filling up the DagBag from /home/airflow/.local/lib/python3.12/site-packages/airflow/example_dags/example_latest_only.py
[2025-01-11T20:27:25.664+0000] {processor.py:925} INFO - DAG(s) 'latest_only' retrieved from /home/airflow/.local/lib/python3.12/site-packages/airflow/example_dags/example_latest_only.py
[2025-01-11T20:27:25.684+0000] {logging_mixin.py:190} INFO - [2025-01-11T20:27:25.684+0000] {dag.py:3239} INFO - Sync 1 DAGs
[2025-01-11T20:27:25.708+0000] {logging_mixin.py:190} INFO - [2025-01-11T20:27:25.708+0000] {dag.py:4180} INFO - Setting next_dagrun for latest_only to 2025-01-11 16:00:00+00:00, run_after=2025-01-11 20:00:00+00:00
[2025-01-11T20:27:25.726+0000] {processor.py:208} INFO - Processing /home/airflow/.local/lib/python3.12/site-packages/airflow/example_dags/example_latest_only.py took 0.081 seconds
