[2025-01-11T20:17:32.136+0000] {processor.py:186} INFO - Started process (PID=119) to work on /home/airflow/.local/lib/python3.12/site-packages/airflow/example_dags/example_bash_decorator.py
[2025-01-11T20:17:32.144+0000] {processor.py:914} INFO - Processing file /home/airflow/.local/lib/python3.12/site-packages/airflow/example_dags/example_bash_decorator.py for tasks to queue
[2025-01-11T20:17:32.147+0000] {logging_mixin.py:190} INFO - [2025-01-11T20:17:32.147+0000] {dagbag.py:588} INFO - Filling up the DagBag from /home/airflow/.local/lib/python3.12/site-packages/airflow/example_dags/example_bash_decorator.py
[2025-01-11T20:17:32.197+0000] {processor.py:925} INFO - DAG(s) 'example_bash_decorator' retrieved from /home/airflow/.local/lib/python3.12/site-packages/airflow/example_dags/example_bash_decorator.py
[2025-01-11T20:17:32.653+0000] {logging_mixin.py:190} INFO - [2025-01-11T20:17:32.652+0000] {override.py:1911} INFO - Created Permission View: can edit on DAG:example_bash_decorator
[2025-01-11T20:17:32.694+0000] {logging_mixin.py:190} INFO - [2025-01-11T20:17:32.693+0000] {override.py:1911} INFO - Created Permission View: can delete on DAG:example_bash_decorator
[2025-01-11T20:17:32.732+0000] {logging_mixin.py:190} INFO - [2025-01-11T20:17:32.732+0000] {override.py:1911} INFO - Created Permission View: can read on DAG:example_bash_decorator
[2025-01-11T20:17:32.767+0000] {logging_mixin.py:190} INFO - [2025-01-11T20:17:32.761+0000] {override.py:1911} INFO - Created Permission View: menu access on DAG Run:example_bash_decorator
[2025-01-11T20:17:32.802+0000] {logging_mixin.py:190} INFO - [2025-01-11T20:17:32.801+0000] {override.py:1911} INFO - Created Permission View: can create on DAG Run:example_bash_decorator
[2025-01-11T20:17:32.853+0000] {logging_mixin.py:190} INFO - [2025-01-11T20:17:32.853+0000] {override.py:1911} INFO - Created Permission View: can delete on DAG Run:example_bash_decorator
[2025-01-11T20:17:32.878+0000] {logging_mixin.py:190} INFO - [2025-01-11T20:17:32.878+0000] {override.py:1911} INFO - Created Permission View: can read on DAG Run:example_bash_decorator
[2025-01-11T20:17:32.879+0000] {logging_mixin.py:190} INFO - [2025-01-11T20:17:32.879+0000] {dag.py:3239} INFO - Sync 1 DAGs
[2025-01-11T20:17:32.928+0000] {logging_mixin.py:190} INFO - [2025-01-11T20:17:32.927+0000] {dag.py:3262} INFO - Creating ORM DAG for example_bash_decorator
[2025-01-11T20:17:32.949+0000] {logging_mixin.py:190} INFO - [2025-01-11T20:17:32.948+0000] {dag.py:4180} INFO - Setting next_dagrun for example_bash_decorator to None, run_after=None
[2025-01-11T20:17:33.009+0000] {processor.py:208} INFO - Processing /home/airflow/.local/lib/python3.12/site-packages/airflow/example_dags/example_bash_decorator.py took 0.891 seconds
[2025-01-11T20:26:50.845+0000] {processor.py:186} INFO - Started process (PID=91) to work on /home/airflow/.local/lib/python3.12/site-packages/airflow/example_dags/example_bash_decorator.py
[2025-01-11T20:26:50.847+0000] {processor.py:914} INFO - Processing file /home/airflow/.local/lib/python3.12/site-packages/airflow/example_dags/example_bash_decorator.py for tasks to queue
[2025-01-11T20:26:50.850+0000] {logging_mixin.py:190} INFO - [2025-01-11T20:26:50.849+0000] {dagbag.py:588} INFO - Filling up the DagBag from /home/airflow/.local/lib/python3.12/site-packages/airflow/example_dags/example_bash_decorator.py
[2025-01-11T20:26:50.876+0000] {processor.py:925} INFO - DAG(s) 'example_bash_decorator' retrieved from /home/airflow/.local/lib/python3.12/site-packages/airflow/example_dags/example_bash_decorator.py
[2025-01-11T20:26:51.070+0000] {logging_mixin.py:190} INFO - [2025-01-11T20:26:51.070+0000] {dag.py:3239} INFO - Sync 1 DAGs
[2025-01-11T20:26:51.088+0000] {logging_mixin.py:190} INFO - [2025-01-11T20:26:51.087+0000] {dag.py:4180} INFO - Setting next_dagrun for example_bash_decorator to None, run_after=None
[2025-01-11T20:26:51.116+0000] {processor.py:208} INFO - Processing /home/airflow/.local/lib/python3.12/site-packages/airflow/example_dags/example_bash_decorator.py took 0.277 seconds
[2025-01-11T20:27:21.207+0000] {processor.py:186} INFO - Started process (PID=154) to work on /home/airflow/.local/lib/python3.12/site-packages/airflow/example_dags/example_bash_decorator.py
[2025-01-11T20:27:21.209+0000] {processor.py:914} INFO - Processing file /home/airflow/.local/lib/python3.12/site-packages/airflow/example_dags/example_bash_decorator.py for tasks to queue
[2025-01-11T20:27:21.212+0000] {logging_mixin.py:190} INFO - [2025-01-11T20:27:21.212+0000] {dagbag.py:588} INFO - Filling up the DagBag from /home/airflow/.local/lib/python3.12/site-packages/airflow/example_dags/example_bash_decorator.py
[2025-01-11T20:27:21.237+0000] {processor.py:925} INFO - DAG(s) 'example_bash_decorator' retrieved from /home/airflow/.local/lib/python3.12/site-packages/airflow/example_dags/example_bash_decorator.py
[2025-01-11T20:27:21.264+0000] {logging_mixin.py:190} INFO - [2025-01-11T20:27:21.264+0000] {dag.py:3239} INFO - Sync 1 DAGs
[2025-01-11T20:27:21.291+0000] {logging_mixin.py:190} INFO - [2025-01-11T20:27:21.288+0000] {dag.py:4180} INFO - Setting next_dagrun for example_bash_decorator to None, run_after=None
[2025-01-11T20:27:21.312+0000] {processor.py:208} INFO - Processing /home/airflow/.local/lib/python3.12/site-packages/airflow/example_dags/example_bash_decorator.py took 0.111 seconds
