[2025-01-11T20:17:50.007+0000] {processor.py:186} INFO - Started process (PID=142) to work on /home/airflow/.local/lib/python3.12/site-packages/airflow/example_dags/example_datasets.py
[2025-01-11T20:17:50.009+0000] {processor.py:914} INFO - Processing file /home/airflow/.local/lib/python3.12/site-packages/airflow/example_dags/example_datasets.py for tasks to queue
[2025-01-11T20:17:50.013+0000] {logging_mixin.py:190} INFO - [2025-01-11T20:17:50.013+0000] {dagbag.py:588} INFO - Filling up the DagBag from /home/airflow/.local/lib/python3.12/site-packages/airflow/example_dags/example_datasets.py
[2025-01-11T20:17:57.909+0000] {processor.py:925} INFO - DAG(s) 'dataset_consumes_1_and_2', 'dataset_consumes_1_never_scheduled', 'consume_1_or_2_with_dataset_expressions', 'dataset_produces_2', 'consume_1_and_2_with_dataset_expressions', 'dataset_consumes_unknown_never_scheduled', 'consume_1_or_both_2_and_3_with_dataset_expressions', 'conditional_dataset_and_time_based_timetable', 'dataset_produces_1', 'dataset_consumes_1' retrieved from /home/airflow/.local/lib/python3.12/site-packages/airflow/example_dags/example_datasets.py
[2025-01-11T20:17:58.068+0000] {logging_mixin.py:190} INFO - [2025-01-11T20:17:58.066+0000] {override.py:1911} INFO - Created Permission View: can edit on DAG:dataset_consumes_1_and_2
[2025-01-11T20:17:58.099+0000] {logging_mixin.py:190} INFO - [2025-01-11T20:17:58.098+0000] {override.py:1911} INFO - Created Permission View: can delete on DAG:dataset_consumes_1_and_2
[2025-01-11T20:17:58.123+0000] {logging_mixin.py:190} INFO - [2025-01-11T20:17:58.123+0000] {override.py:1911} INFO - Created Permission View: can read on DAG:dataset_consumes_1_and_2
[2025-01-11T20:17:58.152+0000] {logging_mixin.py:190} INFO - [2025-01-11T20:17:58.147+0000] {override.py:1911} INFO - Created Permission View: menu access on DAG Run:dataset_consumes_1_and_2
[2025-01-11T20:17:58.177+0000] {logging_mixin.py:190} INFO - [2025-01-11T20:17:58.175+0000] {override.py:1911} INFO - Created Permission View: can create on DAG Run:dataset_consumes_1_and_2
[2025-01-11T20:17:58.193+0000] {logging_mixin.py:190} INFO - [2025-01-11T20:17:58.193+0000] {override.py:1911} INFO - Created Permission View: can delete on DAG Run:dataset_consumes_1_and_2
[2025-01-11T20:17:58.214+0000] {logging_mixin.py:190} INFO - [2025-01-11T20:17:58.213+0000] {override.py:1911} INFO - Created Permission View: can read on DAG Run:dataset_consumes_1_and_2
[2025-01-11T20:17:58.246+0000] {logging_mixin.py:190} INFO - [2025-01-11T20:17:58.245+0000] {override.py:1911} INFO - Created Permission View: can edit on DAG:dataset_consumes_1_never_scheduled
[2025-01-11T20:17:58.261+0000] {logging_mixin.py:190} INFO - [2025-01-11T20:17:58.260+0000] {override.py:1911} INFO - Created Permission View: can delete on DAG:dataset_consumes_1_never_scheduled
[2025-01-11T20:17:58.292+0000] {logging_mixin.py:190} INFO - [2025-01-11T20:17:58.291+0000] {override.py:1911} INFO - Created Permission View: can read on DAG:dataset_consumes_1_never_scheduled
[2025-01-11T20:17:58.323+0000] {logging_mixin.py:190} INFO - [2025-01-11T20:17:58.321+0000] {override.py:1911} INFO - Created Permission View: menu access on DAG Run:dataset_consumes_1_never_scheduled
[2025-01-11T20:17:58.350+0000] {logging_mixin.py:190} INFO - [2025-01-11T20:17:58.349+0000] {override.py:1911} INFO - Created Permission View: can create on DAG Run:dataset_consumes_1_never_scheduled
[2025-01-11T20:17:58.382+0000] {logging_mixin.py:190} INFO - [2025-01-11T20:17:58.382+0000] {override.py:1911} INFO - Created Permission View: can delete on DAG Run:dataset_consumes_1_never_scheduled
[2025-01-11T20:17:58.409+0000] {logging_mixin.py:190} INFO - [2025-01-11T20:17:58.408+0000] {override.py:1911} INFO - Created Permission View: can read on DAG Run:dataset_consumes_1_never_scheduled
[2025-01-11T20:17:58.456+0000] {logging_mixin.py:190} INFO - [2025-01-11T20:17:58.455+0000] {override.py:1911} INFO - Created Permission View: can edit on DAG:consume_1_or_2_with_dataset_expressions
[2025-01-11T20:17:58.478+0000] {logging_mixin.py:190} INFO - [2025-01-11T20:17:58.477+0000] {override.py:1911} INFO - Created Permission View: can delete on DAG:consume_1_or_2_with_dataset_expressions
[2025-01-11T20:17:58.502+0000] {logging_mixin.py:190} INFO - [2025-01-11T20:17:58.501+0000] {override.py:1911} INFO - Created Permission View: can read on DAG:consume_1_or_2_with_dataset_expressions
[2025-01-11T20:17:58.517+0000] {logging_mixin.py:190} INFO - [2025-01-11T20:17:58.516+0000] {override.py:1911} INFO - Created Permission View: menu access on DAG Run:consume_1_or_2_with_dataset_expressions
[2025-01-11T20:17:58.569+0000] {logging_mixin.py:190} INFO - [2025-01-11T20:17:58.567+0000] {override.py:1911} INFO - Created Permission View: can create on DAG Run:consume_1_or_2_with_dataset_expressions
[2025-01-11T20:17:58.617+0000] {logging_mixin.py:190} INFO - [2025-01-11T20:17:58.613+0000] {override.py:1911} INFO - Created Permission View: can delete on DAG Run:consume_1_or_2_with_dataset_expressions
[2025-01-11T20:17:58.648+0000] {logging_mixin.py:190} INFO - [2025-01-11T20:17:58.648+0000] {override.py:1911} INFO - Created Permission View: can read on DAG Run:consume_1_or_2_with_dataset_expressions
[2025-01-11T20:17:58.689+0000] {logging_mixin.py:190} INFO - [2025-01-11T20:17:58.688+0000] {override.py:1911} INFO - Created Permission View: can edit on DAG:dataset_produces_2
[2025-01-11T20:17:58.710+0000] {logging_mixin.py:190} INFO - [2025-01-11T20:17:58.709+0000] {override.py:1911} INFO - Created Permission View: can delete on DAG:dataset_produces_2
[2025-01-11T20:17:58.738+0000] {logging_mixin.py:190} INFO - [2025-01-11T20:17:58.737+0000] {override.py:1911} INFO - Created Permission View: can read on DAG:dataset_produces_2
[2025-01-11T20:17:58.751+0000] {logging_mixin.py:190} INFO - [2025-01-11T20:17:58.749+0000] {override.py:1911} INFO - Created Permission View: menu access on DAG Run:dataset_produces_2
[2025-01-11T20:17:58.779+0000] {logging_mixin.py:190} INFO - [2025-01-11T20:17:58.779+0000] {override.py:1911} INFO - Created Permission View: can create on DAG Run:dataset_produces_2
[2025-01-11T20:17:58.809+0000] {logging_mixin.py:190} INFO - [2025-01-11T20:17:58.809+0000] {override.py:1911} INFO - Created Permission View: can delete on DAG Run:dataset_produces_2
[2025-01-11T20:17:58.835+0000] {logging_mixin.py:190} INFO - [2025-01-11T20:17:58.835+0000] {override.py:1911} INFO - Created Permission View: can read on DAG Run:dataset_produces_2
[2025-01-11T20:17:58.885+0000] {logging_mixin.py:190} INFO - [2025-01-11T20:17:58.884+0000] {override.py:1911} INFO - Created Permission View: can edit on DAG:consume_1_and_2_with_dataset_expressions
[2025-01-11T20:17:58.895+0000] {logging_mixin.py:190} INFO - [2025-01-11T20:17:58.895+0000] {override.py:1911} INFO - Created Permission View: can delete on DAG:consume_1_and_2_with_dataset_expressions
[2025-01-11T20:17:58.908+0000] {logging_mixin.py:190} INFO - [2025-01-11T20:17:58.908+0000] {override.py:1911} INFO - Created Permission View: can read on DAG:consume_1_and_2_with_dataset_expressions
[2025-01-11T20:17:58.916+0000] {logging_mixin.py:190} INFO - [2025-01-11T20:17:58.916+0000] {override.py:1911} INFO - Created Permission View: menu access on DAG Run:consume_1_and_2_with_dataset_expressions
[2025-01-11T20:17:58.929+0000] {logging_mixin.py:190} INFO - [2025-01-11T20:17:58.928+0000] {override.py:1911} INFO - Created Permission View: can create on DAG Run:consume_1_and_2_with_dataset_expressions
[2025-01-11T20:17:58.937+0000] {logging_mixin.py:190} INFO - [2025-01-11T20:17:58.936+0000] {override.py:1911} INFO - Created Permission View: can delete on DAG Run:consume_1_and_2_with_dataset_expressions
[2025-01-11T20:17:58.947+0000] {logging_mixin.py:190} INFO - [2025-01-11T20:17:58.946+0000] {override.py:1911} INFO - Created Permission View: can read on DAG Run:consume_1_and_2_with_dataset_expressions
[2025-01-11T20:17:58.964+0000] {logging_mixin.py:190} INFO - [2025-01-11T20:17:58.963+0000] {override.py:1911} INFO - Created Permission View: can edit on DAG:dataset_consumes_unknown_never_scheduled
[2025-01-11T20:17:58.972+0000] {logging_mixin.py:190} INFO - [2025-01-11T20:17:58.972+0000] {override.py:1911} INFO - Created Permission View: can delete on DAG:dataset_consumes_unknown_never_scheduled
[2025-01-11T20:17:58.981+0000] {logging_mixin.py:190} INFO - [2025-01-11T20:17:58.981+0000] {override.py:1911} INFO - Created Permission View: can read on DAG:dataset_consumes_unknown_never_scheduled
[2025-01-11T20:17:58.990+0000] {logging_mixin.py:190} INFO - [2025-01-11T20:17:58.990+0000] {override.py:1911} INFO - Created Permission View: menu access on DAG Run:dataset_consumes_unknown_never_scheduled
[2025-01-11T20:17:58.998+0000] {logging_mixin.py:190} INFO - [2025-01-11T20:17:58.997+0000] {override.py:1911} INFO - Created Permission View: can create on DAG Run:dataset_consumes_unknown_never_scheduled
[2025-01-11T20:17:59.007+0000] {logging_mixin.py:190} INFO - [2025-01-11T20:17:59.007+0000] {override.py:1911} INFO - Created Permission View: can delete on DAG Run:dataset_consumes_unknown_never_scheduled
[2025-01-11T20:17:59.015+0000] {logging_mixin.py:190} INFO - [2025-01-11T20:17:59.015+0000] {override.py:1911} INFO - Created Permission View: can read on DAG Run:dataset_consumes_unknown_never_scheduled
[2025-01-11T20:17:59.032+0000] {logging_mixin.py:190} INFO - [2025-01-11T20:17:59.031+0000] {override.py:1911} INFO - Created Permission View: can edit on DAG:consume_1_or_both_2_and_3_with_dataset_expressions
[2025-01-11T20:17:59.041+0000] {logging_mixin.py:190} INFO - [2025-01-11T20:17:59.040+0000] {override.py:1911} INFO - Created Permission View: can delete on DAG:consume_1_or_both_2_and_3_with_dataset_expressions
[2025-01-11T20:17:59.059+0000] {logging_mixin.py:190} INFO - [2025-01-11T20:17:59.059+0000] {override.py:1911} INFO - Created Permission View: can read on DAG:consume_1_or_both_2_and_3_with_dataset_expressions
[2025-01-11T20:17:59.079+0000] {logging_mixin.py:190} INFO - [2025-01-11T20:17:59.078+0000] {override.py:1911} INFO - Created Permission View: menu access on DAG Run:consume_1_or_both_2_and_3_with_dataset_expressions
[2025-01-11T20:17:59.092+0000] {logging_mixin.py:190} INFO - [2025-01-11T20:17:59.092+0000] {override.py:1911} INFO - Created Permission View: can create on DAG Run:consume_1_or_both_2_and_3_with_dataset_expressions
[2025-01-11T20:17:59.102+0000] {logging_mixin.py:190} INFO - [2025-01-11T20:17:59.102+0000] {override.py:1911} INFO - Created Permission View: can delete on DAG Run:consume_1_or_both_2_and_3_with_dataset_expressions
[2025-01-11T20:17:59.112+0000] {logging_mixin.py:190} INFO - [2025-01-11T20:17:59.112+0000] {override.py:1911} INFO - Created Permission View: can read on DAG Run:consume_1_or_both_2_and_3_with_dataset_expressions
[2025-01-11T20:17:59.132+0000] {logging_mixin.py:190} INFO - [2025-01-11T20:17:59.131+0000] {override.py:1911} INFO - Created Permission View: can edit on DAG:conditional_dataset_and_time_based_timetable
[2025-01-11T20:17:59.143+0000] {logging_mixin.py:190} INFO - [2025-01-11T20:17:59.142+0000] {override.py:1911} INFO - Created Permission View: can delete on DAG:conditional_dataset_and_time_based_timetable
[2025-01-11T20:17:59.155+0000] {logging_mixin.py:190} INFO - [2025-01-11T20:17:59.155+0000] {override.py:1911} INFO - Created Permission View: can read on DAG:conditional_dataset_and_time_based_timetable
[2025-01-11T20:17:59.170+0000] {logging_mixin.py:190} INFO - [2025-01-11T20:17:59.169+0000] {override.py:1911} INFO - Created Permission View: menu access on DAG Run:conditional_dataset_and_time_based_timetable
[2025-01-11T20:17:59.183+0000] {logging_mixin.py:190} INFO - [2025-01-11T20:17:59.182+0000] {override.py:1911} INFO - Created Permission View: can create on DAG Run:conditional_dataset_and_time_based_timetable
[2025-01-11T20:17:59.194+0000] {logging_mixin.py:190} INFO - [2025-01-11T20:17:59.193+0000] {override.py:1911} INFO - Created Permission View: can delete on DAG Run:conditional_dataset_and_time_based_timetable
[2025-01-11T20:17:59.203+0000] {logging_mixin.py:190} INFO - [2025-01-11T20:17:59.202+0000] {override.py:1911} INFO - Created Permission View: can read on DAG Run:conditional_dataset_and_time_based_timetable
[2025-01-11T20:17:59.220+0000] {logging_mixin.py:190} INFO - [2025-01-11T20:17:59.220+0000] {override.py:1911} INFO - Created Permission View: can edit on DAG:dataset_produces_1
[2025-01-11T20:17:59.228+0000] {logging_mixin.py:190} INFO - [2025-01-11T20:17:59.228+0000] {override.py:1911} INFO - Created Permission View: can delete on DAG:dataset_produces_1
[2025-01-11T20:17:59.241+0000] {logging_mixin.py:190} INFO - [2025-01-11T20:17:59.240+0000] {override.py:1911} INFO - Created Permission View: can read on DAG:dataset_produces_1
[2025-01-11T20:17:59.250+0000] {logging_mixin.py:190} INFO - [2025-01-11T20:17:59.249+0000] {override.py:1911} INFO - Created Permission View: menu access on DAG Run:dataset_produces_1
[2025-01-11T20:17:59.261+0000] {logging_mixin.py:190} INFO - [2025-01-11T20:17:59.261+0000] {override.py:1911} INFO - Created Permission View: can create on DAG Run:dataset_produces_1
[2025-01-11T20:17:59.271+0000] {logging_mixin.py:190} INFO - [2025-01-11T20:17:59.270+0000] {override.py:1911} INFO - Created Permission View: can delete on DAG Run:dataset_produces_1
[2025-01-11T20:17:59.281+0000] {logging_mixin.py:190} INFO - [2025-01-11T20:17:59.281+0000] {override.py:1911} INFO - Created Permission View: can read on DAG Run:dataset_produces_1
[2025-01-11T20:17:59.298+0000] {logging_mixin.py:190} INFO - [2025-01-11T20:17:59.297+0000] {override.py:1911} INFO - Created Permission View: can edit on DAG:dataset_consumes_1
[2025-01-11T20:17:59.306+0000] {logging_mixin.py:190} INFO - [2025-01-11T20:17:59.305+0000] {override.py:1911} INFO - Created Permission View: can delete on DAG:dataset_consumes_1
[2025-01-11T20:17:59.315+0000] {logging_mixin.py:190} INFO - [2025-01-11T20:17:59.314+0000] {override.py:1911} INFO - Created Permission View: can read on DAG:dataset_consumes_1
[2025-01-11T20:17:59.346+0000] {logging_mixin.py:190} INFO - [2025-01-11T20:17:59.345+0000] {override.py:1911} INFO - Created Permission View: menu access on DAG Run:dataset_consumes_1
[2025-01-11T20:17:59.356+0000] {logging_mixin.py:190} INFO - [2025-01-11T20:17:59.354+0000] {override.py:1911} INFO - Created Permission View: can create on DAG Run:dataset_consumes_1
[2025-01-11T20:17:59.381+0000] {logging_mixin.py:190} INFO - [2025-01-11T20:17:59.380+0000] {override.py:1911} INFO - Created Permission View: can delete on DAG Run:dataset_consumes_1
[2025-01-11T20:17:59.399+0000] {logging_mixin.py:190} INFO - [2025-01-11T20:17:59.399+0000] {override.py:1911} INFO - Created Permission View: can read on DAG Run:dataset_consumes_1
[2025-01-11T20:17:59.401+0000] {logging_mixin.py:190} INFO - [2025-01-11T20:17:59.400+0000] {dag.py:3239} INFO - Sync 10 DAGs
[2025-01-11T20:17:59.529+0000] {logging_mixin.py:190} INFO - [2025-01-11T20:17:59.528+0000] {dag.py:3262} INFO - Creating ORM DAG for dataset_consumes_1_and_2
[2025-01-11T20:17:59.537+0000] {logging_mixin.py:190} INFO - [2025-01-11T20:17:59.536+0000] {dag.py:3262} INFO - Creating ORM DAG for dataset_consumes_1_never_scheduled
[2025-01-11T20:17:59.540+0000] {logging_mixin.py:190} INFO - [2025-01-11T20:17:59.539+0000] {dag.py:3262} INFO - Creating ORM DAG for dataset_consumes_1
[2025-01-11T20:17:59.543+0000] {logging_mixin.py:190} INFO - [2025-01-11T20:17:59.542+0000] {dag.py:3262} INFO - Creating ORM DAG for dataset_produces_2
[2025-01-11T20:17:59.548+0000] {logging_mixin.py:190} INFO - [2025-01-11T20:17:59.547+0000] {dag.py:3262} INFO - Creating ORM DAG for consume_1_or_both_2_and_3_with_dataset_expressions
[2025-01-11T20:17:59.551+0000] {logging_mixin.py:190} INFO - [2025-01-11T20:17:59.551+0000] {dag.py:3262} INFO - Creating ORM DAG for dataset_consumes_unknown_never_scheduled
[2025-01-11T20:17:59.554+0000] {logging_mixin.py:190} INFO - [2025-01-11T20:17:59.553+0000] {dag.py:3262} INFO - Creating ORM DAG for consume_1_or_2_with_dataset_expressions
[2025-01-11T20:17:59.555+0000] {logging_mixin.py:190} INFO - [2025-01-11T20:17:59.555+0000] {dag.py:3262} INFO - Creating ORM DAG for dataset_produces_1
[2025-01-11T20:17:59.557+0000] {logging_mixin.py:190} INFO - [2025-01-11T20:17:59.556+0000] {dag.py:3262} INFO - Creating ORM DAG for conditional_dataset_and_time_based_timetable
[2025-01-11T20:17:59.559+0000] {logging_mixin.py:190} INFO - [2025-01-11T20:17:59.558+0000] {dag.py:3262} INFO - Creating ORM DAG for consume_1_and_2_with_dataset_expressions
[2025-01-11T20:17:59.628+0000] {logging_mixin.py:190} INFO - [2025-01-11T20:17:59.627+0000] {dag.py:4180} INFO - Setting next_dagrun for conditional_dataset_and_time_based_timetable to 2025-01-08 01:00:00+00:00, run_after=2025-01-08 01:00:00+00:00
[2025-01-11T20:17:59.631+0000] {logging_mixin.py:190} INFO - [2025-01-11T20:17:59.630+0000] {dag.py:4180} INFO - Setting next_dagrun for consume_1_and_2_with_dataset_expressions to None, run_after=None
[2025-01-11T20:17:59.637+0000] {logging_mixin.py:190} INFO - [2025-01-11T20:17:59.636+0000] {dag.py:4180} INFO - Setting next_dagrun for consume_1_or_2_with_dataset_expressions to None, run_after=None
[2025-01-11T20:17:59.641+0000] {logging_mixin.py:190} INFO - [2025-01-11T20:17:59.640+0000] {dag.py:4180} INFO - Setting next_dagrun for consume_1_or_both_2_and_3_with_dataset_expressions to None, run_after=None
[2025-01-11T20:17:59.647+0000] {logging_mixin.py:190} INFO - [2025-01-11T20:17:59.645+0000] {dag.py:4180} INFO - Setting next_dagrun for dataset_consumes_1 to None, run_after=None
[2025-01-11T20:17:59.649+0000] {logging_mixin.py:190} INFO - [2025-01-11T20:17:59.649+0000] {dag.py:4180} INFO - Setting next_dagrun for dataset_consumes_1_and_2 to None, run_after=None
[2025-01-11T20:17:59.653+0000] {logging_mixin.py:190} INFO - [2025-01-11T20:17:59.652+0000] {dag.py:4180} INFO - Setting next_dagrun for dataset_consumes_1_never_scheduled to None, run_after=None
[2025-01-11T20:17:59.656+0000] {logging_mixin.py:190} INFO - [2025-01-11T20:17:59.656+0000] {dag.py:4180} INFO - Setting next_dagrun for dataset_consumes_unknown_never_scheduled to None, run_after=None
[2025-01-11T20:17:59.660+0000] {logging_mixin.py:190} INFO - [2025-01-11T20:17:59.660+0000] {dag.py:4180} INFO - Setting next_dagrun for dataset_produces_1 to 2025-01-10 00:00:00+00:00, run_after=2025-01-11 00:00:00+00:00
[2025-01-11T20:17:59.661+0000] {logging_mixin.py:190} INFO - [2025-01-11T20:17:59.661+0000] {dag.py:4180} INFO - Setting next_dagrun for dataset_produces_2 to None, run_after=None
[2025-01-11T20:17:59.877+0000] {processor.py:208} INFO - Processing /home/airflow/.local/lib/python3.12/site-packages/airflow/example_dags/example_datasets.py took 9.812 seconds
[2025-01-11T20:26:55.113+0000] {processor.py:186} INFO - Started process (PID=114) to work on /home/airflow/.local/lib/python3.12/site-packages/airflow/example_dags/example_datasets.py
[2025-01-11T20:26:55.115+0000] {processor.py:914} INFO - Processing file /home/airflow/.local/lib/python3.12/site-packages/airflow/example_dags/example_datasets.py for tasks to queue
[2025-01-11T20:26:55.121+0000] {logging_mixin.py:190} INFO - [2025-01-11T20:26:55.120+0000] {dagbag.py:588} INFO - Filling up the DagBag from /home/airflow/.local/lib/python3.12/site-packages/airflow/example_dags/example_datasets.py
[2025-01-11T20:26:56.520+0000] {processor.py:925} INFO - DAG(s) 'dataset_produces_1', 'consume_1_or_both_2_and_3_with_dataset_expressions', 'consume_1_and_2_with_dataset_expressions', 'dataset_consumes_1', 'dataset_consumes_1_never_scheduled', 'dataset_consumes_unknown_never_scheduled', 'consume_1_or_2_with_dataset_expressions', 'conditional_dataset_and_time_based_timetable', 'dataset_produces_2', 'dataset_consumes_1_and_2' retrieved from /home/airflow/.local/lib/python3.12/site-packages/airflow/example_dags/example_datasets.py
[2025-01-11T20:26:56.648+0000] {logging_mixin.py:190} INFO - [2025-01-11T20:26:56.646+0000] {dag.py:3239} INFO - Sync 10 DAGs
[2025-01-11T20:26:56.710+0000] {logging_mixin.py:190} INFO - [2025-01-11T20:26:56.710+0000] {dag.py:4180} INFO - Setting next_dagrun for conditional_dataset_and_time_based_timetable to 2025-01-08 01:00:00+00:00, run_after=2025-01-08 01:00:00+00:00
[2025-01-11T20:26:56.719+0000] {logging_mixin.py:190} INFO - [2025-01-11T20:26:56.718+0000] {dag.py:4180} INFO - Setting next_dagrun for consume_1_and_2_with_dataset_expressions to None, run_after=None
[2025-01-11T20:26:56.723+0000] {logging_mixin.py:190} INFO - [2025-01-11T20:26:56.723+0000] {dag.py:4180} INFO - Setting next_dagrun for consume_1_or_2_with_dataset_expressions to None, run_after=None
[2025-01-11T20:26:56.726+0000] {logging_mixin.py:190} INFO - [2025-01-11T20:26:56.725+0000] {dag.py:4180} INFO - Setting next_dagrun for consume_1_or_both_2_and_3_with_dataset_expressions to None, run_after=None
[2025-01-11T20:26:56.741+0000] {logging_mixin.py:190} INFO - [2025-01-11T20:26:56.741+0000] {dag.py:4180} INFO - Setting next_dagrun for dataset_consumes_1 to None, run_after=None
[2025-01-11T20:26:56.751+0000] {logging_mixin.py:190} INFO - [2025-01-11T20:26:56.750+0000] {dag.py:4180} INFO - Setting next_dagrun for dataset_consumes_1_and_2 to None, run_after=None
[2025-01-11T20:26:56.776+0000] {logging_mixin.py:190} INFO - [2025-01-11T20:26:56.773+0000] {dag.py:4180} INFO - Setting next_dagrun for dataset_consumes_1_never_scheduled to None, run_after=None
[2025-01-11T20:26:56.790+0000] {logging_mixin.py:190} INFO - [2025-01-11T20:26:56.790+0000] {dag.py:4180} INFO - Setting next_dagrun for dataset_consumes_unknown_never_scheduled to None, run_after=None
[2025-01-11T20:26:56.808+0000] {logging_mixin.py:190} INFO - [2025-01-11T20:26:56.808+0000] {dag.py:4180} INFO - Setting next_dagrun for dataset_produces_1 to 2025-01-10 00:00:00+00:00, run_after=2025-01-11 00:00:00+00:00
[2025-01-11T20:26:56.814+0000] {logging_mixin.py:190} INFO - [2025-01-11T20:26:56.813+0000] {dag.py:4180} INFO - Setting next_dagrun for dataset_produces_2 to None, run_after=None
[2025-01-11T20:26:56.964+0000] {processor.py:208} INFO - Processing /home/airflow/.local/lib/python3.12/site-packages/airflow/example_dags/example_datasets.py took 1.866 seconds
[2025-01-11T20:27:27.414+0000] {processor.py:186} INFO - Started process (PID=178) to work on /home/airflow/.local/lib/python3.12/site-packages/airflow/example_dags/example_datasets.py
[2025-01-11T20:27:27.415+0000] {processor.py:914} INFO - Processing file /home/airflow/.local/lib/python3.12/site-packages/airflow/example_dags/example_datasets.py for tasks to queue
[2025-01-11T20:27:27.417+0000] {logging_mixin.py:190} INFO - [2025-01-11T20:27:27.417+0000] {dagbag.py:588} INFO - Filling up the DagBag from /home/airflow/.local/lib/python3.12/site-packages/airflow/example_dags/example_datasets.py
[2025-01-11T20:27:27.968+0000] {processor.py:925} INFO - DAG(s) 'consume_1_or_both_2_and_3_with_dataset_expressions', 'dataset_produces_2', 'consume_1_and_2_with_dataset_expressions', 'dataset_consumes_1_and_2', 'dataset_consumes_1', 'dataset_consumes_unknown_never_scheduled', 'consume_1_or_2_with_dataset_expressions', 'dataset_produces_1', 'conditional_dataset_and_time_based_timetable', 'dataset_consumes_1_never_scheduled' retrieved from /home/airflow/.local/lib/python3.12/site-packages/airflow/example_dags/example_datasets.py
[2025-01-11T20:27:28.013+0000] {logging_mixin.py:190} INFO - [2025-01-11T20:27:28.013+0000] {dag.py:3239} INFO - Sync 10 DAGs
[2025-01-11T20:27:28.035+0000] {logging_mixin.py:190} INFO - [2025-01-11T20:27:28.035+0000] {dag.py:4180} INFO - Setting next_dagrun for conditional_dataset_and_time_based_timetable to 2025-01-08 01:00:00+00:00, run_after=2025-01-08 01:00:00+00:00
[2025-01-11T20:27:28.039+0000] {logging_mixin.py:190} INFO - [2025-01-11T20:27:28.038+0000] {dag.py:4180} INFO - Setting next_dagrun for consume_1_and_2_with_dataset_expressions to None, run_after=None
[2025-01-11T20:27:28.041+0000] {logging_mixin.py:190} INFO - [2025-01-11T20:27:28.040+0000] {dag.py:4180} INFO - Setting next_dagrun for consume_1_or_2_with_dataset_expressions to None, run_after=None
[2025-01-11T20:27:28.042+0000] {logging_mixin.py:190} INFO - [2025-01-11T20:27:28.042+0000] {dag.py:4180} INFO - Setting next_dagrun for consume_1_or_both_2_and_3_with_dataset_expressions to None, run_after=None
[2025-01-11T20:27:28.044+0000] {logging_mixin.py:190} INFO - [2025-01-11T20:27:28.044+0000] {dag.py:4180} INFO - Setting next_dagrun for dataset_consumes_1 to None, run_after=None
[2025-01-11T20:27:28.046+0000] {logging_mixin.py:190} INFO - [2025-01-11T20:27:28.046+0000] {dag.py:4180} INFO - Setting next_dagrun for dataset_consumes_1_and_2 to None, run_after=None
[2025-01-11T20:27:28.048+0000] {logging_mixin.py:190} INFO - [2025-01-11T20:27:28.048+0000] {dag.py:4180} INFO - Setting next_dagrun for dataset_consumes_1_never_scheduled to None, run_after=None
[2025-01-11T20:27:28.049+0000] {logging_mixin.py:190} INFO - [2025-01-11T20:27:28.049+0000] {dag.py:4180} INFO - Setting next_dagrun for dataset_consumes_unknown_never_scheduled to None, run_after=None
[2025-01-11T20:27:28.052+0000] {logging_mixin.py:190} INFO - [2025-01-11T20:27:28.052+0000] {dag.py:4180} INFO - Setting next_dagrun for dataset_produces_1 to 2025-01-10 00:00:00+00:00, run_after=2025-01-11 00:00:00+00:00
[2025-01-11T20:27:28.054+0000] {logging_mixin.py:190} INFO - [2025-01-11T20:27:28.054+0000] {dag.py:4180} INFO - Setting next_dagrun for dataset_produces_2 to None, run_after=None
[2025-01-11T20:27:28.087+0000] {processor.py:208} INFO - Processing /home/airflow/.local/lib/python3.12/site-packages/airflow/example_dags/example_datasets.py took 0.680 seconds
