[2025-01-11T20:17:34.267+0000] {processor.py:186} INFO - Started process (PID=123) to work on /home/airflow/.local/lib/python3.12/site-packages/airflow/example_dags/example_workday_timetable.py
[2025-01-11T20:17:34.272+0000] {processor.py:914} INFO - Processing file /home/airflow/.local/lib/python3.12/site-packages/airflow/example_dags/example_workday_timetable.py for tasks to queue
[2025-01-11T20:17:34.280+0000] {logging_mixin.py:190} INFO - [2025-01-11T20:17:34.280+0000] {dagbag.py:588} INFO - Filling up the DagBag from /home/airflow/.local/lib/python3.12/site-packages/airflow/example_dags/example_workday_timetable.py
[2025-01-11T20:17:34.307+0000] {processor.py:925} INFO - DAG(s) 'example_workday_timetable' retrieved from /home/airflow/.local/lib/python3.12/site-packages/airflow/example_dags/example_workday_timetable.py
[2025-01-11T20:17:34.714+0000] {logging_mixin.py:190} INFO - [2025-01-11T20:17:34.713+0000] {override.py:1911} INFO - Created Permission View: can edit on DAG:example_workday_timetable
[2025-01-11T20:17:34.766+0000] {logging_mixin.py:190} INFO - [2025-01-11T20:17:34.766+0000] {override.py:1911} INFO - Created Permission View: can delete on DAG:example_workday_timetable
[2025-01-11T20:17:34.874+0000] {logging_mixin.py:190} INFO - [2025-01-11T20:17:34.873+0000] {override.py:1911} INFO - Created Permission View: can read on DAG:example_workday_timetable
[2025-01-11T20:17:34.904+0000] {logging_mixin.py:190} INFO - [2025-01-11T20:17:34.903+0000] {override.py:1911} INFO - Created Permission View: menu access on DAG Run:example_workday_timetable
[2025-01-11T20:17:34.926+0000] {logging_mixin.py:190} INFO - [2025-01-11T20:17:34.925+0000] {override.py:1911} INFO - Created Permission View: can create on DAG Run:example_workday_timetable
[2025-01-11T20:17:34.978+0000] {logging_mixin.py:190} INFO - [2025-01-11T20:17:34.977+0000] {override.py:1911} INFO - Created Permission View: can delete on DAG Run:example_workday_timetable
[2025-01-11T20:17:35.018+0000] {logging_mixin.py:190} INFO - [2025-01-11T20:17:35.018+0000] {override.py:1911} INFO - Created Permission View: can read on DAG Run:example_workday_timetable
[2025-01-11T20:17:35.032+0000] {logging_mixin.py:190} INFO - [2025-01-11T20:17:35.031+0000] {dag.py:3239} INFO - Sync 1 DAGs
[2025-01-11T20:17:35.083+0000] {logging_mixin.py:190} INFO - [2025-01-11T20:17:35.083+0000] {dag.py:3262} INFO - Creating ORM DAG for example_workday_timetable
[2025-01-11T20:17:35.529+0000] {logging_mixin.py:190} INFO - [2025-01-11T20:17:35.529+0000] {dag.py:4180} INFO - Setting next_dagrun for example_workday_timetable to 2021-01-04 00:00:00+00:00, run_after=2021-01-05 00:00:00+00:00
[2025-01-11T20:17:35.591+0000] {processor.py:208} INFO - Processing /home/airflow/.local/lib/python3.12/site-packages/airflow/example_dags/example_workday_timetable.py took 1.340 seconds
[2025-01-11T20:26:51.495+0000] {processor.py:186} INFO - Started process (PID=95) to work on /home/airflow/.local/lib/python3.12/site-packages/airflow/example_dags/example_workday_timetable.py
[2025-01-11T20:26:51.498+0000] {processor.py:914} INFO - Processing file /home/airflow/.local/lib/python3.12/site-packages/airflow/example_dags/example_workday_timetable.py for tasks to queue
[2025-01-11T20:26:51.514+0000] {logging_mixin.py:190} INFO - [2025-01-11T20:26:51.512+0000] {dagbag.py:588} INFO - Filling up the DagBag from /home/airflow/.local/lib/python3.12/site-packages/airflow/example_dags/example_workday_timetable.py
[2025-01-11T20:26:51.526+0000] {processor.py:925} INFO - DAG(s) 'example_workday_timetable' retrieved from /home/airflow/.local/lib/python3.12/site-packages/airflow/example_dags/example_workday_timetable.py
[2025-01-11T20:26:51.613+0000] {logging_mixin.py:190} INFO - [2025-01-11T20:26:51.612+0000] {dag.py:3239} INFO - Sync 1 DAGs
[2025-01-11T20:26:52.017+0000] {logging_mixin.py:190} INFO - [2025-01-11T20:26:52.017+0000] {dag.py:4180} INFO - Setting next_dagrun for example_workday_timetable to 2021-01-04 00:00:00+00:00, run_after=2021-01-05 00:00:00+00:00
[2025-01-11T20:26:52.081+0000] {processor.py:208} INFO - Processing /home/airflow/.local/lib/python3.12/site-packages/airflow/example_dags/example_workday_timetable.py took 0.604 seconds
[2025-01-11T20:27:22.504+0000] {processor.py:186} INFO - Started process (PID=158) to work on /home/airflow/.local/lib/python3.12/site-packages/airflow/example_dags/example_workday_timetable.py
[2025-01-11T20:27:22.505+0000] {processor.py:914} INFO - Processing file /home/airflow/.local/lib/python3.12/site-packages/airflow/example_dags/example_workday_timetable.py for tasks to queue
[2025-01-11T20:27:22.507+0000] {logging_mixin.py:190} INFO - [2025-01-11T20:27:22.507+0000] {dagbag.py:588} INFO - Filling up the DagBag from /home/airflow/.local/lib/python3.12/site-packages/airflow/example_dags/example_workday_timetable.py
[2025-01-11T20:27:22.514+0000] {processor.py:925} INFO - DAG(s) 'example_workday_timetable' retrieved from /home/airflow/.local/lib/python3.12/site-packages/airflow/example_dags/example_workday_timetable.py
[2025-01-11T20:27:22.530+0000] {logging_mixin.py:190} INFO - [2025-01-11T20:27:22.530+0000] {dag.py:3239} INFO - Sync 1 DAGs
[2025-01-11T20:27:22.580+0000] {logging_mixin.py:190} INFO - [2025-01-11T20:27:22.580+0000] {dag.py:4180} INFO - Setting next_dagrun for example_workday_timetable to 2021-01-04 00:00:00+00:00, run_after=2021-01-05 00:00:00+00:00
[2025-01-11T20:27:22.599+0000] {processor.py:208} INFO - Processing /home/airflow/.local/lib/python3.12/site-packages/airflow/example_dags/example_workday_timetable.py took 0.100 seconds
