[2025-01-11T20:17:36.998+0000] {processor.py:186} INFO - Started process (PID=128) to work on /home/airflow/.local/lib/python3.12/site-packages/airflow/example_dags/example_complex.py
[2025-01-11T20:17:37.001+0000] {processor.py:914} INFO - Processing file /home/airflow/.local/lib/python3.12/site-packages/airflow/example_dags/example_complex.py for tasks to queue
[2025-01-11T20:17:37.019+0000] {logging_mixin.py:190} INFO - [2025-01-11T20:17:37.008+0000] {dagbag.py:588} INFO - Filling up the DagBag from /home/airflow/.local/lib/python3.12/site-packages/airflow/example_dags/example_complex.py
[2025-01-11T20:17:37.083+0000] {processor.py:925} INFO - DAG(s) 'example_complex' retrieved from /home/airflow/.local/lib/python3.12/site-packages/airflow/example_dags/example_complex.py
[2025-01-11T20:17:38.079+0000] {logging_mixin.py:190} INFO - [2025-01-11T20:17:38.078+0000] {override.py:1911} INFO - Created Permission View: can edit on DAG:example_complex
[2025-01-11T20:17:38.178+0000] {logging_mixin.py:190} INFO - [2025-01-11T20:17:38.177+0000] {override.py:1911} INFO - Created Permission View: can delete on DAG:example_complex
[2025-01-11T20:17:38.249+0000] {logging_mixin.py:190} INFO - [2025-01-11T20:17:38.249+0000] {override.py:1911} INFO - Created Permission View: can read on DAG:example_complex
[2025-01-11T20:17:38.396+0000] {logging_mixin.py:190} INFO - [2025-01-11T20:17:38.395+0000] {override.py:1911} INFO - Created Permission View: menu access on DAG Run:example_complex
[2025-01-11T20:17:38.439+0000] {logging_mixin.py:190} INFO - [2025-01-11T20:17:38.438+0000] {override.py:1911} INFO - Created Permission View: can create on DAG Run:example_complex
[2025-01-11T20:17:38.557+0000] {logging_mixin.py:190} INFO - [2025-01-11T20:17:38.556+0000] {override.py:1911} INFO - Created Permission View: can delete on DAG Run:example_complex
[2025-01-11T20:17:38.598+0000] {logging_mixin.py:190} INFO - [2025-01-11T20:17:38.597+0000] {override.py:1911} INFO - Created Permission View: can read on DAG Run:example_complex
[2025-01-11T20:17:38.605+0000] {logging_mixin.py:190} INFO - [2025-01-11T20:17:38.605+0000] {dag.py:3239} INFO - Sync 1 DAGs
[2025-01-11T20:17:38.686+0000] {logging_mixin.py:190} INFO - [2025-01-11T20:17:38.685+0000] {dag.py:3262} INFO - Creating ORM DAG for example_complex
[2025-01-11T20:17:38.718+0000] {logging_mixin.py:190} INFO - [2025-01-11T20:17:38.718+0000] {dag.py:4180} INFO - Setting next_dagrun for example_complex to None, run_after=None
[2025-01-11T20:17:38.847+0000] {processor.py:208} INFO - Processing /home/airflow/.local/lib/python3.12/site-packages/airflow/example_dags/example_complex.py took 1.887 seconds
[2025-01-11T20:26:52.837+0000] {processor.py:186} INFO - Started process (PID=100) to work on /home/airflow/.local/lib/python3.12/site-packages/airflow/example_dags/example_complex.py
[2025-01-11T20:26:52.850+0000] {processor.py:914} INFO - Processing file /home/airflow/.local/lib/python3.12/site-packages/airflow/example_dags/example_complex.py for tasks to queue
[2025-01-11T20:26:52.853+0000] {logging_mixin.py:190} INFO - [2025-01-11T20:26:52.852+0000] {dagbag.py:588} INFO - Filling up the DagBag from /home/airflow/.local/lib/python3.12/site-packages/airflow/example_dags/example_complex.py
[2025-01-11T20:26:52.889+0000] {processor.py:925} INFO - DAG(s) 'example_complex' retrieved from /home/airflow/.local/lib/python3.12/site-packages/airflow/example_dags/example_complex.py
[2025-01-11T20:26:52.982+0000] {logging_mixin.py:190} INFO - [2025-01-11T20:26:52.982+0000] {dag.py:3239} INFO - Sync 1 DAGs
[2025-01-11T20:26:53.031+0000] {logging_mixin.py:190} INFO - [2025-01-11T20:26:53.031+0000] {dag.py:4180} INFO - Setting next_dagrun for example_complex to None, run_after=None
[2025-01-11T20:26:53.069+0000] {processor.py:208} INFO - Processing /home/airflow/.local/lib/python3.12/site-packages/airflow/example_dags/example_complex.py took 0.259 seconds
[2025-01-11T20:27:23.783+0000] {processor.py:186} INFO - Started process (PID=163) to work on /home/airflow/.local/lib/python3.12/site-packages/airflow/example_dags/example_complex.py
[2025-01-11T20:27:23.785+0000] {processor.py:914} INFO - Processing file /home/airflow/.local/lib/python3.12/site-packages/airflow/example_dags/example_complex.py for tasks to queue
[2025-01-11T20:27:23.788+0000] {logging_mixin.py:190} INFO - [2025-01-11T20:27:23.788+0000] {dagbag.py:588} INFO - Filling up the DagBag from /home/airflow/.local/lib/python3.12/site-packages/airflow/example_dags/example_complex.py
[2025-01-11T20:27:23.800+0000] {processor.py:925} INFO - DAG(s) 'example_complex' retrieved from /home/airflow/.local/lib/python3.12/site-packages/airflow/example_dags/example_complex.py
[2025-01-11T20:27:23.825+0000] {logging_mixin.py:190} INFO - [2025-01-11T20:27:23.825+0000] {dag.py:3239} INFO - Sync 1 DAGs
[2025-01-11T20:27:23.841+0000] {logging_mixin.py:190} INFO - [2025-01-11T20:27:23.840+0000] {dag.py:4180} INFO - Setting next_dagrun for example_complex to None, run_after=None
[2025-01-11T20:27:23.859+0000] {processor.py:208} INFO - Processing /home/airflow/.local/lib/python3.12/site-packages/airflow/example_dags/example_complex.py took 0.082 seconds
