[2025-01-11T20:17:35.704+0000] {processor.py:186} INFO - Started process (PID=125) to work on /home/airflow/.local/lib/python3.12/site-packages/airflow/example_dags/example_xcomargs.py
[2025-01-11T20:17:35.712+0000] {processor.py:914} INFO - Processing file /home/airflow/.local/lib/python3.12/site-packages/airflow/example_dags/example_xcomargs.py for tasks to queue
[2025-01-11T20:17:35.720+0000] {logging_mixin.py:190} INFO - [2025-01-11T20:17:35.719+0000] {dagbag.py:588} INFO - Filling up the DagBag from /home/airflow/.local/lib/python3.12/site-packages/airflow/example_dags/example_xcomargs.py
[2025-01-11T20:17:35.748+0000] {processor.py:925} INFO - DAG(s) 'example_xcom_args_with_operators', 'example_xcom_args' retrieved from /home/airflow/.local/lib/python3.12/site-packages/airflow/example_dags/example_xcomargs.py
[2025-01-11T20:17:36.051+0000] {logging_mixin.py:190} INFO - [2025-01-11T20:17:36.048+0000] {override.py:1911} INFO - Created Permission View: can edit on DAG:example_xcom_args_with_operators
[2025-01-11T20:17:36.080+0000] {logging_mixin.py:190} INFO - [2025-01-11T20:17:36.079+0000] {override.py:1911} INFO - Created Permission View: can delete on DAG:example_xcom_args_with_operators
[2025-01-11T20:17:36.101+0000] {logging_mixin.py:190} INFO - [2025-01-11T20:17:36.100+0000] {override.py:1911} INFO - Created Permission View: can read on DAG:example_xcom_args_with_operators
[2025-01-11T20:17:36.124+0000] {logging_mixin.py:190} INFO - [2025-01-11T20:17:36.124+0000] {override.py:1911} INFO - Created Permission View: menu access on DAG Run:example_xcom_args_with_operators
[2025-01-11T20:17:36.165+0000] {logging_mixin.py:190} INFO - [2025-01-11T20:17:36.164+0000] {override.py:1911} INFO - Created Permission View: can create on DAG Run:example_xcom_args_with_operators
[2025-01-11T20:17:36.180+0000] {logging_mixin.py:190} INFO - [2025-01-11T20:17:36.180+0000] {override.py:1911} INFO - Created Permission View: can delete on DAG Run:example_xcom_args_with_operators
[2025-01-11T20:17:36.189+0000] {logging_mixin.py:190} INFO - [2025-01-11T20:17:36.188+0000] {override.py:1911} INFO - Created Permission View: can read on DAG Run:example_xcom_args_with_operators
[2025-01-11T20:17:36.250+0000] {logging_mixin.py:190} INFO - [2025-01-11T20:17:36.242+0000] {override.py:1911} INFO - Created Permission View: can edit on DAG:example_xcom_args
[2025-01-11T20:17:36.283+0000] {logging_mixin.py:190} INFO - [2025-01-11T20:17:36.282+0000] {override.py:1911} INFO - Created Permission View: can delete on DAG:example_xcom_args
[2025-01-11T20:17:36.313+0000] {logging_mixin.py:190} INFO - [2025-01-11T20:17:36.312+0000] {override.py:1911} INFO - Created Permission View: can read on DAG:example_xcom_args
[2025-01-11T20:17:36.359+0000] {logging_mixin.py:190} INFO - [2025-01-11T20:17:36.358+0000] {override.py:1911} INFO - Created Permission View: menu access on DAG Run:example_xcom_args
[2025-01-11T20:17:36.382+0000] {logging_mixin.py:190} INFO - [2025-01-11T20:17:36.381+0000] {override.py:1911} INFO - Created Permission View: can create on DAG Run:example_xcom_args
[2025-01-11T20:17:36.405+0000] {logging_mixin.py:190} INFO - [2025-01-11T20:17:36.404+0000] {override.py:1911} INFO - Created Permission View: can delete on DAG Run:example_xcom_args
[2025-01-11T20:17:36.431+0000] {logging_mixin.py:190} INFO - [2025-01-11T20:17:36.431+0000] {override.py:1911} INFO - Created Permission View: can read on DAG Run:example_xcom_args
[2025-01-11T20:17:36.432+0000] {logging_mixin.py:190} INFO - [2025-01-11T20:17:36.432+0000] {dag.py:3239} INFO - Sync 2 DAGs
[2025-01-11T20:17:36.524+0000] {logging_mixin.py:190} INFO - [2025-01-11T20:17:36.523+0000] {dag.py:3262} INFO - Creating ORM DAG for example_xcom_args
[2025-01-11T20:17:36.528+0000] {logging_mixin.py:190} INFO - [2025-01-11T20:17:36.527+0000] {dag.py:3262} INFO - Creating ORM DAG for example_xcom_args_with_operators
[2025-01-11T20:17:36.547+0000] {logging_mixin.py:190} INFO - [2025-01-11T20:17:36.546+0000] {dag.py:4180} INFO - Setting next_dagrun for example_xcom_args to None, run_after=None
[2025-01-11T20:17:36.554+0000] {logging_mixin.py:190} INFO - [2025-01-11T20:17:36.554+0000] {dag.py:4180} INFO - Setting next_dagrun for example_xcom_args_with_operators to None, run_after=None
[2025-01-11T20:17:36.627+0000] {processor.py:208} INFO - Processing /home/airflow/.local/lib/python3.12/site-packages/airflow/example_dags/example_xcomargs.py took 0.943 seconds
[2025-01-11T20:26:52.188+0000] {processor.py:186} INFO - Started process (PID=97) to work on /home/airflow/.local/lib/python3.12/site-packages/airflow/example_dags/example_xcomargs.py
[2025-01-11T20:26:52.196+0000] {processor.py:914} INFO - Processing file /home/airflow/.local/lib/python3.12/site-packages/airflow/example_dags/example_xcomargs.py for tasks to queue
[2025-01-11T20:26:52.202+0000] {logging_mixin.py:190} INFO - [2025-01-11T20:26:52.201+0000] {dagbag.py:588} INFO - Filling up the DagBag from /home/airflow/.local/lib/python3.12/site-packages/airflow/example_dags/example_xcomargs.py
[2025-01-11T20:26:52.241+0000] {processor.py:925} INFO - DAG(s) 'example_xcom_args_with_operators', 'example_xcom_args' retrieved from /home/airflow/.local/lib/python3.12/site-packages/airflow/example_dags/example_xcomargs.py
[2025-01-11T20:26:52.366+0000] {logging_mixin.py:190} INFO - [2025-01-11T20:26:52.366+0000] {dag.py:3239} INFO - Sync 2 DAGs
[2025-01-11T20:26:52.465+0000] {logging_mixin.py:190} INFO - [2025-01-11T20:26:52.465+0000] {dag.py:4180} INFO - Setting next_dagrun for example_xcom_args to None, run_after=None
[2025-01-11T20:26:52.475+0000] {logging_mixin.py:190} INFO - [2025-01-11T20:26:52.475+0000] {dag.py:4180} INFO - Setting next_dagrun for example_xcom_args_with_operators to None, run_after=None
[2025-01-11T20:26:52.520+0000] {processor.py:208} INFO - Processing /home/airflow/.local/lib/python3.12/site-packages/airflow/example_dags/example_xcomargs.py took 0.341 seconds
[2025-01-11T20:27:22.751+0000] {processor.py:186} INFO - Started process (PID=160) to work on /home/airflow/.local/lib/python3.12/site-packages/airflow/example_dags/example_xcomargs.py
[2025-01-11T20:27:22.752+0000] {processor.py:914} INFO - Processing file /home/airflow/.local/lib/python3.12/site-packages/airflow/example_dags/example_xcomargs.py for tasks to queue
[2025-01-11T20:27:22.755+0000] {logging_mixin.py:190} INFO - [2025-01-11T20:27:22.754+0000] {dagbag.py:588} INFO - Filling up the DagBag from /home/airflow/.local/lib/python3.12/site-packages/airflow/example_dags/example_xcomargs.py
[2025-01-11T20:27:22.767+0000] {processor.py:925} INFO - DAG(s) 'example_xcom_args_with_operators', 'example_xcom_args' retrieved from /home/airflow/.local/lib/python3.12/site-packages/airflow/example_dags/example_xcomargs.py
[2025-01-11T20:27:22.791+0000] {logging_mixin.py:190} INFO - [2025-01-11T20:27:22.791+0000] {dag.py:3239} INFO - Sync 2 DAGs
[2025-01-11T20:27:22.804+0000] {logging_mixin.py:190} INFO - [2025-01-11T20:27:22.804+0000] {dag.py:4180} INFO - Setting next_dagrun for example_xcom_args to None, run_after=None
[2025-01-11T20:27:22.809+0000] {logging_mixin.py:190} INFO - [2025-01-11T20:27:22.808+0000] {dag.py:4180} INFO - Setting next_dagrun for example_xcom_args_with_operators to None, run_after=None
[2025-01-11T20:27:22.824+0000] {processor.py:208} INFO - Processing /home/airflow/.local/lib/python3.12/site-packages/airflow/example_dags/example_xcomargs.py took 0.080 seconds
