[2025-01-11T20:17:25.742+0000] {processor.py:186} INFO - Started process (PID=108) to work on /home/airflow/.local/lib/python3.12/site-packages/airflow/example_dags/example_outlet_event_extra.py
[2025-01-11T20:17:25.749+0000] {processor.py:914} INFO - Processing file /home/airflow/.local/lib/python3.12/site-packages/airflow/example_dags/example_outlet_event_extra.py for tasks to queue
[2025-01-11T20:17:25.765+0000] {logging_mixin.py:190} INFO - [2025-01-11T20:17:25.757+0000] {dagbag.py:588} INFO - Filling up the DagBag from /home/airflow/.local/lib/python3.12/site-packages/airflow/example_dags/example_outlet_event_extra.py
[2025-01-11T20:17:31.178+0000] {processor.py:925} INFO - DAG(s) 'dataset_with_extra_by_context', 'dataset_with_extra_by_yield', 'dataset_with_extra_from_classic_operator' retrieved from /home/airflow/.local/lib/python3.12/site-packages/airflow/example_dags/example_outlet_event_extra.py
[2025-01-11T20:17:31.421+0000] {logging_mixin.py:190} INFO - [2025-01-11T20:17:31.418+0000] {override.py:1911} INFO - Created Permission View: can edit on DAG:dataset_with_extra_by_context
[2025-01-11T20:17:31.449+0000] {logging_mixin.py:190} INFO - [2025-01-11T20:17:31.449+0000] {override.py:1911} INFO - Created Permission View: can delete on DAG:dataset_with_extra_by_context
[2025-01-11T20:17:31.467+0000] {logging_mixin.py:190} INFO - [2025-01-11T20:17:31.466+0000] {override.py:1911} INFO - Created Permission View: can read on DAG:dataset_with_extra_by_context
[2025-01-11T20:17:31.488+0000] {logging_mixin.py:190} INFO - [2025-01-11T20:17:31.488+0000] {override.py:1911} INFO - Created Permission View: menu access on DAG Run:dataset_with_extra_by_context
[2025-01-11T20:17:31.500+0000] {logging_mixin.py:190} INFO - [2025-01-11T20:17:31.500+0000] {override.py:1911} INFO - Created Permission View: can create on DAG Run:dataset_with_extra_by_context
[2025-01-11T20:17:31.523+0000] {logging_mixin.py:190} INFO - [2025-01-11T20:17:31.515+0000] {override.py:1911} INFO - Created Permission View: can delete on DAG Run:dataset_with_extra_by_context
[2025-01-11T20:17:31.544+0000] {logging_mixin.py:190} INFO - [2025-01-11T20:17:31.543+0000] {override.py:1911} INFO - Created Permission View: can read on DAG Run:dataset_with_extra_by_context
[2025-01-11T20:17:31.576+0000] {logging_mixin.py:190} INFO - [2025-01-11T20:17:31.575+0000] {override.py:1911} INFO - Created Permission View: can edit on DAG:dataset_with_extra_by_yield
[2025-01-11T20:17:31.588+0000] {logging_mixin.py:190} INFO - [2025-01-11T20:17:31.588+0000] {override.py:1911} INFO - Created Permission View: can delete on DAG:dataset_with_extra_by_yield
[2025-01-11T20:17:31.602+0000] {logging_mixin.py:190} INFO - [2025-01-11T20:17:31.602+0000] {override.py:1911} INFO - Created Permission View: can read on DAG:dataset_with_extra_by_yield
[2025-01-11T20:17:31.622+0000] {logging_mixin.py:190} INFO - [2025-01-11T20:17:31.622+0000] {override.py:1911} INFO - Created Permission View: menu access on DAG Run:dataset_with_extra_by_yield
[2025-01-11T20:17:31.638+0000] {logging_mixin.py:190} INFO - [2025-01-11T20:17:31.637+0000] {override.py:1911} INFO - Created Permission View: can create on DAG Run:dataset_with_extra_by_yield
[2025-01-11T20:17:31.652+0000] {logging_mixin.py:190} INFO - [2025-01-11T20:17:31.651+0000] {override.py:1911} INFO - Created Permission View: can delete on DAG Run:dataset_with_extra_by_yield
[2025-01-11T20:17:31.668+0000] {logging_mixin.py:190} INFO - [2025-01-11T20:17:31.668+0000] {override.py:1911} INFO - Created Permission View: can read on DAG Run:dataset_with_extra_by_yield
[2025-01-11T20:17:31.708+0000] {logging_mixin.py:190} INFO - [2025-01-11T20:17:31.707+0000] {override.py:1911} INFO - Created Permission View: can edit on DAG:dataset_with_extra_from_classic_operator
[2025-01-11T20:17:31.723+0000] {logging_mixin.py:190} INFO - [2025-01-11T20:17:31.722+0000] {override.py:1911} INFO - Created Permission View: can delete on DAG:dataset_with_extra_from_classic_operator
[2025-01-11T20:17:31.738+0000] {logging_mixin.py:190} INFO - [2025-01-11T20:17:31.738+0000] {override.py:1911} INFO - Created Permission View: can read on DAG:dataset_with_extra_from_classic_operator
[2025-01-11T20:17:31.765+0000] {logging_mixin.py:190} INFO - [2025-01-11T20:17:31.764+0000] {override.py:1911} INFO - Created Permission View: menu access on DAG Run:dataset_with_extra_from_classic_operator
[2025-01-11T20:17:31.805+0000] {logging_mixin.py:190} INFO - [2025-01-11T20:17:31.801+0000] {override.py:1911} INFO - Created Permission View: can create on DAG Run:dataset_with_extra_from_classic_operator
[2025-01-11T20:17:31.838+0000] {logging_mixin.py:190} INFO - [2025-01-11T20:17:31.837+0000] {override.py:1911} INFO - Created Permission View: can delete on DAG Run:dataset_with_extra_from_classic_operator
[2025-01-11T20:17:31.867+0000] {logging_mixin.py:190} INFO - [2025-01-11T20:17:31.866+0000] {override.py:1911} INFO - Created Permission View: can read on DAG Run:dataset_with_extra_from_classic_operator
[2025-01-11T20:17:31.868+0000] {logging_mixin.py:190} INFO - [2025-01-11T20:17:31.867+0000] {dag.py:3239} INFO - Sync 3 DAGs
[2025-01-11T20:17:31.896+0000] {logging_mixin.py:190} INFO - [2025-01-11T20:17:31.895+0000] {dag.py:3262} INFO - Creating ORM DAG for dataset_with_extra_from_classic_operator
[2025-01-11T20:17:31.897+0000] {logging_mixin.py:190} INFO - [2025-01-11T20:17:31.897+0000] {dag.py:3262} INFO - Creating ORM DAG for dataset_with_extra_by_yield
[2025-01-11T20:17:31.898+0000] {logging_mixin.py:190} INFO - [2025-01-11T20:17:31.898+0000] {dag.py:3262} INFO - Creating ORM DAG for dataset_with_extra_by_context
[2025-01-11T20:17:31.917+0000] {logging_mixin.py:190} INFO - [2025-01-11T20:17:31.917+0000] {dag.py:4180} INFO - Setting next_dagrun for dataset_with_extra_by_context to 2025-01-10 00:00:00+00:00, run_after=2025-01-11 00:00:00+00:00
[2025-01-11T20:17:31.921+0000] {logging_mixin.py:190} INFO - [2025-01-11T20:17:31.920+0000] {dag.py:4180} INFO - Setting next_dagrun for dataset_with_extra_by_yield to 2025-01-10 00:00:00+00:00, run_after=2025-01-11 00:00:00+00:00
[2025-01-11T20:17:31.926+0000] {logging_mixin.py:190} INFO - [2025-01-11T20:17:31.926+0000] {dag.py:4180} INFO - Setting next_dagrun for dataset_with_extra_from_classic_operator to 2025-01-10 00:00:00+00:00, run_after=2025-01-11 00:00:00+00:00
[2025-01-11T20:17:32.001+0000] {processor.py:208} INFO - Processing /home/airflow/.local/lib/python3.12/site-packages/airflow/example_dags/example_outlet_event_extra.py took 6.282 seconds
[2025-01-11T20:26:44.873+0000] {processor.py:186} INFO - Started process (PID=86) to work on /home/airflow/.local/lib/python3.12/site-packages/airflow/example_dags/example_outlet_event_extra.py
[2025-01-11T20:26:44.875+0000] {processor.py:914} INFO - Processing file /home/airflow/.local/lib/python3.12/site-packages/airflow/example_dags/example_outlet_event_extra.py for tasks to queue
[2025-01-11T20:26:44.883+0000] {logging_mixin.py:190} INFO - [2025-01-11T20:26:44.882+0000] {dagbag.py:588} INFO - Filling up the DagBag from /home/airflow/.local/lib/python3.12/site-packages/airflow/example_dags/example_outlet_event_extra.py
[2025-01-11T20:26:49.147+0000] {processor.py:925} INFO - DAG(s) 'dataset_with_extra_by_yield', 'dataset_with_extra_from_classic_operator', 'dataset_with_extra_by_context' retrieved from /home/airflow/.local/lib/python3.12/site-packages/airflow/example_dags/example_outlet_event_extra.py
[2025-01-11T20:26:49.410+0000] {logging_mixin.py:190} INFO - [2025-01-11T20:26:49.409+0000] {dag.py:3239} INFO - Sync 3 DAGs
[2025-01-11T20:26:49.454+0000] {logging_mixin.py:190} INFO - [2025-01-11T20:26:49.453+0000] {dag.py:4180} INFO - Setting next_dagrun for dataset_with_extra_by_context to 2025-01-10 00:00:00+00:00, run_after=2025-01-11 00:00:00+00:00
[2025-01-11T20:26:49.482+0000] {logging_mixin.py:190} INFO - [2025-01-11T20:26:49.482+0000] {dag.py:4180} INFO - Setting next_dagrun for dataset_with_extra_by_yield to 2025-01-10 00:00:00+00:00, run_after=2025-01-11 00:00:00+00:00
[2025-01-11T20:26:49.486+0000] {logging_mixin.py:190} INFO - [2025-01-11T20:26:49.486+0000] {dag.py:4180} INFO - Setting next_dagrun for dataset_with_extra_from_classic_operator to 2025-01-10 00:00:00+00:00, run_after=2025-01-11 00:00:00+00:00
[2025-01-11T20:26:49.569+0000] {processor.py:208} INFO - Processing /home/airflow/.local/lib/python3.12/site-packages/airflow/example_dags/example_outlet_event_extra.py took 4.715 seconds
[2025-01-11T20:27:20.274+0000] {processor.py:186} INFO - Started process (PID=149) to work on /home/airflow/.local/lib/python3.12/site-packages/airflow/example_dags/example_outlet_event_extra.py
[2025-01-11T20:27:20.275+0000] {processor.py:914} INFO - Processing file /home/airflow/.local/lib/python3.12/site-packages/airflow/example_dags/example_outlet_event_extra.py for tasks to queue
[2025-01-11T20:27:20.279+0000] {logging_mixin.py:190} INFO - [2025-01-11T20:27:20.278+0000] {dagbag.py:588} INFO - Filling up the DagBag from /home/airflow/.local/lib/python3.12/site-packages/airflow/example_dags/example_outlet_event_extra.py
[2025-01-11T20:27:20.845+0000] {processor.py:925} INFO - DAG(s) 'dataset_with_extra_by_yield', 'dataset_with_extra_from_classic_operator', 'dataset_with_extra_by_context' retrieved from /home/airflow/.local/lib/python3.12/site-packages/airflow/example_dags/example_outlet_event_extra.py
[2025-01-11T20:27:20.870+0000] {logging_mixin.py:190} INFO - [2025-01-11T20:27:20.870+0000] {dag.py:3239} INFO - Sync 3 DAGs
[2025-01-11T20:27:20.894+0000] {logging_mixin.py:190} INFO - [2025-01-11T20:27:20.894+0000] {dag.py:4180} INFO - Setting next_dagrun for dataset_with_extra_by_context to 2025-01-10 00:00:00+00:00, run_after=2025-01-11 00:00:00+00:00
[2025-01-11T20:27:20.901+0000] {logging_mixin.py:190} INFO - [2025-01-11T20:27:20.900+0000] {dag.py:4180} INFO - Setting next_dagrun for dataset_with_extra_by_yield to 2025-01-10 00:00:00+00:00, run_after=2025-01-11 00:00:00+00:00
[2025-01-11T20:27:20.904+0000] {logging_mixin.py:190} INFO - [2025-01-11T20:27:20.904+0000] {dag.py:4180} INFO - Setting next_dagrun for dataset_with_extra_from_classic_operator to 2025-01-10 00:00:00+00:00, run_after=2025-01-11 00:00:00+00:00
[2025-01-11T20:27:20.924+0000] {processor.py:208} INFO - Processing /home/airflow/.local/lib/python3.12/site-packages/airflow/example_dags/example_outlet_event_extra.py took 0.661 seconds
