[2025-01-11T20:16:15.761+0000] {processor.py:186} INFO - Started process (PID=77) to work on /home/airflow/.local/lib/python3.12/site-packages/airflow/example_dags/example_xcom.py
[2025-01-11T20:16:15.763+0000] {processor.py:914} INFO - Processing file /home/airflow/.local/lib/python3.12/site-packages/airflow/example_dags/example_xcom.py for tasks to queue
[2025-01-11T20:16:15.770+0000] {logging_mixin.py:190} INFO - [2025-01-11T20:16:15.770+0000] {dagbag.py:588} INFO - Filling up the DagBag from /home/airflow/.local/lib/python3.12/site-packages/airflow/example_dags/example_xcom.py
[2025-01-11T20:16:15.811+0000] {processor.py:925} INFO - DAG(s) 'example_xcom' retrieved from /home/airflow/.local/lib/python3.12/site-packages/airflow/example_dags/example_xcom.py
[2025-01-11T20:16:16.345+0000] {logging_mixin.py:190} INFO - [2025-01-11T20:16:16.340+0000] {override.py:1911} INFO - Created Permission View: can edit on DAG:example_xcom
[2025-01-11T20:16:16.405+0000] {logging_mixin.py:190} INFO - [2025-01-11T20:16:16.404+0000] {override.py:1911} INFO - Created Permission View: can delete on DAG:example_xcom
[2025-01-11T20:16:16.444+0000] {logging_mixin.py:190} INFO - [2025-01-11T20:16:16.443+0000] {override.py:1911} INFO - Created Permission View: can read on DAG:example_xcom
[2025-01-11T20:16:16.489+0000] {logging_mixin.py:190} INFO - [2025-01-11T20:16:16.488+0000] {override.py:1911} INFO - Created Permission View: menu access on DAG Run:example_xcom
[2025-01-11T20:16:16.530+0000] {logging_mixin.py:190} INFO - [2025-01-11T20:16:16.530+0000] {override.py:1911} INFO - Created Permission View: can create on DAG Run:example_xcom
[2025-01-11T20:16:16.567+0000] {logging_mixin.py:190} INFO - [2025-01-11T20:16:16.567+0000] {override.py:1911} INFO - Created Permission View: can delete on DAG Run:example_xcom
[2025-01-11T20:16:16.589+0000] {logging_mixin.py:190} INFO - [2025-01-11T20:16:16.588+0000] {override.py:1911} INFO - Created Permission View: can read on DAG Run:example_xcom
[2025-01-11T20:16:16.601+0000] {logging_mixin.py:190} INFO - [2025-01-11T20:16:16.591+0000] {dag.py:3239} INFO - Sync 1 DAGs
[2025-01-11T20:16:16.766+0000] {logging_mixin.py:190} INFO - [2025-01-11T20:16:16.766+0000] {dag.py:3262} INFO - Creating ORM DAG for example_xcom
[2025-01-11T20:16:16.900+0000] {logging_mixin.py:190} INFO - [2025-01-11T20:16:16.900+0000] {dag.py:4180} INFO - Setting next_dagrun for example_xcom to 2021-01-01 00:00:00+00:00, run_after=2021-01-01 00:00:00+00:00
[2025-01-11T20:16:17.267+0000] {processor.py:208} INFO - Processing /home/airflow/.local/lib/python3.12/site-packages/airflow/example_dags/example_xcom.py took 1.521 seconds
[2025-01-11T20:26:33.588+0000] {processor.py:186} INFO - Started process (PID=67) to work on /home/airflow/.local/lib/python3.12/site-packages/airflow/example_dags/example_xcom.py
[2025-01-11T20:26:33.595+0000] {processor.py:914} INFO - Processing file /home/airflow/.local/lib/python3.12/site-packages/airflow/example_dags/example_xcom.py for tasks to queue
[2025-01-11T20:26:33.599+0000] {logging_mixin.py:190} INFO - [2025-01-11T20:26:33.598+0000] {dagbag.py:588} INFO - Filling up the DagBag from /home/airflow/.local/lib/python3.12/site-packages/airflow/example_dags/example_xcom.py
[2025-01-11T20:26:33.613+0000] {processor.py:925} INFO - DAG(s) 'example_xcom' retrieved from /home/airflow/.local/lib/python3.12/site-packages/airflow/example_dags/example_xcom.py
[2025-01-11T20:26:33.705+0000] {logging_mixin.py:190} INFO - [2025-01-11T20:26:33.704+0000] {dag.py:3239} INFO - Sync 1 DAGs
[2025-01-11T20:26:33.770+0000] {logging_mixin.py:190} INFO - [2025-01-11T20:26:33.769+0000] {dag.py:4180} INFO - Setting next_dagrun for example_xcom to 2021-01-01 00:00:00+00:00, run_after=2021-01-01 00:00:00+00:00
[2025-01-11T20:26:33.863+0000] {processor.py:208} INFO - Processing /home/airflow/.local/lib/python3.12/site-packages/airflow/example_dags/example_xcom.py took 0.290 seconds
[2025-01-11T20:27:04.307+0000] {processor.py:186} INFO - Started process (PID=129) to work on /home/airflow/.local/lib/python3.12/site-packages/airflow/example_dags/example_xcom.py
[2025-01-11T20:27:04.309+0000] {processor.py:914} INFO - Processing file /home/airflow/.local/lib/python3.12/site-packages/airflow/example_dags/example_xcom.py for tasks to queue
[2025-01-11T20:27:04.311+0000] {logging_mixin.py:190} INFO - [2025-01-11T20:27:04.311+0000] {dagbag.py:588} INFO - Filling up the DagBag from /home/airflow/.local/lib/python3.12/site-packages/airflow/example_dags/example_xcom.py
[2025-01-11T20:27:04.321+0000] {processor.py:925} INFO - DAG(s) 'example_xcom' retrieved from /home/airflow/.local/lib/python3.12/site-packages/airflow/example_dags/example_xcom.py
[2025-01-11T20:27:04.345+0000] {logging_mixin.py:190} INFO - [2025-01-11T20:27:04.345+0000] {dag.py:3239} INFO - Sync 1 DAGs
[2025-01-11T20:27:04.367+0000] {logging_mixin.py:190} INFO - [2025-01-11T20:27:04.367+0000] {dag.py:4180} INFO - Setting next_dagrun for example_xcom to 2021-01-01 00:00:00+00:00, run_after=2021-01-01 00:00:00+00:00
[2025-01-11T20:27:04.385+0000] {processor.py:208} INFO - Processing /home/airflow/.local/lib/python3.12/site-packages/airflow/example_dags/example_xcom.py took 0.083 seconds
[2025-01-11T20:27:35.163+0000] {processor.py:186} INFO - Started process (PID=193) to work on /home/airflow/.local/lib/python3.12/site-packages/airflow/example_dags/example_xcom.py
[2025-01-11T20:27:35.164+0000] {processor.py:914} INFO - Processing file /home/airflow/.local/lib/python3.12/site-packages/airflow/example_dags/example_xcom.py for tasks to queue
[2025-01-11T20:27:35.168+0000] {logging_mixin.py:190} INFO - [2025-01-11T20:27:35.167+0000] {dagbag.py:588} INFO - Filling up the DagBag from /home/airflow/.local/lib/python3.12/site-packages/airflow/example_dags/example_xcom.py
[2025-01-11T20:27:35.181+0000] {processor.py:925} INFO - DAG(s) 'example_xcom' retrieved from /home/airflow/.local/lib/python3.12/site-packages/airflow/example_dags/example_xcom.py
[2025-01-11T20:27:35.209+0000] {logging_mixin.py:190} INFO - [2025-01-11T20:27:35.208+0000] {dag.py:3239} INFO - Sync 1 DAGs
[2025-01-11T20:27:35.236+0000] {logging_mixin.py:190} INFO - [2025-01-11T20:27:35.235+0000] {dag.py:4180} INFO - Setting next_dagrun for example_xcom to 2021-01-01 00:00:00+00:00, run_after=2021-01-01 00:00:00+00:00
[2025-01-11T20:27:35.275+0000] {processor.py:208} INFO - Processing /home/airflow/.local/lib/python3.12/site-packages/airflow/example_dags/example_xcom.py took 0.121 seconds
