[2025-01-11T20:17:58.946+0000] {processor.py:186} INFO - Started process (PID=143) to work on /home/airflow/.local/lib/python3.12/site-packages/airflow/example_dags/example_sla_dag.py
[2025-01-11T20:17:58.949+0000] {processor.py:914} INFO - Processing file /home/airflow/.local/lib/python3.12/site-packages/airflow/example_dags/example_sla_dag.py for tasks to queue
[2025-01-11T20:17:58.955+0000] {logging_mixin.py:190} INFO - [2025-01-11T20:17:58.954+0000] {dagbag.py:588} INFO - Filling up the DagBag from /home/airflow/.local/lib/python3.12/site-packages/airflow/example_dags/example_sla_dag.py
[2025-01-11T20:17:58.984+0000] {processor.py:925} INFO - DAG(s) 'example_sla_dag' retrieved from /home/airflow/.local/lib/python3.12/site-packages/airflow/example_dags/example_sla_dag.py
[2025-01-11T20:17:59.604+0000] {logging_mixin.py:190} INFO - [2025-01-11T20:17:59.601+0000] {override.py:1911} INFO - Created Permission View: can edit on DAG:example_sla_dag
[2025-01-11T20:17:59.647+0000] {logging_mixin.py:190} INFO - [2025-01-11T20:17:59.647+0000] {override.py:1911} INFO - Created Permission View: can delete on DAG:example_sla_dag
[2025-01-11T20:17:59.671+0000] {logging_mixin.py:190} INFO - [2025-01-11T20:17:59.669+0000] {override.py:1911} INFO - Created Permission View: can read on DAG:example_sla_dag
[2025-01-11T20:17:59.696+0000] {logging_mixin.py:190} INFO - [2025-01-11T20:17:59.695+0000] {override.py:1911} INFO - Created Permission View: menu access on DAG Run:example_sla_dag
[2025-01-11T20:17:59.743+0000] {logging_mixin.py:190} INFO - [2025-01-11T20:17:59.741+0000] {override.py:1911} INFO - Created Permission View: can create on DAG Run:example_sla_dag
[2025-01-11T20:17:59.788+0000] {logging_mixin.py:190} INFO - [2025-01-11T20:17:59.787+0000] {override.py:1911} INFO - Created Permission View: can delete on DAG Run:example_sla_dag
[2025-01-11T20:17:59.860+0000] {logging_mixin.py:190} INFO - [2025-01-11T20:17:59.859+0000] {override.py:1911} INFO - Created Permission View: can read on DAG Run:example_sla_dag
[2025-01-11T20:17:59.875+0000] {logging_mixin.py:190} INFO - [2025-01-11T20:17:59.874+0000] {dag.py:3239} INFO - Sync 1 DAGs
[2025-01-11T20:18:00.084+0000] {logging_mixin.py:190} INFO - [2025-01-11T20:18:00.084+0000] {dag.py:3262} INFO - Creating ORM DAG for example_sla_dag
[2025-01-11T20:18:00.182+0000] {logging_mixin.py:190} INFO - [2025-01-11T20:18:00.182+0000] {dag.py:4180} INFO - Setting next_dagrun for example_sla_dag to 2025-01-11 20:16:00+00:00, run_after=2025-01-11 20:18:00+00:00
[2025-01-11T20:18:00.245+0000] {processor.py:208} INFO - Processing /home/airflow/.local/lib/python3.12/site-packages/airflow/example_dags/example_sla_dag.py took 1.315 seconds
[2025-01-11T20:26:56.477+0000] {processor.py:186} INFO - Started process (PID=115) to work on /home/airflow/.local/lib/python3.12/site-packages/airflow/example_dags/example_sla_dag.py
[2025-01-11T20:26:56.485+0000] {processor.py:914} INFO - Processing file /home/airflow/.local/lib/python3.12/site-packages/airflow/example_dags/example_sla_dag.py for tasks to queue
[2025-01-11T20:26:56.492+0000] {logging_mixin.py:190} INFO - [2025-01-11T20:26:56.488+0000] {dagbag.py:588} INFO - Filling up the DagBag from /home/airflow/.local/lib/python3.12/site-packages/airflow/example_dags/example_sla_dag.py
[2025-01-11T20:26:56.527+0000] {processor.py:925} INFO - DAG(s) 'example_sla_dag' retrieved from /home/airflow/.local/lib/python3.12/site-packages/airflow/example_dags/example_sla_dag.py
[2025-01-11T20:26:56.570+0000] {logging_mixin.py:190} INFO - [2025-01-11T20:26:56.570+0000] {dag.py:3239} INFO - Sync 1 DAGs
[2025-01-11T20:26:56.626+0000] {logging_mixin.py:190} INFO - [2025-01-11T20:26:56.626+0000] {dag.py:4180} INFO - Setting next_dagrun for example_sla_dag to 2025-01-11 20:24:00+00:00, run_after=2025-01-11 20:26:00+00:00
[2025-01-11T20:26:56.663+0000] {processor.py:208} INFO - Processing /home/airflow/.local/lib/python3.12/site-packages/airflow/example_dags/example_sla_dag.py took 0.200 seconds
[2025-01-11T20:27:26.779+0000] {processor.py:186} INFO - Started process (PID=177) to work on /home/airflow/.local/lib/python3.12/site-packages/airflow/example_dags/example_sla_dag.py
[2025-01-11T20:27:26.780+0000] {processor.py:914} INFO - Processing file /home/airflow/.local/lib/python3.12/site-packages/airflow/example_dags/example_sla_dag.py for tasks to queue
[2025-01-11T20:27:26.783+0000] {logging_mixin.py:190} INFO - [2025-01-11T20:27:26.782+0000] {dagbag.py:588} INFO - Filling up the DagBag from /home/airflow/.local/lib/python3.12/site-packages/airflow/example_dags/example_sla_dag.py
[2025-01-11T20:27:26.791+0000] {processor.py:925} INFO - DAG(s) 'example_sla_dag' retrieved from /home/airflow/.local/lib/python3.12/site-packages/airflow/example_dags/example_sla_dag.py
[2025-01-11T20:27:26.808+0000] {logging_mixin.py:190} INFO - [2025-01-11T20:27:26.808+0000] {dag.py:3239} INFO - Sync 1 DAGs
[2025-01-11T20:27:26.833+0000] {logging_mixin.py:190} INFO - [2025-01-11T20:27:26.833+0000] {dag.py:4180} INFO - Setting next_dagrun for example_sla_dag to 2025-01-11 20:24:00+00:00, run_after=2025-01-11 20:26:00+00:00
[2025-01-11T20:27:26.849+0000] {processor.py:208} INFO - Processing /home/airflow/.local/lib/python3.12/site-packages/airflow/example_dags/example_sla_dag.py took 0.074 seconds
