[2025-01-11T20:16:51.585+0000] {processor.py:186} INFO - Started process (PID=96) to work on /home/airflow/.local/lib/python3.12/site-packages/airflow/example_dags/example_setup_teardown_taskflow.py
[2025-01-11T20:16:51.590+0000] {processor.py:914} INFO - Processing file /home/airflow/.local/lib/python3.12/site-packages/airflow/example_dags/example_setup_teardown_taskflow.py for tasks to queue
[2025-01-11T20:16:51.606+0000] {logging_mixin.py:190} INFO - [2025-01-11T20:16:51.595+0000] {dagbag.py:588} INFO - Filling up the DagBag from /home/airflow/.local/lib/python3.12/site-packages/airflow/example_dags/example_setup_teardown_taskflow.py
[2025-01-11T20:16:51.966+0000] {processor.py:925} INFO - DAG(s) 'example_setup_teardown_taskflow' retrieved from /home/airflow/.local/lib/python3.12/site-packages/airflow/example_dags/example_setup_teardown_taskflow.py
[2025-01-11T20:16:54.783+0000] {logging_mixin.py:190} INFO - [2025-01-11T20:16:54.730+0000] {override.py:1911} INFO - Created Permission View: can edit on DAG:example_setup_teardown_taskflow
[2025-01-11T20:16:55.147+0000] {logging_mixin.py:190} INFO - [2025-01-11T20:16:55.006+0000] {override.py:1911} INFO - Created Permission View: can delete on DAG:example_setup_teardown_taskflow
[2025-01-11T20:16:55.277+0000] {logging_mixin.py:190} INFO - [2025-01-11T20:16:55.276+0000] {override.py:1911} INFO - Created Permission View: can read on DAG:example_setup_teardown_taskflow
[2025-01-11T20:16:55.343+0000] {logging_mixin.py:190} INFO - [2025-01-11T20:16:55.343+0000] {override.py:1911} INFO - Created Permission View: menu access on DAG Run:example_setup_teardown_taskflow
[2025-01-11T20:16:55.377+0000] {logging_mixin.py:190} INFO - [2025-01-11T20:16:55.376+0000] {override.py:1911} INFO - Created Permission View: can create on DAG Run:example_setup_teardown_taskflow
[2025-01-11T20:16:55.403+0000] {logging_mixin.py:190} INFO - [2025-01-11T20:16:55.402+0000] {override.py:1911} INFO - Created Permission View: can delete on DAG Run:example_setup_teardown_taskflow
[2025-01-11T20:16:55.434+0000] {logging_mixin.py:190} INFO - [2025-01-11T20:16:55.434+0000] {override.py:1911} INFO - Created Permission View: can read on DAG Run:example_setup_teardown_taskflow
[2025-01-11T20:16:55.437+0000] {logging_mixin.py:190} INFO - [2025-01-11T20:16:55.436+0000] {dag.py:3239} INFO - Sync 1 DAGs
[2025-01-11T20:16:55.993+0000] {logging_mixin.py:190} INFO - [2025-01-11T20:16:55.991+0000] {dag.py:3262} INFO - Creating ORM DAG for example_setup_teardown_taskflow
[2025-01-11T20:16:55.996+0000] {logging_mixin.py:190} INFO - [2025-01-11T20:16:55.996+0000] {dag.py:4180} INFO - Setting next_dagrun for example_setup_teardown_taskflow to None, run_after=None
[2025-01-11T20:16:56.214+0000] {processor.py:208} INFO - Processing /home/airflow/.local/lib/python3.12/site-packages/airflow/example_dags/example_setup_teardown_taskflow.py took 4.671 seconds
[2025-01-11T20:26:40.824+0000] {processor.py:186} INFO - Started process (PID=80) to work on /home/airflow/.local/lib/python3.12/site-packages/airflow/example_dags/example_setup_teardown_taskflow.py
[2025-01-11T20:26:40.835+0000] {processor.py:914} INFO - Processing file /home/airflow/.local/lib/python3.12/site-packages/airflow/example_dags/example_setup_teardown_taskflow.py for tasks to queue
[2025-01-11T20:26:40.846+0000] {logging_mixin.py:190} INFO - [2025-01-11T20:26:40.845+0000] {dagbag.py:588} INFO - Filling up the DagBag from /home/airflow/.local/lib/python3.12/site-packages/airflow/example_dags/example_setup_teardown_taskflow.py
[2025-01-11T20:26:40.888+0000] {processor.py:925} INFO - DAG(s) 'example_setup_teardown_taskflow' retrieved from /home/airflow/.local/lib/python3.12/site-packages/airflow/example_dags/example_setup_teardown_taskflow.py
[2025-01-11T20:26:40.981+0000] {logging_mixin.py:190} INFO - [2025-01-11T20:26:40.981+0000] {dag.py:3239} INFO - Sync 1 DAGs
[2025-01-11T20:26:41.008+0000] {logging_mixin.py:190} INFO - [2025-01-11T20:26:41.008+0000] {dag.py:4180} INFO - Setting next_dagrun for example_setup_teardown_taskflow to None, run_after=None
[2025-01-11T20:26:41.039+0000] {processor.py:208} INFO - Processing /home/airflow/.local/lib/python3.12/site-packages/airflow/example_dags/example_setup_teardown_taskflow.py took 0.223 seconds
[2025-01-11T20:27:11.390+0000] {processor.py:186} INFO - Started process (PID=143) to work on /home/airflow/.local/lib/python3.12/site-packages/airflow/example_dags/example_setup_teardown_taskflow.py
[2025-01-11T20:27:11.391+0000] {processor.py:914} INFO - Processing file /home/airflow/.local/lib/python3.12/site-packages/airflow/example_dags/example_setup_teardown_taskflow.py for tasks to queue
[2025-01-11T20:27:11.397+0000] {logging_mixin.py:190} INFO - [2025-01-11T20:27:11.396+0000] {dagbag.py:588} INFO - Filling up the DagBag from /home/airflow/.local/lib/python3.12/site-packages/airflow/example_dags/example_setup_teardown_taskflow.py
[2025-01-11T20:27:11.408+0000] {processor.py:925} INFO - DAG(s) 'example_setup_teardown_taskflow' retrieved from /home/airflow/.local/lib/python3.12/site-packages/airflow/example_dags/example_setup_teardown_taskflow.py
[2025-01-11T20:27:11.432+0000] {logging_mixin.py:190} INFO - [2025-01-11T20:27:11.432+0000] {dag.py:3239} INFO - Sync 1 DAGs
[2025-01-11T20:27:11.448+0000] {logging_mixin.py:190} INFO - [2025-01-11T20:27:11.448+0000] {dag.py:4180} INFO - Setting next_dagrun for example_setup_teardown_taskflow to None, run_after=None
[2025-01-11T20:27:11.469+0000] {processor.py:208} INFO - Processing /home/airflow/.local/lib/python3.12/site-packages/airflow/example_dags/example_setup_teardown_taskflow.py took 0.087 seconds
[2025-01-11T20:27:42.077+0000] {processor.py:186} INFO - Started process (PID=205) to work on /home/airflow/.local/lib/python3.12/site-packages/airflow/example_dags/example_setup_teardown_taskflow.py
[2025-01-11T20:27:42.078+0000] {processor.py:914} INFO - Processing file /home/airflow/.local/lib/python3.12/site-packages/airflow/example_dags/example_setup_teardown_taskflow.py for tasks to queue
[2025-01-11T20:27:42.082+0000] {logging_mixin.py:190} INFO - [2025-01-11T20:27:42.081+0000] {dagbag.py:588} INFO - Filling up the DagBag from /home/airflow/.local/lib/python3.12/site-packages/airflow/example_dags/example_setup_teardown_taskflow.py
[2025-01-11T20:27:42.091+0000] {processor.py:925} INFO - DAG(s) 'example_setup_teardown_taskflow' retrieved from /home/airflow/.local/lib/python3.12/site-packages/airflow/example_dags/example_setup_teardown_taskflow.py
[2025-01-11T20:27:42.112+0000] {logging_mixin.py:190} INFO - [2025-01-11T20:27:42.112+0000] {dag.py:3239} INFO - Sync 1 DAGs
[2025-01-11T20:27:42.126+0000] {logging_mixin.py:190} INFO - [2025-01-11T20:27:42.125+0000] {dag.py:4180} INFO - Setting next_dagrun for example_setup_teardown_taskflow to None, run_after=None
[2025-01-11T20:27:42.146+0000] {processor.py:208} INFO - Processing /home/airflow/.local/lib/python3.12/site-packages/airflow/example_dags/example_setup_teardown_taskflow.py took 0.078 seconds
