[2025-01-11T20:17:33.915+0000] {processor.py:186} INFO - Started process (PID=122) to work on /home/airflow/.local/lib/python3.12/site-packages/airflow/example_dags/example_short_circuit_operator.py
[2025-01-11T20:17:33.928+0000] {processor.py:914} INFO - Processing file /home/airflow/.local/lib/python3.12/site-packages/airflow/example_dags/example_short_circuit_operator.py for tasks to queue
[2025-01-11T20:17:33.944+0000] {logging_mixin.py:190} INFO - [2025-01-11T20:17:33.943+0000] {dagbag.py:588} INFO - Filling up the DagBag from /home/airflow/.local/lib/python3.12/site-packages/airflow/example_dags/example_short_circuit_operator.py
[2025-01-11T20:17:33.984+0000] {processor.py:925} INFO - DAG(s) 'example_short_circuit_operator' retrieved from /home/airflow/.local/lib/python3.12/site-packages/airflow/example_dags/example_short_circuit_operator.py
[2025-01-11T20:17:34.284+0000] {logging_mixin.py:190} INFO - [2025-01-11T20:17:34.276+0000] {override.py:1911} INFO - Created Permission View: can edit on DAG:example_short_circuit_operator
[2025-01-11T20:17:34.338+0000] {logging_mixin.py:190} INFO - [2025-01-11T20:17:34.338+0000] {override.py:1911} INFO - Created Permission View: can delete on DAG:example_short_circuit_operator
[2025-01-11T20:17:34.350+0000] {logging_mixin.py:190} INFO - [2025-01-11T20:17:34.350+0000] {override.py:1911} INFO - Created Permission View: can read on DAG:example_short_circuit_operator
[2025-01-11T20:17:34.380+0000] {logging_mixin.py:190} INFO - [2025-01-11T20:17:34.379+0000] {override.py:1911} INFO - Created Permission View: menu access on DAG Run:example_short_circuit_operator
[2025-01-11T20:17:34.461+0000] {logging_mixin.py:190} INFO - [2025-01-11T20:17:34.450+0000] {override.py:1911} INFO - Created Permission View: can create on DAG Run:example_short_circuit_operator
[2025-01-11T20:17:34.510+0000] {logging_mixin.py:190} INFO - [2025-01-11T20:17:34.509+0000] {override.py:1911} INFO - Created Permission View: can delete on DAG Run:example_short_circuit_operator
[2025-01-11T20:17:34.550+0000] {logging_mixin.py:190} INFO - [2025-01-11T20:17:34.539+0000] {override.py:1911} INFO - Created Permission View: can read on DAG Run:example_short_circuit_operator
[2025-01-11T20:17:34.555+0000] {logging_mixin.py:190} INFO - [2025-01-11T20:17:34.555+0000] {dag.py:3239} INFO - Sync 1 DAGs
[2025-01-11T20:17:34.607+0000] {logging_mixin.py:190} INFO - [2025-01-11T20:17:34.607+0000] {dag.py:3262} INFO - Creating ORM DAG for example_short_circuit_operator
[2025-01-11T20:17:34.616+0000] {logging_mixin.py:190} INFO - [2025-01-11T20:17:34.615+0000] {dag.py:4180} INFO - Setting next_dagrun for example_short_circuit_operator to None, run_after=None
[2025-01-11T20:17:34.739+0000] {processor.py:208} INFO - Processing /home/airflow/.local/lib/python3.12/site-packages/airflow/example_dags/example_short_circuit_operator.py took 0.831 seconds
[2025-01-11T20:26:51.193+0000] {processor.py:186} INFO - Started process (PID=94) to work on /home/airflow/.local/lib/python3.12/site-packages/airflow/example_dags/example_short_circuit_operator.py
[2025-01-11T20:26:51.194+0000] {processor.py:914} INFO - Processing file /home/airflow/.local/lib/python3.12/site-packages/airflow/example_dags/example_short_circuit_operator.py for tasks to queue
[2025-01-11T20:26:51.201+0000] {logging_mixin.py:190} INFO - [2025-01-11T20:26:51.200+0000] {dagbag.py:588} INFO - Filling up the DagBag from /home/airflow/.local/lib/python3.12/site-packages/airflow/example_dags/example_short_circuit_operator.py
[2025-01-11T20:26:51.218+0000] {processor.py:925} INFO - DAG(s) 'example_short_circuit_operator' retrieved from /home/airflow/.local/lib/python3.12/site-packages/airflow/example_dags/example_short_circuit_operator.py
[2025-01-11T20:26:51.327+0000] {logging_mixin.py:190} INFO - [2025-01-11T20:26:51.326+0000] {dag.py:3239} INFO - Sync 1 DAGs
[2025-01-11T20:26:51.353+0000] {logging_mixin.py:190} INFO - [2025-01-11T20:26:51.353+0000] {dag.py:4180} INFO - Setting next_dagrun for example_short_circuit_operator to None, run_after=None
[2025-01-11T20:26:51.387+0000] {processor.py:208} INFO - Processing /home/airflow/.local/lib/python3.12/site-packages/airflow/example_dags/example_short_circuit_operator.py took 0.201 seconds
[2025-01-11T20:27:22.386+0000] {processor.py:186} INFO - Started process (PID=157) to work on /home/airflow/.local/lib/python3.12/site-packages/airflow/example_dags/example_short_circuit_operator.py
[2025-01-11T20:27:22.388+0000] {processor.py:914} INFO - Processing file /home/airflow/.local/lib/python3.12/site-packages/airflow/example_dags/example_short_circuit_operator.py for tasks to queue
[2025-01-11T20:27:22.392+0000] {logging_mixin.py:190} INFO - [2025-01-11T20:27:22.392+0000] {dagbag.py:588} INFO - Filling up the DagBag from /home/airflow/.local/lib/python3.12/site-packages/airflow/example_dags/example_short_circuit_operator.py
[2025-01-11T20:27:22.406+0000] {processor.py:925} INFO - DAG(s) 'example_short_circuit_operator' retrieved from /home/airflow/.local/lib/python3.12/site-packages/airflow/example_dags/example_short_circuit_operator.py
[2025-01-11T20:27:22.438+0000] {logging_mixin.py:190} INFO - [2025-01-11T20:27:22.438+0000] {dag.py:3239} INFO - Sync 1 DAGs
[2025-01-11T20:27:22.453+0000] {logging_mixin.py:190} INFO - [2025-01-11T20:27:22.453+0000] {dag.py:4180} INFO - Setting next_dagrun for example_short_circuit_operator to None, run_after=None
[2025-01-11T20:27:22.472+0000] {processor.py:208} INFO - Processing /home/airflow/.local/lib/python3.12/site-packages/airflow/example_dags/example_short_circuit_operator.py took 0.094 seconds
