[2025-01-11T20:16:12.347+0000] {processor.py:186} INFO - Started process (PID=76) to work on /home/airflow/.local/lib/python3.12/site-packages/airflow/example_dags/example_branch_python_dop_operator_3.py
[2025-01-11T20:16:12.435+0000] {processor.py:914} INFO - Processing file /home/airflow/.local/lib/python3.12/site-packages/airflow/example_dags/example_branch_python_dop_operator_3.py for tasks to queue
[2025-01-11T20:16:12.468+0000] {logging_mixin.py:190} INFO - [2025-01-11T20:16:12.454+0000] {dagbag.py:588} INFO - Filling up the DagBag from /home/airflow/.local/lib/python3.12/site-packages/airflow/example_dags/example_branch_python_dop_operator_3.py
[2025-01-11T20:16:12.772+0000] {processor.py:925} INFO - DAG(s) 'example_branch_dop_operator_v3' retrieved from /home/airflow/.local/lib/python3.12/site-packages/airflow/example_dags/example_branch_python_dop_operator_3.py
[2025-01-11T20:16:15.369+0000] {logging_mixin.py:190} INFO - [2025-01-11T20:16:15.368+0000] {override.py:1911} INFO - Created Permission View: can edit on DAG:example_branch_dop_operator_v3
[2025-01-11T20:16:15.390+0000] {logging_mixin.py:190} INFO - [2025-01-11T20:16:15.390+0000] {override.py:1911} INFO - Created Permission View: can delete on DAG:example_branch_dop_operator_v3
[2025-01-11T20:16:15.403+0000] {logging_mixin.py:190} INFO - [2025-01-11T20:16:15.403+0000] {override.py:1911} INFO - Created Permission View: can read on DAG:example_branch_dop_operator_v3
[2025-01-11T20:16:15.431+0000] {logging_mixin.py:190} INFO - [2025-01-11T20:16:15.430+0000] {override.py:1911} INFO - Created Permission View: menu access on DAG Run:example_branch_dop_operator_v3
[2025-01-11T20:16:15.455+0000] {logging_mixin.py:190} INFO - [2025-01-11T20:16:15.454+0000] {override.py:1911} INFO - Created Permission View: can create on DAG Run:example_branch_dop_operator_v3
[2025-01-11T20:16:15.502+0000] {logging_mixin.py:190} INFO - [2025-01-11T20:16:15.502+0000] {override.py:1911} INFO - Created Permission View: can delete on DAG Run:example_branch_dop_operator_v3
[2025-01-11T20:16:15.525+0000] {logging_mixin.py:190} INFO - [2025-01-11T20:16:15.524+0000] {override.py:1911} INFO - Created Permission View: can read on DAG Run:example_branch_dop_operator_v3
[2025-01-11T20:16:15.528+0000] {logging_mixin.py:190} INFO - [2025-01-11T20:16:15.527+0000] {dag.py:3239} INFO - Sync 1 DAGs
[2025-01-11T20:16:15.573+0000] {logging_mixin.py:190} INFO - [2025-01-11T20:16:15.573+0000] {dag.py:3262} INFO - Creating ORM DAG for example_branch_dop_operator_v3
[2025-01-11T20:16:15.633+0000] {logging_mixin.py:190} INFO - [2025-01-11T20:16:15.633+0000] {dag.py:4180} INFO - Setting next_dagrun for example_branch_dop_operator_v3 to 2025-01-11 20:15:00+00:00, run_after=2025-01-11 20:16:00+00:00
[2025-01-11T20:16:15.716+0000] {processor.py:208} INFO - Processing /home/airflow/.local/lib/python3.12/site-packages/airflow/example_dags/example_branch_python_dop_operator_3.py took 3.687 seconds
[2025-01-11T20:18:02.292+0000] {processor.py:186} INFO - Started process (PID=156) to work on /home/airflow/.local/lib/python3.12/site-packages/airflow/example_dags/example_branch_python_dop_operator_3.py
[2025-01-11T20:18:02.295+0000] {processor.py:914} INFO - Processing file /home/airflow/.local/lib/python3.12/site-packages/airflow/example_dags/example_branch_python_dop_operator_3.py for tasks to queue
[2025-01-11T20:18:02.313+0000] {logging_mixin.py:190} INFO - [2025-01-11T20:18:02.312+0000] {dagbag.py:588} INFO - Filling up the DagBag from /home/airflow/.local/lib/python3.12/site-packages/airflow/example_dags/example_branch_python_dop_operator_3.py
[2025-01-11T20:18:02.414+0000] {processor.py:925} INFO - DAG(s) 'example_branch_dop_operator_v3' retrieved from /home/airflow/.local/lib/python3.12/site-packages/airflow/example_dags/example_branch_python_dop_operator_3.py
[2025-01-11T20:26:33.098+0000] {processor.py:186} INFO - Started process (PID=66) to work on /home/airflow/.local/lib/python3.12/site-packages/airflow/example_dags/example_branch_python_dop_operator_3.py
[2025-01-11T20:26:33.109+0000] {processor.py:914} INFO - Processing file /home/airflow/.local/lib/python3.12/site-packages/airflow/example_dags/example_branch_python_dop_operator_3.py for tasks to queue
[2025-01-11T20:26:33.166+0000] {logging_mixin.py:190} INFO - [2025-01-11T20:26:33.155+0000] {dagbag.py:588} INFO - Filling up the DagBag from /home/airflow/.local/lib/python3.12/site-packages/airflow/example_dags/example_branch_python_dop_operator_3.py
[2025-01-11T20:26:33.284+0000] {processor.py:925} INFO - DAG(s) 'example_branch_dop_operator_v3' retrieved from /home/airflow/.local/lib/python3.12/site-packages/airflow/example_dags/example_branch_python_dop_operator_3.py
[2025-01-11T20:26:33.404+0000] {logging_mixin.py:190} INFO - [2025-01-11T20:26:33.403+0000] {dag.py:3239} INFO - Sync 1 DAGs
[2025-01-11T20:26:33.485+0000] {logging_mixin.py:190} INFO - [2025-01-11T20:26:33.484+0000] {dag.py:4180} INFO - Setting next_dagrun for example_branch_dop_operator_v3 to 2025-01-11 20:25:00+00:00, run_after=2025-01-11 20:26:00+00:00
[2025-01-11T20:26:33.529+0000] {processor.py:208} INFO - Processing /home/airflow/.local/lib/python3.12/site-packages/airflow/example_dags/example_branch_python_dop_operator_3.py took 0.470 seconds
[2025-01-11T20:27:04.306+0000] {processor.py:186} INFO - Started process (PID=128) to work on /home/airflow/.local/lib/python3.12/site-packages/airflow/example_dags/example_branch_python_dop_operator_3.py
[2025-01-11T20:27:04.307+0000] {processor.py:914} INFO - Processing file /home/airflow/.local/lib/python3.12/site-packages/airflow/example_dags/example_branch_python_dop_operator_3.py for tasks to queue
[2025-01-11T20:27:04.309+0000] {logging_mixin.py:190} INFO - [2025-01-11T20:27:04.309+0000] {dagbag.py:588} INFO - Filling up the DagBag from /home/airflow/.local/lib/python3.12/site-packages/airflow/example_dags/example_branch_python_dop_operator_3.py
[2025-01-11T20:27:04.320+0000] {processor.py:925} INFO - DAG(s) 'example_branch_dop_operator_v3' retrieved from /home/airflow/.local/lib/python3.12/site-packages/airflow/example_dags/example_branch_python_dop_operator_3.py
[2025-01-11T20:27:04.340+0000] {logging_mixin.py:190} INFO - [2025-01-11T20:27:04.340+0000] {dag.py:3239} INFO - Sync 1 DAGs
[2025-01-11T20:27:04.368+0000] {logging_mixin.py:190} INFO - [2025-01-11T20:27:04.368+0000] {dag.py:4180} INFO - Setting next_dagrun for example_branch_dop_operator_v3 to 2025-01-11 20:26:00+00:00, run_after=2025-01-11 20:27:00+00:00
[2025-01-11T20:27:04.385+0000] {processor.py:208} INFO - Processing /home/airflow/.local/lib/python3.12/site-packages/airflow/example_dags/example_branch_python_dop_operator_3.py took 0.085 seconds
[2025-01-11T20:27:34.907+0000] {processor.py:186} INFO - Started process (PID=192) to work on /home/airflow/.local/lib/python3.12/site-packages/airflow/example_dags/example_branch_python_dop_operator_3.py
[2025-01-11T20:27:34.925+0000] {processor.py:914} INFO - Processing file /home/airflow/.local/lib/python3.12/site-packages/airflow/example_dags/example_branch_python_dop_operator_3.py for tasks to queue
[2025-01-11T20:27:34.934+0000] {logging_mixin.py:190} INFO - [2025-01-11T20:27:34.933+0000] {dagbag.py:588} INFO - Filling up the DagBag from /home/airflow/.local/lib/python3.12/site-packages/airflow/example_dags/example_branch_python_dop_operator_3.py
[2025-01-11T20:27:34.960+0000] {processor.py:925} INFO - DAG(s) 'example_branch_dop_operator_v3' retrieved from /home/airflow/.local/lib/python3.12/site-packages/airflow/example_dags/example_branch_python_dop_operator_3.py
[2025-01-11T20:27:34.987+0000] {logging_mixin.py:190} INFO - [2025-01-11T20:27:34.987+0000] {dag.py:3239} INFO - Sync 1 DAGs
[2025-01-11T20:27:35.056+0000] {logging_mixin.py:190} INFO - [2025-01-11T20:27:35.055+0000] {dag.py:4180} INFO - Setting next_dagrun for example_branch_dop_operator_v3 to 2025-01-11 20:26:00+00:00, run_after=2025-01-11 20:27:00+00:00
[2025-01-11T20:27:35.099+0000] {processor.py:208} INFO - Processing /home/airflow/.local/lib/python3.12/site-packages/airflow/example_dags/example_branch_python_dop_operator_3.py took 0.217 seconds
