[2025-01-11T20:16:27.655+0000] {processor.py:186} INFO - Started process (PID=88) to work on /home/airflow/.local/lib/python3.12/site-packages/airflow/example_dags/example_skip_dag.py
[2025-01-11T20:16:27.669+0000] {processor.py:914} INFO - Processing file /home/airflow/.local/lib/python3.12/site-packages/airflow/example_dags/example_skip_dag.py for tasks to queue
[2025-01-11T20:16:27.809+0000] {logging_mixin.py:190} INFO - [2025-01-11T20:16:27.766+0000] {dagbag.py:588} INFO - Filling up the DagBag from /home/airflow/.local/lib/python3.12/site-packages/airflow/example_dags/example_skip_dag.py
[2025-01-11T20:16:28.282+0000] {processor.py:925} INFO - DAG(s) 'example_skip_dag' retrieved from /home/airflow/.local/lib/python3.12/site-packages/airflow/example_dags/example_skip_dag.py
[2025-01-11T20:16:30.463+0000] {logging_mixin.py:190} INFO - [2025-01-11T20:16:30.462+0000] {override.py:1911} INFO - Created Permission View: can edit on DAG:example_skip_dag
[2025-01-11T20:16:30.504+0000] {logging_mixin.py:190} INFO - [2025-01-11T20:16:30.504+0000] {override.py:1911} INFO - Created Permission View: can delete on DAG:example_skip_dag
[2025-01-11T20:16:30.519+0000] {logging_mixin.py:190} INFO - [2025-01-11T20:16:30.518+0000] {override.py:1911} INFO - Created Permission View: can read on DAG:example_skip_dag
[2025-01-11T20:16:30.545+0000] {logging_mixin.py:190} INFO - [2025-01-11T20:16:30.544+0000] {override.py:1911} INFO - Created Permission View: menu access on DAG Run:example_skip_dag
[2025-01-11T20:16:30.557+0000] {logging_mixin.py:190} INFO - [2025-01-11T20:16:30.557+0000] {override.py:1911} INFO - Created Permission View: can create on DAG Run:example_skip_dag
[2025-01-11T20:16:30.569+0000] {logging_mixin.py:190} INFO - [2025-01-11T20:16:30.569+0000] {override.py:1911} INFO - Created Permission View: can delete on DAG Run:example_skip_dag
[2025-01-11T20:16:30.582+0000] {logging_mixin.py:190} INFO - [2025-01-11T20:16:30.582+0000] {override.py:1911} INFO - Created Permission View: can read on DAG Run:example_skip_dag
[2025-01-11T20:16:30.583+0000] {logging_mixin.py:190} INFO - [2025-01-11T20:16:30.583+0000] {dag.py:3239} INFO - Sync 1 DAGs
[2025-01-11T20:16:30.729+0000] {logging_mixin.py:190} INFO - [2025-01-11T20:16:30.728+0000] {dag.py:3262} INFO - Creating ORM DAG for example_skip_dag
[2025-01-11T20:16:30.954+0000] {logging_mixin.py:190} INFO - [2025-01-11T20:16:30.949+0000] {dag.py:4180} INFO - Setting next_dagrun for example_skip_dag to 2025-01-10 00:00:00+00:00, run_after=2025-01-11 00:00:00+00:00
[2025-01-11T20:16:31.121+0000] {processor.py:208} INFO - Processing /home/airflow/.local/lib/python3.12/site-packages/airflow/example_dags/example_skip_dag.py took 3.584 seconds
[2025-01-11T20:26:35.230+0000] {processor.py:186} INFO - Started process (PID=72) to work on /home/airflow/.local/lib/python3.12/site-packages/airflow/example_dags/example_skip_dag.py
[2025-01-11T20:26:35.233+0000] {processor.py:914} INFO - Processing file /home/airflow/.local/lib/python3.12/site-packages/airflow/example_dags/example_skip_dag.py for tasks to queue
[2025-01-11T20:26:35.237+0000] {logging_mixin.py:190} INFO - [2025-01-11T20:26:35.236+0000] {dagbag.py:588} INFO - Filling up the DagBag from /home/airflow/.local/lib/python3.12/site-packages/airflow/example_dags/example_skip_dag.py
[2025-01-11T20:26:35.264+0000] {processor.py:925} INFO - DAG(s) 'example_skip_dag' retrieved from /home/airflow/.local/lib/python3.12/site-packages/airflow/example_dags/example_skip_dag.py
[2025-01-11T20:26:35.308+0000] {logging_mixin.py:190} INFO - [2025-01-11T20:26:35.308+0000] {dag.py:3239} INFO - Sync 1 DAGs
[2025-01-11T20:26:35.335+0000] {logging_mixin.py:190} INFO - [2025-01-11T20:26:35.335+0000] {dag.py:4180} INFO - Setting next_dagrun for example_skip_dag to 2025-01-10 00:00:00+00:00, run_after=2025-01-11 00:00:00+00:00
[2025-01-11T20:26:35.356+0000] {processor.py:208} INFO - Processing /home/airflow/.local/lib/python3.12/site-packages/airflow/example_dags/example_skip_dag.py took 0.135 seconds
[2025-01-11T20:27:05.668+0000] {processor.py:186} INFO - Started process (PID=135) to work on /home/airflow/.local/lib/python3.12/site-packages/airflow/example_dags/example_skip_dag.py
[2025-01-11T20:27:05.669+0000] {processor.py:914} INFO - Processing file /home/airflow/.local/lib/python3.12/site-packages/airflow/example_dags/example_skip_dag.py for tasks to queue
[2025-01-11T20:27:05.672+0000] {logging_mixin.py:190} INFO - [2025-01-11T20:27:05.672+0000] {dagbag.py:588} INFO - Filling up the DagBag from /home/airflow/.local/lib/python3.12/site-packages/airflow/example_dags/example_skip_dag.py
[2025-01-11T20:27:05.681+0000] {processor.py:925} INFO - DAG(s) 'example_skip_dag' retrieved from /home/airflow/.local/lib/python3.12/site-packages/airflow/example_dags/example_skip_dag.py
[2025-01-11T20:27:05.700+0000] {logging_mixin.py:190} INFO - [2025-01-11T20:27:05.700+0000] {dag.py:3239} INFO - Sync 1 DAGs
[2025-01-11T20:27:05.723+0000] {logging_mixin.py:190} INFO - [2025-01-11T20:27:05.722+0000] {dag.py:4180} INFO - Setting next_dagrun for example_skip_dag to 2025-01-10 00:00:00+00:00, run_after=2025-01-11 00:00:00+00:00
[2025-01-11T20:27:05.747+0000] {processor.py:208} INFO - Processing /home/airflow/.local/lib/python3.12/site-packages/airflow/example_dags/example_skip_dag.py took 0.084 seconds
[2025-01-11T20:27:36.613+0000] {processor.py:186} INFO - Started process (PID=198) to work on /home/airflow/.local/lib/python3.12/site-packages/airflow/example_dags/example_skip_dag.py
[2025-01-11T20:27:36.614+0000] {processor.py:914} INFO - Processing file /home/airflow/.local/lib/python3.12/site-packages/airflow/example_dags/example_skip_dag.py for tasks to queue
[2025-01-11T20:27:36.617+0000] {logging_mixin.py:190} INFO - [2025-01-11T20:27:36.617+0000] {dagbag.py:588} INFO - Filling up the DagBag from /home/airflow/.local/lib/python3.12/site-packages/airflow/example_dags/example_skip_dag.py
[2025-01-11T20:27:36.626+0000] {processor.py:925} INFO - DAG(s) 'example_skip_dag' retrieved from /home/airflow/.local/lib/python3.12/site-packages/airflow/example_dags/example_skip_dag.py
[2025-01-11T20:27:36.651+0000] {logging_mixin.py:190} INFO - [2025-01-11T20:27:36.651+0000] {dag.py:3239} INFO - Sync 1 DAGs
[2025-01-11T20:27:36.677+0000] {logging_mixin.py:190} INFO - [2025-01-11T20:27:36.677+0000] {dag.py:4180} INFO - Setting next_dagrun for example_skip_dag to 2025-01-10 00:00:00+00:00, run_after=2025-01-11 00:00:00+00:00
[2025-01-11T20:27:36.704+0000] {processor.py:208} INFO - Processing /home/airflow/.local/lib/python3.12/site-packages/airflow/example_dags/example_skip_dag.py took 0.098 seconds
