[2025-01-11T20:16:31.098+0000] {processor.py:186} INFO - Started process (PID=89) to work on /home/airflow/.local/lib/python3.12/site-packages/airflow/example_dags/example_short_circuit_decorator.py
[2025-01-11T20:16:31.131+0000] {processor.py:914} INFO - Processing file /home/airflow/.local/lib/python3.12/site-packages/airflow/example_dags/example_short_circuit_decorator.py for tasks to queue
[2025-01-11T20:16:31.183+0000] {logging_mixin.py:190} INFO - [2025-01-11T20:16:31.183+0000] {dagbag.py:588} INFO - Filling up the DagBag from /home/airflow/.local/lib/python3.12/site-packages/airflow/example_dags/example_short_circuit_decorator.py
[2025-01-11T20:16:31.207+0000] {processor.py:925} INFO - DAG(s) 'example_short_circuit_decorator' retrieved from /home/airflow/.local/lib/python3.12/site-packages/airflow/example_dags/example_short_circuit_decorator.py
[2025-01-11T20:16:35.261+0000] {logging_mixin.py:190} INFO - [2025-01-11T20:16:35.238+0000] {override.py:1911} INFO - Created Permission View: can edit on DAG:example_short_circuit_decorator
[2025-01-11T20:16:36.123+0000] {logging_mixin.py:190} INFO - [2025-01-11T20:16:36.122+0000] {override.py:1911} INFO - Created Permission View: can delete on DAG:example_short_circuit_decorator
[2025-01-11T20:16:36.257+0000] {logging_mixin.py:190} INFO - [2025-01-11T20:16:36.256+0000] {override.py:1911} INFO - Created Permission View: can read on DAG:example_short_circuit_decorator
[2025-01-11T20:16:36.520+0000] {logging_mixin.py:190} INFO - [2025-01-11T20:16:36.520+0000] {override.py:1911} INFO - Created Permission View: menu access on DAG Run:example_short_circuit_decorator
[2025-01-11T20:16:36.577+0000] {logging_mixin.py:190} INFO - [2025-01-11T20:16:36.576+0000] {override.py:1911} INFO - Created Permission View: can create on DAG Run:example_short_circuit_decorator
[2025-01-11T20:16:36.614+0000] {logging_mixin.py:190} INFO - [2025-01-11T20:16:36.613+0000] {override.py:1911} INFO - Created Permission View: can delete on DAG Run:example_short_circuit_decorator
[2025-01-11T20:16:36.653+0000] {logging_mixin.py:190} INFO - [2025-01-11T20:16:36.652+0000] {override.py:1911} INFO - Created Permission View: can read on DAG Run:example_short_circuit_decorator
[2025-01-11T20:16:36.664+0000] {logging_mixin.py:190} INFO - [2025-01-11T20:16:36.664+0000] {dag.py:3239} INFO - Sync 1 DAGs
[2025-01-11T20:16:36.778+0000] {logging_mixin.py:190} INFO - [2025-01-11T20:16:36.777+0000] {dag.py:3262} INFO - Creating ORM DAG for example_short_circuit_decorator
[2025-01-11T20:16:36.793+0000] {logging_mixin.py:190} INFO - [2025-01-11T20:16:36.792+0000] {dag.py:4180} INFO - Setting next_dagrun for example_short_circuit_decorator to None, run_after=None
[2025-01-11T20:16:36.903+0000] {processor.py:208} INFO - Processing /home/airflow/.local/lib/python3.12/site-packages/airflow/example_dags/example_short_circuit_decorator.py took 6.150 seconds
[2025-01-11T20:26:35.411+0000] {processor.py:186} INFO - Started process (PID=73) to work on /home/airflow/.local/lib/python3.12/site-packages/airflow/example_dags/example_short_circuit_decorator.py
[2025-01-11T20:26:35.422+0000] {processor.py:914} INFO - Processing file /home/airflow/.local/lib/python3.12/site-packages/airflow/example_dags/example_short_circuit_decorator.py for tasks to queue
[2025-01-11T20:26:35.433+0000] {logging_mixin.py:190} INFO - [2025-01-11T20:26:35.433+0000] {dagbag.py:588} INFO - Filling up the DagBag from /home/airflow/.local/lib/python3.12/site-packages/airflow/example_dags/example_short_circuit_decorator.py
[2025-01-11T20:26:35.480+0000] {processor.py:925} INFO - DAG(s) 'example_short_circuit_decorator' retrieved from /home/airflow/.local/lib/python3.12/site-packages/airflow/example_dags/example_short_circuit_decorator.py
[2025-01-11T20:26:35.567+0000] {logging_mixin.py:190} INFO - [2025-01-11T20:26:35.567+0000] {dag.py:3239} INFO - Sync 1 DAGs
[2025-01-11T20:26:35.596+0000] {logging_mixin.py:190} INFO - [2025-01-11T20:26:35.595+0000] {dag.py:4180} INFO - Setting next_dagrun for example_short_circuit_decorator to None, run_after=None
[2025-01-11T20:26:35.653+0000] {processor.py:208} INFO - Processing /home/airflow/.local/lib/python3.12/site-packages/airflow/example_dags/example_short_circuit_decorator.py took 0.254 seconds
[2025-01-11T20:27:05.758+0000] {processor.py:186} INFO - Started process (PID=136) to work on /home/airflow/.local/lib/python3.12/site-packages/airflow/example_dags/example_short_circuit_decorator.py
[2025-01-11T20:27:05.759+0000] {processor.py:914} INFO - Processing file /home/airflow/.local/lib/python3.12/site-packages/airflow/example_dags/example_short_circuit_decorator.py for tasks to queue
[2025-01-11T20:27:05.763+0000] {logging_mixin.py:190} INFO - [2025-01-11T20:27:05.762+0000] {dagbag.py:588} INFO - Filling up the DagBag from /home/airflow/.local/lib/python3.12/site-packages/airflow/example_dags/example_short_circuit_decorator.py
[2025-01-11T20:27:05.776+0000] {processor.py:925} INFO - DAG(s) 'example_short_circuit_decorator' retrieved from /home/airflow/.local/lib/python3.12/site-packages/airflow/example_dags/example_short_circuit_decorator.py
[2025-01-11T20:27:05.803+0000] {logging_mixin.py:190} INFO - [2025-01-11T20:27:05.803+0000] {dag.py:3239} INFO - Sync 1 DAGs
[2025-01-11T20:27:05.820+0000] {logging_mixin.py:190} INFO - [2025-01-11T20:27:05.820+0000] {dag.py:4180} INFO - Setting next_dagrun for example_short_circuit_decorator to None, run_after=None
[2025-01-11T20:27:05.841+0000] {processor.py:208} INFO - Processing /home/airflow/.local/lib/python3.12/site-packages/airflow/example_dags/example_short_circuit_decorator.py took 0.089 seconds
[2025-01-11T20:27:36.617+0000] {processor.py:186} INFO - Started process (PID=199) to work on /home/airflow/.local/lib/python3.12/site-packages/airflow/example_dags/example_short_circuit_decorator.py
[2025-01-11T20:27:36.618+0000] {processor.py:914} INFO - Processing file /home/airflow/.local/lib/python3.12/site-packages/airflow/example_dags/example_short_circuit_decorator.py for tasks to queue
[2025-01-11T20:27:36.621+0000] {logging_mixin.py:190} INFO - [2025-01-11T20:27:36.621+0000] {dagbag.py:588} INFO - Filling up the DagBag from /home/airflow/.local/lib/python3.12/site-packages/airflow/example_dags/example_short_circuit_decorator.py
[2025-01-11T20:27:36.635+0000] {processor.py:925} INFO - DAG(s) 'example_short_circuit_decorator' retrieved from /home/airflow/.local/lib/python3.12/site-packages/airflow/example_dags/example_short_circuit_decorator.py
[2025-01-11T20:27:36.657+0000] {logging_mixin.py:190} INFO - [2025-01-11T20:27:36.657+0000] {dag.py:3239} INFO - Sync 1 DAGs
[2025-01-11T20:27:36.674+0000] {logging_mixin.py:190} INFO - [2025-01-11T20:27:36.674+0000] {dag.py:4180} INFO - Setting next_dagrun for example_short_circuit_decorator to None, run_after=None
[2025-01-11T20:27:36.705+0000] {processor.py:208} INFO - Processing /home/airflow/.local/lib/python3.12/site-packages/airflow/example_dags/example_short_circuit_decorator.py took 0.093 seconds
