[2025-01-11T20:17:40.830+0000] {processor.py:186} INFO - Started process (PID=132) to work on /home/airflow/.local/lib/python3.12/site-packages/airflow/example_dags/example_nested_branch_dag.py
[2025-01-11T20:17:40.832+0000] {processor.py:914} INFO - Processing file /home/airflow/.local/lib/python3.12/site-packages/airflow/example_dags/example_nested_branch_dag.py for tasks to queue
[2025-01-11T20:17:40.840+0000] {logging_mixin.py:190} INFO - [2025-01-11T20:17:40.838+0000] {dagbag.py:588} INFO - Filling up the DagBag from /home/airflow/.local/lib/python3.12/site-packages/airflow/example_dags/example_nested_branch_dag.py
[2025-01-11T20:17:40.918+0000] {processor.py:925} INFO - DAG(s) 'example_nested_branch_dag' retrieved from /home/airflow/.local/lib/python3.12/site-packages/airflow/example_dags/example_nested_branch_dag.py
[2025-01-11T20:17:41.574+0000] {logging_mixin.py:190} INFO - [2025-01-11T20:17:41.572+0000] {override.py:1911} INFO - Created Permission View: can edit on DAG:example_nested_branch_dag
[2025-01-11T20:17:41.652+0000] {logging_mixin.py:190} INFO - [2025-01-11T20:17:41.652+0000] {override.py:1911} INFO - Created Permission View: can delete on DAG:example_nested_branch_dag
[2025-01-11T20:17:41.683+0000] {logging_mixin.py:190} INFO - [2025-01-11T20:17:41.683+0000] {override.py:1911} INFO - Created Permission View: can read on DAG:example_nested_branch_dag
[2025-01-11T20:17:41.732+0000] {logging_mixin.py:190} INFO - [2025-01-11T20:17:41.732+0000] {override.py:1911} INFO - Created Permission View: menu access on DAG Run:example_nested_branch_dag
[2025-01-11T20:17:41.792+0000] {logging_mixin.py:190} INFO - [2025-01-11T20:17:41.790+0000] {override.py:1911} INFO - Created Permission View: can create on DAG Run:example_nested_branch_dag
[2025-01-11T20:17:41.874+0000] {logging_mixin.py:190} INFO - [2025-01-11T20:17:41.873+0000] {override.py:1911} INFO - Created Permission View: can delete on DAG Run:example_nested_branch_dag
[2025-01-11T20:17:41.923+0000] {logging_mixin.py:190} INFO - [2025-01-11T20:17:41.922+0000] {override.py:1911} INFO - Created Permission View: can read on DAG Run:example_nested_branch_dag
[2025-01-11T20:17:41.924+0000] {logging_mixin.py:190} INFO - [2025-01-11T20:17:41.924+0000] {dag.py:3239} INFO - Sync 1 DAGs
[2025-01-11T20:17:41.971+0000] {logging_mixin.py:190} INFO - [2025-01-11T20:17:41.971+0000] {dag.py:3262} INFO - Creating ORM DAG for example_nested_branch_dag
[2025-01-11T20:17:42.081+0000] {logging_mixin.py:190} INFO - [2025-01-11T20:17:42.080+0000] {dag.py:4180} INFO - Setting next_dagrun for example_nested_branch_dag to 2025-01-10 00:00:00+00:00, run_after=2025-01-11 00:00:00+00:00
[2025-01-11T20:17:42.264+0000] {processor.py:208} INFO - Processing /home/airflow/.local/lib/python3.12/site-packages/airflow/example_dags/example_nested_branch_dag.py took 1.443 seconds
[2025-01-11T20:26:53.466+0000] {processor.py:186} INFO - Started process (PID=104) to work on /home/airflow/.local/lib/python3.12/site-packages/airflow/example_dags/example_nested_branch_dag.py
[2025-01-11T20:26:53.468+0000] {processor.py:914} INFO - Processing file /home/airflow/.local/lib/python3.12/site-packages/airflow/example_dags/example_nested_branch_dag.py for tasks to queue
[2025-01-11T20:26:53.470+0000] {logging_mixin.py:190} INFO - [2025-01-11T20:26:53.470+0000] {dagbag.py:588} INFO - Filling up the DagBag from /home/airflow/.local/lib/python3.12/site-packages/airflow/example_dags/example_nested_branch_dag.py
[2025-01-11T20:26:53.487+0000] {processor.py:925} INFO - DAG(s) 'example_nested_branch_dag' retrieved from /home/airflow/.local/lib/python3.12/site-packages/airflow/example_dags/example_nested_branch_dag.py
[2025-01-11T20:26:53.524+0000] {logging_mixin.py:190} INFO - [2025-01-11T20:26:53.523+0000] {dag.py:3239} INFO - Sync 1 DAGs
[2025-01-11T20:26:53.578+0000] {logging_mixin.py:190} INFO - [2025-01-11T20:26:53.578+0000] {dag.py:4180} INFO - Setting next_dagrun for example_nested_branch_dag to 2025-01-10 00:00:00+00:00, run_after=2025-01-11 00:00:00+00:00
[2025-01-11T20:26:53.639+0000] {processor.py:208} INFO - Processing /home/airflow/.local/lib/python3.12/site-packages/airflow/example_dags/example_nested_branch_dag.py took 0.180 seconds
[2025-01-11T20:27:23.996+0000] {processor.py:186} INFO - Started process (PID=167) to work on /home/airflow/.local/lib/python3.12/site-packages/airflow/example_dags/example_nested_branch_dag.py
[2025-01-11T20:27:24.000+0000] {processor.py:914} INFO - Processing file /home/airflow/.local/lib/python3.12/site-packages/airflow/example_dags/example_nested_branch_dag.py for tasks to queue
[2025-01-11T20:27:24.003+0000] {logging_mixin.py:190} INFO - [2025-01-11T20:27:24.002+0000] {dagbag.py:588} INFO - Filling up the DagBag from /home/airflow/.local/lib/python3.12/site-packages/airflow/example_dags/example_nested_branch_dag.py
[2025-01-11T20:27:24.018+0000] {processor.py:925} INFO - DAG(s) 'example_nested_branch_dag' retrieved from /home/airflow/.local/lib/python3.12/site-packages/airflow/example_dags/example_nested_branch_dag.py
[2025-01-11T20:27:24.039+0000] {logging_mixin.py:190} INFO - [2025-01-11T20:27:24.039+0000] {dag.py:3239} INFO - Sync 1 DAGs
[2025-01-11T20:27:24.064+0000] {logging_mixin.py:190} INFO - [2025-01-11T20:27:24.064+0000] {dag.py:4180} INFO - Setting next_dagrun for example_nested_branch_dag to 2025-01-10 00:00:00+00:00, run_after=2025-01-11 00:00:00+00:00
[2025-01-11T20:27:24.090+0000] {processor.py:208} INFO - Processing /home/airflow/.local/lib/python3.12/site-packages/airflow/example_dags/example_nested_branch_dag.py took 0.099 seconds
