[2025-01-11T20:16:32.447+0000] {processor.py:186} INFO - Started process (PID=90) to work on /home/airflow/.local/lib/python3.12/site-packages/airflow/example_dags/example_sensor_decorator.py
[2025-01-11T20:16:32.471+0000] {processor.py:914} INFO - Processing file /home/airflow/.local/lib/python3.12/site-packages/airflow/example_dags/example_sensor_decorator.py for tasks to queue
[2025-01-11T20:16:32.552+0000] {logging_mixin.py:190} INFO - [2025-01-11T20:16:32.548+0000] {dagbag.py:588} INFO - Filling up the DagBag from /home/airflow/.local/lib/python3.12/site-packages/airflow/example_dags/example_sensor_decorator.py
[2025-01-11T20:16:32.639+0000] {processor.py:925} INFO - DAG(s) 'example_sensor_decorator' retrieved from /home/airflow/.local/lib/python3.12/site-packages/airflow/example_dags/example_sensor_decorator.py
[2025-01-11T20:16:35.184+0000] {logging_mixin.py:190} INFO - [2025-01-11T20:16:35.161+0000] {override.py:1911} INFO - Created Permission View: can edit on DAG:example_sensor_decorator
[2025-01-11T20:16:35.312+0000] {logging_mixin.py:190} INFO - [2025-01-11T20:16:35.312+0000] {override.py:1911} INFO - Created Permission View: can delete on DAG:example_sensor_decorator
[2025-01-11T20:16:35.589+0000] {logging_mixin.py:190} INFO - [2025-01-11T20:16:35.588+0000] {override.py:1911} INFO - Created Permission View: can read on DAG:example_sensor_decorator
[2025-01-11T20:16:35.797+0000] {logging_mixin.py:190} INFO - [2025-01-11T20:16:35.796+0000] {override.py:1911} INFO - Created Permission View: menu access on DAG Run:example_sensor_decorator
[2025-01-11T20:16:36.050+0000] {logging_mixin.py:190} INFO - [2025-01-11T20:16:36.049+0000] {override.py:1911} INFO - Created Permission View: can create on DAG Run:example_sensor_decorator
[2025-01-11T20:16:36.161+0000] {logging_mixin.py:190} INFO - [2025-01-11T20:16:36.160+0000] {override.py:1911} INFO - Created Permission View: can delete on DAG Run:example_sensor_decorator
[2025-01-11T20:16:36.313+0000] {logging_mixin.py:190} INFO - [2025-01-11T20:16:36.312+0000] {override.py:1911} INFO - Created Permission View: can read on DAG Run:example_sensor_decorator
[2025-01-11T20:16:36.314+0000] {logging_mixin.py:190} INFO - [2025-01-11T20:16:36.314+0000] {dag.py:3239} INFO - Sync 1 DAGs
[2025-01-11T20:16:36.719+0000] {logging_mixin.py:190} INFO - [2025-01-11T20:16:36.719+0000] {dag.py:3262} INFO - Creating ORM DAG for example_sensor_decorator
[2025-01-11T20:16:36.739+0000] {logging_mixin.py:190} INFO - [2025-01-11T20:16:36.738+0000] {dag.py:4180} INFO - Setting next_dagrun for example_sensor_decorator to None, run_after=None
[2025-01-11T20:16:36.808+0000] {processor.py:208} INFO - Processing /home/airflow/.local/lib/python3.12/site-packages/airflow/example_dags/example_sensor_decorator.py took 4.723 seconds
[2025-01-11T20:26:35.431+0000] {processor.py:186} INFO - Started process (PID=74) to work on /home/airflow/.local/lib/python3.12/site-packages/airflow/example_dags/example_sensor_decorator.py
[2025-01-11T20:26:35.441+0000] {processor.py:914} INFO - Processing file /home/airflow/.local/lib/python3.12/site-packages/airflow/example_dags/example_sensor_decorator.py for tasks to queue
[2025-01-11T20:26:35.461+0000] {logging_mixin.py:190} INFO - [2025-01-11T20:26:35.459+0000] {dagbag.py:588} INFO - Filling up the DagBag from /home/airflow/.local/lib/python3.12/site-packages/airflow/example_dags/example_sensor_decorator.py
[2025-01-11T20:26:35.484+0000] {processor.py:925} INFO - DAG(s) 'example_sensor_decorator' retrieved from /home/airflow/.local/lib/python3.12/site-packages/airflow/example_dags/example_sensor_decorator.py
[2025-01-11T20:26:35.546+0000] {logging_mixin.py:190} INFO - [2025-01-11T20:26:35.546+0000] {dag.py:3239} INFO - Sync 1 DAGs
[2025-01-11T20:26:35.579+0000] {logging_mixin.py:190} INFO - [2025-01-11T20:26:35.579+0000] {dag.py:4180} INFO - Setting next_dagrun for example_sensor_decorator to None, run_after=None
[2025-01-11T20:26:35.645+0000] {processor.py:208} INFO - Processing /home/airflow/.local/lib/python3.12/site-packages/airflow/example_dags/example_sensor_decorator.py took 0.237 seconds
[2025-01-11T20:27:05.785+0000] {processor.py:186} INFO - Started process (PID=137) to work on /home/airflow/.local/lib/python3.12/site-packages/airflow/example_dags/example_sensor_decorator.py
[2025-01-11T20:27:05.786+0000] {processor.py:914} INFO - Processing file /home/airflow/.local/lib/python3.12/site-packages/airflow/example_dags/example_sensor_decorator.py for tasks to queue
[2025-01-11T20:27:05.789+0000] {logging_mixin.py:190} INFO - [2025-01-11T20:27:05.789+0000] {dagbag.py:588} INFO - Filling up the DagBag from /home/airflow/.local/lib/python3.12/site-packages/airflow/example_dags/example_sensor_decorator.py
[2025-01-11T20:27:05.801+0000] {processor.py:925} INFO - DAG(s) 'example_sensor_decorator' retrieved from /home/airflow/.local/lib/python3.12/site-packages/airflow/example_dags/example_sensor_decorator.py
[2025-01-11T20:27:05.825+0000] {logging_mixin.py:190} INFO - [2025-01-11T20:27:05.825+0000] {dag.py:3239} INFO - Sync 1 DAGs
[2025-01-11T20:27:05.841+0000] {logging_mixin.py:190} INFO - [2025-01-11T20:27:05.841+0000] {dag.py:4180} INFO - Setting next_dagrun for example_sensor_decorator to None, run_after=None
[2025-01-11T20:27:05.862+0000] {processor.py:208} INFO - Processing /home/airflow/.local/lib/python3.12/site-packages/airflow/example_dags/example_sensor_decorator.py took 0.083 seconds
[2025-01-11T20:27:36.750+0000] {processor.py:186} INFO - Started process (PID=200) to work on /home/airflow/.local/lib/python3.12/site-packages/airflow/example_dags/example_sensor_decorator.py
[2025-01-11T20:27:36.752+0000] {processor.py:914} INFO - Processing file /home/airflow/.local/lib/python3.12/site-packages/airflow/example_dags/example_sensor_decorator.py for tasks to queue
[2025-01-11T20:27:36.754+0000] {logging_mixin.py:190} INFO - [2025-01-11T20:27:36.754+0000] {dagbag.py:588} INFO - Filling up the DagBag from /home/airflow/.local/lib/python3.12/site-packages/airflow/example_dags/example_sensor_decorator.py
[2025-01-11T20:27:36.761+0000] {processor.py:925} INFO - DAG(s) 'example_sensor_decorator' retrieved from /home/airflow/.local/lib/python3.12/site-packages/airflow/example_dags/example_sensor_decorator.py
[2025-01-11T20:27:36.784+0000] {logging_mixin.py:190} INFO - [2025-01-11T20:27:36.784+0000] {dag.py:3239} INFO - Sync 1 DAGs
[2025-01-11T20:27:36.801+0000] {logging_mixin.py:190} INFO - [2025-01-11T20:27:36.801+0000] {dag.py:4180} INFO - Setting next_dagrun for example_sensor_decorator to None, run_after=None
[2025-01-11T20:27:36.822+0000] {processor.py:208} INFO - Processing /home/airflow/.local/lib/python3.12/site-packages/airflow/example_dags/example_sensor_decorator.py took 0.077 seconds
