[2025-01-11T20:16:41.275+0000] {processor.py:186} INFO - Started process (PID=93) to work on /home/airflow/.local/lib/python3.12/site-packages/airflow/example_dags/example_trigger_target_dag.py
[2025-01-11T20:16:41.310+0000] {processor.py:914} INFO - Processing file /home/airflow/.local/lib/python3.12/site-packages/airflow/example_dags/example_trigger_target_dag.py for tasks to queue
[2025-01-11T20:16:41.358+0000] {logging_mixin.py:190} INFO - [2025-01-11T20:16:41.345+0000] {dagbag.py:588} INFO - Filling up the DagBag from /home/airflow/.local/lib/python3.12/site-packages/airflow/example_dags/example_trigger_target_dag.py
[2025-01-11T20:16:41.609+0000] {processor.py:925} INFO - DAG(s) 'example_trigger_target_dag' retrieved from /home/airflow/.local/lib/python3.12/site-packages/airflow/example_dags/example_trigger_target_dag.py
[2025-01-11T20:16:43.729+0000] {logging_mixin.py:190} INFO - [2025-01-11T20:16:43.727+0000] {override.py:1911} INFO - Created Permission View: can edit on DAG:example_trigger_target_dag
[2025-01-11T20:16:43.823+0000] {logging_mixin.py:190} INFO - [2025-01-11T20:16:43.822+0000] {override.py:1911} INFO - Created Permission View: can delete on DAG:example_trigger_target_dag
[2025-01-11T20:16:43.844+0000] {logging_mixin.py:190} INFO - [2025-01-11T20:16:43.844+0000] {override.py:1911} INFO - Created Permission View: can read on DAG:example_trigger_target_dag
[2025-01-11T20:16:43.872+0000] {logging_mixin.py:190} INFO - [2025-01-11T20:16:43.872+0000] {override.py:1911} INFO - Created Permission View: menu access on DAG Run:example_trigger_target_dag
[2025-01-11T20:16:43.897+0000] {logging_mixin.py:190} INFO - [2025-01-11T20:16:43.897+0000] {override.py:1911} INFO - Created Permission View: can create on DAG Run:example_trigger_target_dag
[2025-01-11T20:16:43.924+0000] {logging_mixin.py:190} INFO - [2025-01-11T20:16:43.923+0000] {override.py:1911} INFO - Created Permission View: can delete on DAG Run:example_trigger_target_dag
[2025-01-11T20:16:43.943+0000] {logging_mixin.py:190} INFO - [2025-01-11T20:16:43.942+0000] {override.py:1911} INFO - Created Permission View: can read on DAG Run:example_trigger_target_dag
[2025-01-11T20:16:43.947+0000] {logging_mixin.py:190} INFO - [2025-01-11T20:16:43.947+0000] {dag.py:3239} INFO - Sync 1 DAGs
[2025-01-11T20:16:44.058+0000] {logging_mixin.py:190} INFO - [2025-01-11T20:16:44.058+0000] {dag.py:3262} INFO - Creating ORM DAG for example_trigger_target_dag
[2025-01-11T20:16:44.065+0000] {logging_mixin.py:190} INFO - [2025-01-11T20:16:44.065+0000] {dag.py:4180} INFO - Setting next_dagrun for example_trigger_target_dag to None, run_after=None
[2025-01-11T20:16:44.177+0000] {processor.py:208} INFO - Processing /home/airflow/.local/lib/python3.12/site-packages/airflow/example_dags/example_trigger_target_dag.py took 3.188 seconds
[2025-01-11T20:26:38.195+0000] {processor.py:186} INFO - Started process (PID=77) to work on /home/airflow/.local/lib/python3.12/site-packages/airflow/example_dags/example_trigger_target_dag.py
[2025-01-11T20:26:38.212+0000] {processor.py:914} INFO - Processing file /home/airflow/.local/lib/python3.12/site-packages/airflow/example_dags/example_trigger_target_dag.py for tasks to queue
[2025-01-11T20:26:38.259+0000] {logging_mixin.py:190} INFO - [2025-01-11T20:26:38.250+0000] {dagbag.py:588} INFO - Filling up the DagBag from /home/airflow/.local/lib/python3.12/site-packages/airflow/example_dags/example_trigger_target_dag.py
[2025-01-11T20:26:38.380+0000] {processor.py:925} INFO - DAG(s) 'example_trigger_target_dag' retrieved from /home/airflow/.local/lib/python3.12/site-packages/airflow/example_dags/example_trigger_target_dag.py
[2025-01-11T20:26:38.549+0000] {logging_mixin.py:190} INFO - [2025-01-11T20:26:38.549+0000] {dag.py:3239} INFO - Sync 1 DAGs
[2025-01-11T20:26:38.606+0000] {logging_mixin.py:190} INFO - [2025-01-11T20:26:38.606+0000] {dag.py:4180} INFO - Setting next_dagrun for example_trigger_target_dag to None, run_after=None
[2025-01-11T20:26:38.702+0000] {processor.py:208} INFO - Processing /home/airflow/.local/lib/python3.12/site-packages/airflow/example_dags/example_trigger_target_dag.py took 0.690 seconds
[2025-01-11T20:27:08.969+0000] {processor.py:186} INFO - Started process (PID=139) to work on /home/airflow/.local/lib/python3.12/site-packages/airflow/example_dags/example_trigger_target_dag.py
[2025-01-11T20:27:08.971+0000] {processor.py:914} INFO - Processing file /home/airflow/.local/lib/python3.12/site-packages/airflow/example_dags/example_trigger_target_dag.py for tasks to queue
[2025-01-11T20:27:08.974+0000] {logging_mixin.py:190} INFO - [2025-01-11T20:27:08.974+0000] {dagbag.py:588} INFO - Filling up the DagBag from /home/airflow/.local/lib/python3.12/site-packages/airflow/example_dags/example_trigger_target_dag.py
[2025-01-11T20:27:08.983+0000] {processor.py:925} INFO - DAG(s) 'example_trigger_target_dag' retrieved from /home/airflow/.local/lib/python3.12/site-packages/airflow/example_dags/example_trigger_target_dag.py
[2025-01-11T20:27:09.001+0000] {logging_mixin.py:190} INFO - [2025-01-11T20:27:09.001+0000] {dag.py:3239} INFO - Sync 1 DAGs
[2025-01-11T20:27:09.013+0000] {logging_mixin.py:190} INFO - [2025-01-11T20:27:09.013+0000] {dag.py:4180} INFO - Setting next_dagrun for example_trigger_target_dag to None, run_after=None
[2025-01-11T20:27:09.034+0000] {processor.py:208} INFO - Processing /home/airflow/.local/lib/python3.12/site-packages/airflow/example_dags/example_trigger_target_dag.py took 0.071 seconds
[2025-01-11T20:27:39.903+0000] {processor.py:186} INFO - Started process (PID=202) to work on /home/airflow/.local/lib/python3.12/site-packages/airflow/example_dags/example_trigger_target_dag.py
[2025-01-11T20:27:39.904+0000] {processor.py:914} INFO - Processing file /home/airflow/.local/lib/python3.12/site-packages/airflow/example_dags/example_trigger_target_dag.py for tasks to queue
[2025-01-11T20:27:39.908+0000] {logging_mixin.py:190} INFO - [2025-01-11T20:27:39.907+0000] {dagbag.py:588} INFO - Filling up the DagBag from /home/airflow/.local/lib/python3.12/site-packages/airflow/example_dags/example_trigger_target_dag.py
[2025-01-11T20:27:39.922+0000] {processor.py:925} INFO - DAG(s) 'example_trigger_target_dag' retrieved from /home/airflow/.local/lib/python3.12/site-packages/airflow/example_dags/example_trigger_target_dag.py
[2025-01-11T20:27:39.958+0000] {logging_mixin.py:190} INFO - [2025-01-11T20:27:39.958+0000] {dag.py:3239} INFO - Sync 1 DAGs
[2025-01-11T20:27:39.982+0000] {logging_mixin.py:190} INFO - [2025-01-11T20:27:39.981+0000] {dag.py:4180} INFO - Setting next_dagrun for example_trigger_target_dag to None, run_after=None
[2025-01-11T20:27:40.002+0000] {processor.py:208} INFO - Processing /home/airflow/.local/lib/python3.12/site-packages/airflow/example_dags/example_trigger_target_dag.py took 0.106 seconds
