[2025-01-11T20:17:46.592+0000] {processor.py:186} INFO - Started process (PID=138) to work on /home/airflow/.local/lib/python3.12/site-packages/airflow/example_dags/example_kubernetes_executor.py
[2025-01-11T20:17:46.598+0000] {processor.py:914} INFO - Processing file /home/airflow/.local/lib/python3.12/site-packages/airflow/example_dags/example_kubernetes_executor.py for tasks to queue
[2025-01-11T20:17:46.624+0000] {logging_mixin.py:190} INFO - [2025-01-11T20:17:46.624+0000] {dagbag.py:588} INFO - Filling up the DagBag from /home/airflow/.local/lib/python3.12/site-packages/airflow/example_dags/example_kubernetes_executor.py
[2025-01-11T20:17:47.275+0000] {processor.py:925} INFO - DAG(s) 'example_kubernetes_executor' retrieved from /home/airflow/.local/lib/python3.12/site-packages/airflow/example_dags/example_kubernetes_executor.py
[2025-01-11T20:17:48.337+0000] {logging_mixin.py:190} INFO - [2025-01-11T20:17:48.336+0000] {override.py:1911} INFO - Created Permission View: can edit on DAG:example_kubernetes_executor
[2025-01-11T20:17:48.376+0000] {logging_mixin.py:190} INFO - [2025-01-11T20:17:48.376+0000] {override.py:1911} INFO - Created Permission View: can delete on DAG:example_kubernetes_executor
[2025-01-11T20:17:48.404+0000] {logging_mixin.py:190} INFO - [2025-01-11T20:17:48.403+0000] {override.py:1911} INFO - Created Permission View: can read on DAG:example_kubernetes_executor
[2025-01-11T20:17:48.477+0000] {logging_mixin.py:190} INFO - [2025-01-11T20:17:48.476+0000] {override.py:1911} INFO - Created Permission View: menu access on DAG Run:example_kubernetes_executor
[2025-01-11T20:17:48.506+0000] {logging_mixin.py:190} INFO - [2025-01-11T20:17:48.505+0000] {override.py:1911} INFO - Created Permission View: can create on DAG Run:example_kubernetes_executor
[2025-01-11T20:17:48.531+0000] {logging_mixin.py:190} INFO - [2025-01-11T20:17:48.530+0000] {override.py:1911} INFO - Created Permission View: can delete on DAG Run:example_kubernetes_executor
[2025-01-11T20:17:48.654+0000] {logging_mixin.py:190} INFO - [2025-01-11T20:17:48.652+0000] {override.py:1911} INFO - Created Permission View: can read on DAG Run:example_kubernetes_executor
[2025-01-11T20:17:48.659+0000] {logging_mixin.py:190} INFO - [2025-01-11T20:17:48.658+0000] {dag.py:3239} INFO - Sync 1 DAGs
[2025-01-11T20:17:48.778+0000] {logging_mixin.py:190} INFO - [2025-01-11T20:17:48.777+0000] {dag.py:3262} INFO - Creating ORM DAG for example_kubernetes_executor
[2025-01-11T20:17:48.780+0000] {logging_mixin.py:190} INFO - [2025-01-11T20:17:48.779+0000] {dag.py:4180} INFO - Setting next_dagrun for example_kubernetes_executor to None, run_after=None
[2025-01-11T20:17:48.860+0000] {processor.py:208} INFO - Processing /home/airflow/.local/lib/python3.12/site-packages/airflow/example_dags/example_kubernetes_executor.py took 2.281 seconds
[2025-01-11T20:26:54.362+0000] {processor.py:186} INFO - Started process (PID=110) to work on /home/airflow/.local/lib/python3.12/site-packages/airflow/example_dags/example_kubernetes_executor.py
[2025-01-11T20:26:54.371+0000] {processor.py:914} INFO - Processing file /home/airflow/.local/lib/python3.12/site-packages/airflow/example_dags/example_kubernetes_executor.py for tasks to queue
[2025-01-11T20:26:54.375+0000] {logging_mixin.py:190} INFO - [2025-01-11T20:26:54.375+0000] {dagbag.py:588} INFO - Filling up the DagBag from /home/airflow/.local/lib/python3.12/site-packages/airflow/example_dags/example_kubernetes_executor.py
[2025-01-11T20:26:54.424+0000] {processor.py:925} INFO - DAG(s) 'example_kubernetes_executor' retrieved from /home/airflow/.local/lib/python3.12/site-packages/airflow/example_dags/example_kubernetes_executor.py
[2025-01-11T20:26:54.512+0000] {logging_mixin.py:190} INFO - [2025-01-11T20:26:54.511+0000] {dag.py:3239} INFO - Sync 1 DAGs
[2025-01-11T20:26:54.543+0000] {logging_mixin.py:190} INFO - [2025-01-11T20:26:54.542+0000] {dag.py:4180} INFO - Setting next_dagrun for example_kubernetes_executor to None, run_after=None
[2025-01-11T20:26:54.570+0000] {processor.py:208} INFO - Processing /home/airflow/.local/lib/python3.12/site-packages/airflow/example_dags/example_kubernetes_executor.py took 0.223 seconds
[2025-01-11T20:27:24.633+0000] {processor.py:186} INFO - Started process (PID=173) to work on /home/airflow/.local/lib/python3.12/site-packages/airflow/example_dags/example_kubernetes_executor.py
[2025-01-11T20:27:24.634+0000] {processor.py:914} INFO - Processing file /home/airflow/.local/lib/python3.12/site-packages/airflow/example_dags/example_kubernetes_executor.py for tasks to queue
[2025-01-11T20:27:24.637+0000] {logging_mixin.py:190} INFO - [2025-01-11T20:27:24.636+0000] {dagbag.py:588} INFO - Filling up the DagBag from /home/airflow/.local/lib/python3.12/site-packages/airflow/example_dags/example_kubernetes_executor.py
[2025-01-11T20:27:24.648+0000] {processor.py:925} INFO - DAG(s) 'example_kubernetes_executor' retrieved from /home/airflow/.local/lib/python3.12/site-packages/airflow/example_dags/example_kubernetes_executor.py
[2025-01-11T20:27:24.674+0000] {logging_mixin.py:190} INFO - [2025-01-11T20:27:24.673+0000] {dag.py:3239} INFO - Sync 1 DAGs
[2025-01-11T20:27:24.691+0000] {logging_mixin.py:190} INFO - [2025-01-11T20:27:24.691+0000] {dag.py:4180} INFO - Setting next_dagrun for example_kubernetes_executor to None, run_after=None
[2025-01-11T20:27:24.711+0000] {processor.py:208} INFO - Processing /home/airflow/.local/lib/python3.12/site-packages/airflow/example_dags/example_kubernetes_executor.py took 0.082 seconds
