[2025-01-11T20:17:39.445+0000] {processor.py:186} INFO - Started process (PID=130) to work on /home/airflow/.local/lib/python3.12/site-packages/airflow/example_dags/tutorial.py
[2025-01-11T20:17:39.509+0000] {processor.py:914} INFO - Processing file /home/airflow/.local/lib/python3.12/site-packages/airflow/example_dags/tutorial.py for tasks to queue
[2025-01-11T20:17:39.526+0000] {logging_mixin.py:190} INFO - [2025-01-11T20:17:39.526+0000] {dagbag.py:588} INFO - Filling up the DagBag from /home/airflow/.local/lib/python3.12/site-packages/airflow/example_dags/tutorial.py
[2025-01-11T20:17:39.579+0000] {processor.py:925} INFO - DAG(s) 'tutorial' retrieved from /home/airflow/.local/lib/python3.12/site-packages/airflow/example_dags/tutorial.py
[2025-01-11T20:17:40.341+0000] {logging_mixin.py:190} INFO - [2025-01-11T20:17:40.340+0000] {override.py:1911} INFO - Created Permission View: can edit on DAG:tutorial
[2025-01-11T20:17:40.404+0000] {logging_mixin.py:190} INFO - [2025-01-11T20:17:40.403+0000] {override.py:1911} INFO - Created Permission View: can delete on DAG:tutorial
[2025-01-11T20:17:40.465+0000] {logging_mixin.py:190} INFO - [2025-01-11T20:17:40.465+0000] {override.py:1911} INFO - Created Permission View: can read on DAG:tutorial
[2025-01-11T20:17:40.517+0000] {logging_mixin.py:190} INFO - [2025-01-11T20:17:40.517+0000] {override.py:1911} INFO - Created Permission View: menu access on DAG Run:tutorial
[2025-01-11T20:17:40.550+0000] {logging_mixin.py:190} INFO - [2025-01-11T20:17:40.539+0000] {override.py:1911} INFO - Created Permission View: can create on DAG Run:tutorial
[2025-01-11T20:17:40.595+0000] {logging_mixin.py:190} INFO - [2025-01-11T20:17:40.595+0000] {override.py:1911} INFO - Created Permission View: can delete on DAG Run:tutorial
[2025-01-11T20:17:40.618+0000] {logging_mixin.py:190} INFO - [2025-01-11T20:17:40.618+0000] {override.py:1911} INFO - Created Permission View: can read on DAG Run:tutorial
[2025-01-11T20:17:40.620+0000] {logging_mixin.py:190} INFO - [2025-01-11T20:17:40.619+0000] {dag.py:3239} INFO - Sync 1 DAGs
[2025-01-11T20:17:40.656+0000] {logging_mixin.py:190} INFO - [2025-01-11T20:17:40.656+0000] {dag.py:3262} INFO - Creating ORM DAG for tutorial
[2025-01-11T20:17:40.690+0000] {logging_mixin.py:190} INFO - [2025-01-11T20:17:40.689+0000] {dag.py:4180} INFO - Setting next_dagrun for tutorial to 2025-01-10 00:00:00+00:00, run_after=2025-01-11 00:00:00+00:00
[2025-01-11T20:17:40.757+0000] {processor.py:208} INFO - Processing /home/airflow/.local/lib/python3.12/site-packages/airflow/example_dags/tutorial.py took 1.363 seconds
[2025-01-11T20:26:53.172+0000] {processor.py:186} INFO - Started process (PID=102) to work on /home/airflow/.local/lib/python3.12/site-packages/airflow/example_dags/tutorial.py
[2025-01-11T20:26:53.184+0000] {processor.py:914} INFO - Processing file /home/airflow/.local/lib/python3.12/site-packages/airflow/example_dags/tutorial.py for tasks to queue
[2025-01-11T20:26:53.188+0000] {logging_mixin.py:190} INFO - [2025-01-11T20:26:53.188+0000] {dagbag.py:588} INFO - Filling up the DagBag from /home/airflow/.local/lib/python3.12/site-packages/airflow/example_dags/tutorial.py
[2025-01-11T20:26:53.230+0000] {processor.py:925} INFO - DAG(s) 'tutorial' retrieved from /home/airflow/.local/lib/python3.12/site-packages/airflow/example_dags/tutorial.py
[2025-01-11T20:26:53.326+0000] {logging_mixin.py:190} INFO - [2025-01-11T20:26:53.326+0000] {dag.py:3239} INFO - Sync 1 DAGs
[2025-01-11T20:26:53.382+0000] {logging_mixin.py:190} INFO - [2025-01-11T20:26:53.382+0000] {dag.py:4180} INFO - Setting next_dagrun for tutorial to 2025-01-10 00:00:00+00:00, run_after=2025-01-11 00:00:00+00:00
[2025-01-11T20:26:53.420+0000] {processor.py:208} INFO - Processing /home/airflow/.local/lib/python3.12/site-packages/airflow/example_dags/tutorial.py took 0.260 seconds
[2025-01-11T20:27:23.893+0000] {processor.py:186} INFO - Started process (PID=165) to work on /home/airflow/.local/lib/python3.12/site-packages/airflow/example_dags/tutorial.py
[2025-01-11T20:27:23.894+0000] {processor.py:914} INFO - Processing file /home/airflow/.local/lib/python3.12/site-packages/airflow/example_dags/tutorial.py for tasks to queue
[2025-01-11T20:27:23.897+0000] {logging_mixin.py:190} INFO - [2025-01-11T20:27:23.897+0000] {dagbag.py:588} INFO - Filling up the DagBag from /home/airflow/.local/lib/python3.12/site-packages/airflow/example_dags/tutorial.py
[2025-01-11T20:27:23.904+0000] {processor.py:925} INFO - DAG(s) 'tutorial' retrieved from /home/airflow/.local/lib/python3.12/site-packages/airflow/example_dags/tutorial.py
[2025-01-11T20:27:23.923+0000] {logging_mixin.py:190} INFO - [2025-01-11T20:27:23.922+0000] {dag.py:3239} INFO - Sync 1 DAGs
[2025-01-11T20:27:23.945+0000] {logging_mixin.py:190} INFO - [2025-01-11T20:27:23.945+0000] {dag.py:4180} INFO - Setting next_dagrun for tutorial to 2025-01-10 00:00:00+00:00, run_after=2025-01-11 00:00:00+00:00
[2025-01-11T20:27:23.966+0000] {processor.py:208} INFO - Processing /home/airflow/.local/lib/python3.12/site-packages/airflow/example_dags/tutorial.py took 0.079 seconds
