[2025-01-11T20:17:31.191+0000] {processor.py:186} INFO - Started process (PID=117) to work on /home/airflow/.local/lib/python3.12/site-packages/airflow/example_dags/tutorial_dag.py
[2025-01-11T20:17:31.193+0000] {processor.py:914} INFO - Processing file /home/airflow/.local/lib/python3.12/site-packages/airflow/example_dags/tutorial_dag.py for tasks to queue
[2025-01-11T20:17:31.197+0000] {logging_mixin.py:190} INFO - [2025-01-11T20:17:31.197+0000] {dagbag.py:588} INFO - Filling up the DagBag from /home/airflow/.local/lib/python3.12/site-packages/airflow/example_dags/tutorial_dag.py
[2025-01-11T20:17:31.228+0000] {processor.py:925} INFO - DAG(s) 'tutorial_dag' retrieved from /home/airflow/.local/lib/python3.12/site-packages/airflow/example_dags/tutorial_dag.py
[2025-01-11T20:17:31.505+0000] {logging_mixin.py:190} INFO - [2025-01-11T20:17:31.504+0000] {override.py:1911} INFO - Created Permission View: can edit on DAG:tutorial_dag
[2025-01-11T20:17:31.524+0000] {logging_mixin.py:190} INFO - [2025-01-11T20:17:31.524+0000] {override.py:1911} INFO - Created Permission View: can delete on DAG:tutorial_dag
[2025-01-11T20:17:31.537+0000] {logging_mixin.py:190} INFO - [2025-01-11T20:17:31.537+0000] {override.py:1911} INFO - Created Permission View: can read on DAG:tutorial_dag
[2025-01-11T20:17:31.558+0000] {logging_mixin.py:190} INFO - [2025-01-11T20:17:31.558+0000] {override.py:1911} INFO - Created Permission View: menu access on DAG Run:tutorial_dag
[2025-01-11T20:17:31.572+0000] {logging_mixin.py:190} INFO - [2025-01-11T20:17:31.571+0000] {override.py:1911} INFO - Created Permission View: can create on DAG Run:tutorial_dag
[2025-01-11T20:17:31.583+0000] {logging_mixin.py:190} INFO - [2025-01-11T20:17:31.582+0000] {override.py:1911} INFO - Created Permission View: can delete on DAG Run:tutorial_dag
[2025-01-11T20:17:31.595+0000] {logging_mixin.py:190} INFO - [2025-01-11T20:17:31.595+0000] {override.py:1911} INFO - Created Permission View: can read on DAG Run:tutorial_dag
[2025-01-11T20:17:31.597+0000] {logging_mixin.py:190} INFO - [2025-01-11T20:17:31.597+0000] {dag.py:3239} INFO - Sync 1 DAGs
[2025-01-11T20:17:31.622+0000] {logging_mixin.py:190} INFO - [2025-01-11T20:17:31.621+0000] {dag.py:3262} INFO - Creating ORM DAG for tutorial_dag
[2025-01-11T20:17:31.623+0000] {logging_mixin.py:190} INFO - [2025-01-11T20:17:31.623+0000] {dag.py:4180} INFO - Setting next_dagrun for tutorial_dag to None, run_after=None
[2025-01-11T20:17:31.653+0000] {processor.py:208} INFO - Processing /home/airflow/.local/lib/python3.12/site-packages/airflow/example_dags/tutorial_dag.py took 0.479 seconds
[2025-01-11T20:26:50.708+0000] {processor.py:186} INFO - Started process (PID=89) to work on /home/airflow/.local/lib/python3.12/site-packages/airflow/example_dags/tutorial_dag.py
[2025-01-11T20:26:50.710+0000] {processor.py:914} INFO - Processing file /home/airflow/.local/lib/python3.12/site-packages/airflow/example_dags/tutorial_dag.py for tasks to queue
[2025-01-11T20:26:50.712+0000] {logging_mixin.py:190} INFO - [2025-01-11T20:26:50.712+0000] {dagbag.py:588} INFO - Filling up the DagBag from /home/airflow/.local/lib/python3.12/site-packages/airflow/example_dags/tutorial_dag.py
[2025-01-11T20:26:50.723+0000] {processor.py:925} INFO - DAG(s) 'tutorial_dag' retrieved from /home/airflow/.local/lib/python3.12/site-packages/airflow/example_dags/tutorial_dag.py
[2025-01-11T20:26:50.750+0000] {logging_mixin.py:190} INFO - [2025-01-11T20:26:50.750+0000] {dag.py:3239} INFO - Sync 1 DAGs
[2025-01-11T20:26:50.778+0000] {logging_mixin.py:190} INFO - [2025-01-11T20:26:50.778+0000] {dag.py:4180} INFO - Setting next_dagrun for tutorial_dag to None, run_after=None
[2025-01-11T20:26:50.796+0000] {processor.py:208} INFO - Processing /home/airflow/.local/lib/python3.12/site-packages/airflow/example_dags/tutorial_dag.py took 0.095 seconds
[2025-01-11T20:27:21.082+0000] {processor.py:186} INFO - Started process (PID=152) to work on /home/airflow/.local/lib/python3.12/site-packages/airflow/example_dags/tutorial_dag.py
[2025-01-11T20:27:21.083+0000] {processor.py:914} INFO - Processing file /home/airflow/.local/lib/python3.12/site-packages/airflow/example_dags/tutorial_dag.py for tasks to queue
[2025-01-11T20:27:21.086+0000] {logging_mixin.py:190} INFO - [2025-01-11T20:27:21.086+0000] {dagbag.py:588} INFO - Filling up the DagBag from /home/airflow/.local/lib/python3.12/site-packages/airflow/example_dags/tutorial_dag.py
[2025-01-11T20:27:21.098+0000] {processor.py:925} INFO - DAG(s) 'tutorial_dag' retrieved from /home/airflow/.local/lib/python3.12/site-packages/airflow/example_dags/tutorial_dag.py
[2025-01-11T20:27:21.127+0000] {logging_mixin.py:190} INFO - [2025-01-11T20:27:21.121+0000] {dag.py:3239} INFO - Sync 1 DAGs
[2025-01-11T20:27:21.144+0000] {logging_mixin.py:190} INFO - [2025-01-11T20:27:21.144+0000] {dag.py:4180} INFO - Setting next_dagrun for tutorial_dag to None, run_after=None
[2025-01-11T20:27:21.166+0000] {processor.py:208} INFO - Processing /home/airflow/.local/lib/python3.12/site-packages/airflow/example_dags/tutorial_dag.py took 0.094 seconds
