[2025-01-11T20:17:43.646+0000] {processor.py:186} INFO - Started process (PID=135) to work on /home/airflow/.local/lib/python3.12/site-packages/airflow/example_dags/tutorial_taskflow_templates.py
[2025-01-11T20:17:43.648+0000] {processor.py:914} INFO - Processing file /home/airflow/.local/lib/python3.12/site-packages/airflow/example_dags/tutorial_taskflow_templates.py for tasks to queue
[2025-01-11T20:17:43.660+0000] {logging_mixin.py:190} INFO - [2025-01-11T20:17:43.658+0000] {dagbag.py:588} INFO - Filling up the DagBag from /home/airflow/.local/lib/python3.12/site-packages/airflow/example_dags/tutorial_taskflow_templates.py
[2025-01-11T20:17:43.689+0000] {processor.py:925} INFO - DAG(s) 'tutorial_taskflow_templates' retrieved from /home/airflow/.local/lib/python3.12/site-packages/airflow/example_dags/tutorial_taskflow_templates.py
[2025-01-11T20:17:44.113+0000] {logging_mixin.py:190} INFO - [2025-01-11T20:17:44.102+0000] {override.py:1911} INFO - Created Permission View: can edit on DAG:tutorial_taskflow_templates
[2025-01-11T20:17:44.165+0000] {logging_mixin.py:190} INFO - [2025-01-11T20:17:44.164+0000] {override.py:1911} INFO - Created Permission View: can delete on DAG:tutorial_taskflow_templates
[2025-01-11T20:17:44.711+0000] {logging_mixin.py:190} INFO - [2025-01-11T20:17:44.710+0000] {override.py:1911} INFO - Created Permission View: can read on DAG:tutorial_taskflow_templates
[2025-01-11T20:17:44.826+0000] {logging_mixin.py:190} INFO - [2025-01-11T20:17:44.825+0000] {override.py:1911} INFO - Created Permission View: menu access on DAG Run:tutorial_taskflow_templates
[2025-01-11T20:17:44.892+0000] {logging_mixin.py:190} INFO - [2025-01-11T20:17:44.890+0000] {override.py:1911} INFO - Created Permission View: can create on DAG Run:tutorial_taskflow_templates
[2025-01-11T20:17:44.942+0000] {logging_mixin.py:190} INFO - [2025-01-11T20:17:44.940+0000] {override.py:1911} INFO - Created Permission View: can delete on DAG Run:tutorial_taskflow_templates
[2025-01-11T20:17:44.994+0000] {logging_mixin.py:190} INFO - [2025-01-11T20:17:44.994+0000] {override.py:1911} INFO - Created Permission View: can read on DAG Run:tutorial_taskflow_templates
[2025-01-11T20:17:44.999+0000] {logging_mixin.py:190} INFO - [2025-01-11T20:17:44.998+0000] {dag.py:3239} INFO - Sync 1 DAGs
[2025-01-11T20:17:45.051+0000] {logging_mixin.py:190} INFO - [2025-01-11T20:17:45.050+0000] {dag.py:3262} INFO - Creating ORM DAG for tutorial_taskflow_templates
[2025-01-11T20:17:45.145+0000] {logging_mixin.py:190} INFO - [2025-01-11T20:17:45.134+0000] {dag.py:4180} INFO - Setting next_dagrun for tutorial_taskflow_templates to 2025-01-10 00:00:00+00:00, run_after=2025-01-11 00:00:00+00:00
[2025-01-11T20:17:45.312+0000] {processor.py:208} INFO - Processing /home/airflow/.local/lib/python3.12/site-packages/airflow/example_dags/tutorial_taskflow_templates.py took 1.677 seconds
[2025-01-11T20:26:53.952+0000] {processor.py:186} INFO - Started process (PID=107) to work on /home/airflow/.local/lib/python3.12/site-packages/airflow/example_dags/tutorial_taskflow_templates.py
[2025-01-11T20:26:53.955+0000] {processor.py:914} INFO - Processing file /home/airflow/.local/lib/python3.12/site-packages/airflow/example_dags/tutorial_taskflow_templates.py for tasks to queue
[2025-01-11T20:26:53.958+0000] {logging_mixin.py:190} INFO - [2025-01-11T20:26:53.958+0000] {dagbag.py:588} INFO - Filling up the DagBag from /home/airflow/.local/lib/python3.12/site-packages/airflow/example_dags/tutorial_taskflow_templates.py
[2025-01-11T20:26:53.977+0000] {processor.py:925} INFO - DAG(s) 'tutorial_taskflow_templates' retrieved from /home/airflow/.local/lib/python3.12/site-packages/airflow/example_dags/tutorial_taskflow_templates.py
[2025-01-11T20:26:54.019+0000] {logging_mixin.py:190} INFO - [2025-01-11T20:26:54.018+0000] {dag.py:3239} INFO - Sync 1 DAGs
[2025-01-11T20:26:54.062+0000] {logging_mixin.py:190} INFO - [2025-01-11T20:26:54.062+0000] {dag.py:4180} INFO - Setting next_dagrun for tutorial_taskflow_templates to 2025-01-10 00:00:00+00:00, run_after=2025-01-11 00:00:00+00:00
[2025-01-11T20:26:54.089+0000] {processor.py:208} INFO - Processing /home/airflow/.local/lib/python3.12/site-packages/airflow/example_dags/tutorial_taskflow_templates.py took 0.146 seconds
[2025-01-11T20:27:24.357+0000] {processor.py:186} INFO - Started process (PID=170) to work on /home/airflow/.local/lib/python3.12/site-packages/airflow/example_dags/tutorial_taskflow_templates.py
[2025-01-11T20:27:24.358+0000] {processor.py:914} INFO - Processing file /home/airflow/.local/lib/python3.12/site-packages/airflow/example_dags/tutorial_taskflow_templates.py for tasks to queue
[2025-01-11T20:27:24.362+0000] {logging_mixin.py:190} INFO - [2025-01-11T20:27:24.361+0000] {dagbag.py:588} INFO - Filling up the DagBag from /home/airflow/.local/lib/python3.12/site-packages/airflow/example_dags/tutorial_taskflow_templates.py
[2025-01-11T20:27:24.375+0000] {processor.py:925} INFO - DAG(s) 'tutorial_taskflow_templates' retrieved from /home/airflow/.local/lib/python3.12/site-packages/airflow/example_dags/tutorial_taskflow_templates.py
[2025-01-11T20:27:24.396+0000] {logging_mixin.py:190} INFO - [2025-01-11T20:27:24.395+0000] {dag.py:3239} INFO - Sync 1 DAGs
[2025-01-11T20:27:24.431+0000] {logging_mixin.py:190} INFO - [2025-01-11T20:27:24.430+0000] {dag.py:4180} INFO - Setting next_dagrun for tutorial_taskflow_templates to 2025-01-10 00:00:00+00:00, run_after=2025-01-11 00:00:00+00:00
[2025-01-11T20:27:24.465+0000] {processor.py:208} INFO - Processing /home/airflow/.local/lib/python3.12/site-packages/airflow/example_dags/tutorial_taskflow_templates.py took 0.115 seconds
