[2025-01-11T20:16:19.530+0000] {processor.py:186} INFO - Started process (PID=80) to work on /home/airflow/.local/lib/python3.12/site-packages/airflow/example_dags/tutorial_taskflow_api_virtualenv.py
[2025-01-11T20:16:19.574+0000] {processor.py:914} INFO - Processing file /home/airflow/.local/lib/python3.12/site-packages/airflow/example_dags/tutorial_taskflow_api_virtualenv.py for tasks to queue
[2025-01-11T20:16:19.915+0000] {logging_mixin.py:190} INFO - [2025-01-11T20:16:19.902+0000] {dagbag.py:588} INFO - Filling up the DagBag from /home/airflow/.local/lib/python3.12/site-packages/airflow/example_dags/tutorial_taskflow_api_virtualenv.py
[2025-01-11T20:16:20.551+0000] {processor.py:925} INFO - DAG(s) 'tutorial_taskflow_api_virtualenv' retrieved from /home/airflow/.local/lib/python3.12/site-packages/airflow/example_dags/tutorial_taskflow_api_virtualenv.py
[2025-01-11T20:16:24.390+0000] {logging_mixin.py:190} INFO - [2025-01-11T20:16:24.388+0000] {override.py:1911} INFO - Created Permission View: can edit on DAG:tutorial_taskflow_api_virtualenv
[2025-01-11T20:16:24.646+0000] {logging_mixin.py:190} INFO - [2025-01-11T20:16:24.634+0000] {override.py:1911} INFO - Created Permission View: can delete on DAG:tutorial_taskflow_api_virtualenv
[2025-01-11T20:16:24.741+0000] {logging_mixin.py:190} INFO - [2025-01-11T20:16:24.740+0000] {override.py:1911} INFO - Created Permission View: can read on DAG:tutorial_taskflow_api_virtualenv
[2025-01-11T20:16:24.874+0000] {logging_mixin.py:190} INFO - [2025-01-11T20:16:24.873+0000] {override.py:1911} INFO - Created Permission View: menu access on DAG Run:tutorial_taskflow_api_virtualenv
[2025-01-11T20:16:24.989+0000] {logging_mixin.py:190} INFO - [2025-01-11T20:16:24.988+0000] {override.py:1911} INFO - Created Permission View: can create on DAG Run:tutorial_taskflow_api_virtualenv
[2025-01-11T20:16:25.101+0000] {logging_mixin.py:190} INFO - [2025-01-11T20:16:25.101+0000] {override.py:1911} INFO - Created Permission View: can delete on DAG Run:tutorial_taskflow_api_virtualenv
[2025-01-11T20:16:25.168+0000] {logging_mixin.py:190} INFO - [2025-01-11T20:16:25.168+0000] {override.py:1911} INFO - Created Permission View: can read on DAG Run:tutorial_taskflow_api_virtualenv
[2025-01-11T20:16:25.187+0000] {logging_mixin.py:190} INFO - [2025-01-11T20:16:25.186+0000] {dag.py:3239} INFO - Sync 1 DAGs
[2025-01-11T20:16:25.936+0000] {logging_mixin.py:190} INFO - [2025-01-11T20:16:25.935+0000] {dag.py:3262} INFO - Creating ORM DAG for tutorial_taskflow_api_virtualenv
[2025-01-11T20:16:25.950+0000] {logging_mixin.py:190} INFO - [2025-01-11T20:16:25.950+0000] {dag.py:4180} INFO - Setting next_dagrun for tutorial_taskflow_api_virtualenv to None, run_after=None
[2025-01-11T20:16:26.207+0000] {processor.py:208} INFO - Processing /home/airflow/.local/lib/python3.12/site-packages/airflow/example_dags/tutorial_taskflow_api_virtualenv.py took 6.803 seconds
[2025-01-11T20:26:34.647+0000] {processor.py:186} INFO - Started process (PID=70) to work on /home/airflow/.local/lib/python3.12/site-packages/airflow/example_dags/tutorial_taskflow_api_virtualenv.py
[2025-01-11T20:26:34.648+0000] {processor.py:914} INFO - Processing file /home/airflow/.local/lib/python3.12/site-packages/airflow/example_dags/tutorial_taskflow_api_virtualenv.py for tasks to queue
[2025-01-11T20:26:34.652+0000] {logging_mixin.py:190} INFO - [2025-01-11T20:26:34.652+0000] {dagbag.py:588} INFO - Filling up the DagBag from /home/airflow/.local/lib/python3.12/site-packages/airflow/example_dags/tutorial_taskflow_api_virtualenv.py
[2025-01-11T20:26:34.706+0000] {processor.py:925} INFO - DAG(s) 'tutorial_taskflow_api_virtualenv' retrieved from /home/airflow/.local/lib/python3.12/site-packages/airflow/example_dags/tutorial_taskflow_api_virtualenv.py
[2025-01-11T20:26:35.034+0000] {logging_mixin.py:190} INFO - [2025-01-11T20:26:35.034+0000] {dag.py:3239} INFO - Sync 1 DAGs
[2025-01-11T20:26:35.082+0000] {logging_mixin.py:190} INFO - [2025-01-11T20:26:35.074+0000] {dag.py:4180} INFO - Setting next_dagrun for tutorial_taskflow_api_virtualenv to None, run_after=None
[2025-01-11T20:26:35.137+0000] {processor.py:208} INFO - Processing /home/airflow/.local/lib/python3.12/site-packages/airflow/example_dags/tutorial_taskflow_api_virtualenv.py took 0.499 seconds
[2025-01-11T20:27:05.549+0000] {processor.py:186} INFO - Started process (PID=133) to work on /home/airflow/.local/lib/python3.12/site-packages/airflow/example_dags/tutorial_taskflow_api_virtualenv.py
[2025-01-11T20:27:05.550+0000] {processor.py:914} INFO - Processing file /home/airflow/.local/lib/python3.12/site-packages/airflow/example_dags/tutorial_taskflow_api_virtualenv.py for tasks to queue
[2025-01-11T20:27:05.553+0000] {logging_mixin.py:190} INFO - [2025-01-11T20:27:05.553+0000] {dagbag.py:588} INFO - Filling up the DagBag from /home/airflow/.local/lib/python3.12/site-packages/airflow/example_dags/tutorial_taskflow_api_virtualenv.py
[2025-01-11T20:27:05.565+0000] {processor.py:925} INFO - DAG(s) 'tutorial_taskflow_api_virtualenv' retrieved from /home/airflow/.local/lib/python3.12/site-packages/airflow/example_dags/tutorial_taskflow_api_virtualenv.py
[2025-01-11T20:27:05.586+0000] {logging_mixin.py:190} INFO - [2025-01-11T20:27:05.585+0000] {dag.py:3239} INFO - Sync 1 DAGs
[2025-01-11T20:27:05.601+0000] {logging_mixin.py:190} INFO - [2025-01-11T20:27:05.601+0000] {dag.py:4180} INFO - Setting next_dagrun for tutorial_taskflow_api_virtualenv to None, run_after=None
[2025-01-11T20:27:05.621+0000] {processor.py:208} INFO - Processing /home/airflow/.local/lib/python3.12/site-packages/airflow/example_dags/tutorial_taskflow_api_virtualenv.py took 0.078 seconds
[2025-01-11T20:27:36.387+0000] {processor.py:186} INFO - Started process (PID=196) to work on /home/airflow/.local/lib/python3.12/site-packages/airflow/example_dags/tutorial_taskflow_api_virtualenv.py
[2025-01-11T20:27:36.388+0000] {processor.py:914} INFO - Processing file /home/airflow/.local/lib/python3.12/site-packages/airflow/example_dags/tutorial_taskflow_api_virtualenv.py for tasks to queue
[2025-01-11T20:27:36.391+0000] {logging_mixin.py:190} INFO - [2025-01-11T20:27:36.390+0000] {dagbag.py:588} INFO - Filling up the DagBag from /home/airflow/.local/lib/python3.12/site-packages/airflow/example_dags/tutorial_taskflow_api_virtualenv.py
[2025-01-11T20:27:36.405+0000] {processor.py:925} INFO - DAG(s) 'tutorial_taskflow_api_virtualenv' retrieved from /home/airflow/.local/lib/python3.12/site-packages/airflow/example_dags/tutorial_taskflow_api_virtualenv.py
[2025-01-11T20:27:36.426+0000] {logging_mixin.py:190} INFO - [2025-01-11T20:27:36.426+0000] {dag.py:3239} INFO - Sync 1 DAGs
[2025-01-11T20:27:36.443+0000] {logging_mixin.py:190} INFO - [2025-01-11T20:27:36.443+0000] {dag.py:4180} INFO - Setting next_dagrun for tutorial_taskflow_api_virtualenv to None, run_after=None
[2025-01-11T20:27:36.476+0000] {processor.py:208} INFO - Processing /home/airflow/.local/lib/python3.12/site-packages/airflow/example_dags/tutorial_taskflow_api_virtualenv.py took 0.096 seconds
