[2025-01-29T20:33:36.308+0000] {local_task_job_runner.py:123} INFO - ::group::Pre task execution logs
[2025-01-29T20:33:36.353+0000] {taskinstance.py:2613} INFO - Dependencies all met for dep_context=non-requeueable deps ti=<TaskInstance: MI_PRIMER_DAG.finaliza_el_proceso manual__2025-01-29T20:33:16.528254+00:00 [queued]>
[2025-01-29T20:33:36.365+0000] {taskinstance.py:2613} INFO - Dependencies all met for dep_context=requeueable deps ti=<TaskInstance: MI_PRIMER_DAG.finaliza_el_proceso manual__2025-01-29T20:33:16.528254+00:00 [queued]>
[2025-01-29T20:33:36.367+0000] {taskinstance.py:2866} INFO - Starting attempt 1 of 1
[2025-01-29T20:33:36.555+0000] {taskinstance.py:2889} INFO - Executing <Task(BashOperator): finaliza_el_proceso> on 2025-01-29 20:33:16.528254+00:00
[2025-01-29T20:33:36.564+0000] {warnings.py:112} WARNING - /home/***/.local/lib/python3.12/site-packages/***/task/task_runner/standard_task_runner.py:70: DeprecationWarning: This process (pid=104) is multi-threaded, use of fork() may lead to deadlocks in the child.
  pid = os.fork()

[2025-01-29T20:33:36.566+0000] {standard_task_runner.py:104} INFO - Running: ['***', 'tasks', 'run', 'MI_PRIMER_DAG', 'finaliza_el_proceso', 'manual__2025-01-29T20:33:16.528254+00:00', '--job-id', '17', '--raw', '--subdir', 'DAGS_FOLDER/my_first_dag.py', '--cfg-path', '/tmp/tmp5cm38cgc']
[2025-01-29T20:33:36.581+0000] {standard_task_runner.py:72} INFO - Started process 106 to run task
[2025-01-29T20:33:36.582+0000] {standard_task_runner.py:105} INFO - Job 17: Subtask finaliza_el_proceso
[2025-01-29T20:33:36.735+0000] {task_command.py:467} INFO - Running <TaskInstance: MI_PRIMER_DAG.finaliza_el_proceso manual__2025-01-29T20:33:16.528254+00:00 [running]> on host f807a3f6dc0a
[2025-01-29T20:33:37.100+0000] {taskinstance.py:3132} INFO - Exporting env vars: AIRFLOW_CTX_DAG_OWNER='***' AIRFLOW_CTX_DAG_ID='MI_PRIMER_DAG' AIRFLOW_CTX_TASK_ID='finaliza_el_proceso' AIRFLOW_CTX_EXECUTION_DATE='2025-01-29T20:33:16.528254+00:00' AIRFLOW_CTX_TRY_NUMBER='1' AIRFLOW_CTX_DAG_RUN_ID='manual__2025-01-29T20:33:16.528254+00:00'
[2025-01-29T20:33:37.102+0000] {logging_mixin.py:190} INFO - Task instance is in running state
[2025-01-29T20:33:37.103+0000] {logging_mixin.py:190} INFO -  Previous state of the Task instance: queued
[2025-01-29T20:33:37.104+0000] {logging_mixin.py:190} INFO - Current task name:finaliza_el_proceso state:running start_date:2025-01-29 20:33:36.354346+00:00
[2025-01-29T20:33:37.104+0000] {logging_mixin.py:190} INFO - Dag name:MI_PRIMER_DAG and current dag run status:running
[2025-01-29T20:33:37.105+0000] {taskinstance.py:731} INFO - ::endgroup::
[2025-01-29T20:33:37.120+0000] {subprocess.py:78} INFO - Tmp dir root location: /tmp
[2025-01-29T20:33:37.121+0000] {subprocess.py:88} INFO - Running command: ['/usr/bin/bash', '-c', 'echo "Esta tarea no hace nada"']
[2025-01-29T20:33:37.161+0000] {subprocess.py:99} INFO - Output:
[2025-01-29T20:33:37.191+0000] {subprocess.py:106} INFO - Esta tarea no hace nada
[2025-01-29T20:33:37.193+0000] {subprocess.py:110} INFO - Command exited with return code 0
[2025-01-29T20:33:37.223+0000] {taskinstance.py:340} INFO - ::group::Post task execution logs
[2025-01-29T20:33:37.224+0000] {taskinstance.py:352} INFO - Marking task as SUCCESS. dag_id=MI_PRIMER_DAG, task_id=finaliza_el_proceso, run_id=manual__2025-01-29T20:33:16.528254+00:00, execution_date=20250129T203316, start_date=20250129T203336, end_date=20250129T203337
[2025-01-29T20:33:37.242+0000] {logging_mixin.py:190} INFO - Task instance in success state
[2025-01-29T20:33:37.244+0000] {logging_mixin.py:190} INFO -  Previous state of the Task instance: running
[2025-01-29T20:33:37.245+0000] {logging_mixin.py:190} INFO - Dag name:MI_PRIMER_DAG queued_at:2025-01-29 20:33:16.559021+00:00
[2025-01-29T20:33:37.245+0000] {logging_mixin.py:190} INFO - Task hostname:f807a3f6dc0a operator:BashOperator
[2025-01-29T20:33:37.283+0000] {local_task_job_runner.py:266} INFO - Task exited with return code 0
[2025-01-29T20:33:37.303+0000] {taskinstance.py:3895} INFO - 0 downstream tasks scheduled from follow-on schedule check
[2025-01-29T20:33:37.305+0000] {local_task_job_runner.py:245} INFO - ::endgroup::
