[2025-01-29T20:35:40.335+0000] {local_task_job_runner.py:123} INFO - ::group::Pre task execution logs
[2025-01-29T20:35:40.352+0000] {taskinstance.py:2613} INFO - Dependencies all met for dep_context=non-requeueable deps ti=<TaskInstance: MI_PRIMER_DAG.inicia_el_proceso manual__2025-01-29T20:35:34.674727+00:00 [queued]>
[2025-01-29T20:35:40.490+0000] {taskinstance.py:2613} INFO - Dependencies all met for dep_context=requeueable deps ti=<TaskInstance: MI_PRIMER_DAG.inicia_el_proceso manual__2025-01-29T20:35:34.674727+00:00 [queued]>
[2025-01-29T20:35:40.493+0000] {taskinstance.py:2866} INFO - Starting attempt 1 of 1
[2025-01-29T20:35:40.506+0000] {taskinstance.py:2889} INFO - Executing <Task(BashOperator): inicia_el_proceso> on 2025-01-29 20:35:34.674727+00:00
[2025-01-29T20:35:40.515+0000] {warnings.py:112} WARNING - /home/***/.local/lib/python3.12/site-packages/***/task/task_runner/standard_task_runner.py:70: DeprecationWarning: This process (pid=125) is multi-threaded, use of fork() may lead to deadlocks in the child.
  pid = os.fork()

[2025-01-29T20:35:40.516+0000] {standard_task_runner.py:72} INFO - Started process 127 to run task
[2025-01-29T20:35:40.516+0000] {standard_task_runner.py:104} INFO - Running: ['***', 'tasks', 'run', 'MI_PRIMER_DAG', 'inicia_el_proceso', 'manual__2025-01-29T20:35:34.674727+00:00', '--job-id', '18', '--raw', '--subdir', 'DAGS_FOLDER/my_first_dag.py', '--cfg-path', '/tmp/tmpsd5mun47']
[2025-01-29T20:35:40.517+0000] {standard_task_runner.py:105} INFO - Job 18: Subtask inicia_el_proceso
[2025-01-29T20:35:40.561+0000] {task_command.py:467} INFO - Running <TaskInstance: MI_PRIMER_DAG.inicia_el_proceso manual__2025-01-29T20:35:34.674727+00:00 [running]> on host f807a3f6dc0a
[2025-01-29T20:35:40.666+0000] {taskinstance.py:3132} INFO - Exporting env vars: AIRFLOW_CTX_DAG_OWNER='***' AIRFLOW_CTX_DAG_ID='MI_PRIMER_DAG' AIRFLOW_CTX_TASK_ID='inicia_el_proceso' AIRFLOW_CTX_EXECUTION_DATE='2025-01-29T20:35:34.674727+00:00' AIRFLOW_CTX_TRY_NUMBER='1' AIRFLOW_CTX_DAG_RUN_ID='manual__2025-01-29T20:35:34.674727+00:00'
[2025-01-29T20:35:40.667+0000] {logging_mixin.py:190} INFO - Task instance is in running state
[2025-01-29T20:35:40.668+0000] {logging_mixin.py:190} INFO -  Previous state of the Task instance: queued
[2025-01-29T20:35:40.668+0000] {logging_mixin.py:190} INFO - Current task name:inicia_el_proceso state:running start_date:2025-01-29 20:35:40.353829+00:00
[2025-01-29T20:35:40.669+0000] {logging_mixin.py:190} INFO - Dag name:MI_PRIMER_DAG and current dag run status:running
[2025-01-29T20:35:40.669+0000] {taskinstance.py:731} INFO - ::endgroup::
[2025-01-29T20:35:40.673+0000] {subprocess.py:78} INFO - Tmp dir root location: /tmp
[2025-01-29T20:35:40.675+0000] {subprocess.py:88} INFO - Running command: ['/usr/bin/bash', '-c', 'echo "Esta tarea no hace nada"']
[2025-01-29T20:35:40.699+0000] {subprocess.py:99} INFO - Output:
[2025-01-29T20:35:40.711+0000] {subprocess.py:106} INFO - Esta tarea no hace nada
[2025-01-29T20:35:40.712+0000] {subprocess.py:110} INFO - Command exited with return code 0
[2025-01-29T20:35:40.744+0000] {taskinstance.py:340} INFO - ::group::Post task execution logs
[2025-01-29T20:35:40.746+0000] {taskinstance.py:352} INFO - Marking task as SUCCESS. dag_id=MI_PRIMER_DAG, task_id=inicia_el_proceso, run_id=manual__2025-01-29T20:35:34.674727+00:00, execution_date=20250129T203534, start_date=20250129T203540, end_date=20250129T203540
[2025-01-29T20:35:40.757+0000] {logging_mixin.py:190} INFO - Task instance in success state
[2025-01-29T20:35:40.760+0000] {logging_mixin.py:190} INFO -  Previous state of the Task instance: running
[2025-01-29T20:35:40.761+0000] {logging_mixin.py:190} INFO - Dag name:MI_PRIMER_DAG queued_at:2025-01-29 20:35:34.875585+00:00
[2025-01-29T20:35:40.762+0000] {logging_mixin.py:190} INFO - Task hostname:f807a3f6dc0a operator:BashOperator
[2025-01-29T20:35:40.813+0000] {local_task_job_runner.py:266} INFO - Task exited with return code 0
[2025-01-29T20:35:40.847+0000] {taskinstance.py:3895} INFO - 1 downstream tasks scheduled from follow-on schedule check
[2025-01-29T20:35:40.849+0000] {local_task_job_runner.py:245} INFO - ::endgroup::
