[2025-01-29T20:36:40.929+0000] {local_task_job_runner.py:123} INFO - ::group::Pre task execution logs
[2025-01-29T20:36:40.944+0000] {taskinstance.py:2613} INFO - Dependencies all met for dep_context=non-requeueable deps ti=<TaskInstance: MI_PRIMER_DAG.inicia_el_proceso manual__2025-01-29T20:36:38.050220+00:00 [queued]>
[2025-01-29T20:36:41.068+0000] {taskinstance.py:2613} INFO - Dependencies all met for dep_context=requeueable deps ti=<TaskInstance: MI_PRIMER_DAG.inicia_el_proceso manual__2025-01-29T20:36:38.050220+00:00 [queued]>
[2025-01-29T20:36:41.069+0000] {taskinstance.py:2866} INFO - Starting attempt 1 of 1
[2025-01-29T20:36:41.081+0000] {taskinstance.py:2889} INFO - Executing <Task(BashOperator): inicia_el_proceso> on 2025-01-29 20:36:38.050220+00:00
[2025-01-29T20:36:41.089+0000] {warnings.py:112} WARNING - /home/***/.local/lib/python3.12/site-packages/***/task/task_runner/standard_task_runner.py:70: DeprecationWarning: This process (pid=153) is multi-threaded, use of fork() may lead to deadlocks in the child.
  pid = os.fork()

[2025-01-29T20:36:41.091+0000] {standard_task_runner.py:72} INFO - Started process 155 to run task
[2025-01-29T20:36:41.091+0000] {standard_task_runner.py:104} INFO - Running: ['***', 'tasks', 'run', 'MI_PRIMER_DAG', 'inicia_el_proceso', 'manual__2025-01-29T20:36:38.050220+00:00', '--job-id', '21', '--raw', '--subdir', 'DAGS_FOLDER/my_first_dag.py', '--cfg-path', '/tmp/tmps1toxyhw']
[2025-01-29T20:36:41.092+0000] {standard_task_runner.py:105} INFO - Job 21: Subtask inicia_el_proceso
[2025-01-29T20:36:41.130+0000] {task_command.py:467} INFO - Running <TaskInstance: MI_PRIMER_DAG.inicia_el_proceso manual__2025-01-29T20:36:38.050220+00:00 [running]> on host f807a3f6dc0a
[2025-01-29T20:36:41.206+0000] {taskinstance.py:3132} INFO - Exporting env vars: AIRFLOW_CTX_DAG_OWNER='***' AIRFLOW_CTX_DAG_ID='MI_PRIMER_DAG' AIRFLOW_CTX_TASK_ID='inicia_el_proceso' AIRFLOW_CTX_EXECUTION_DATE='2025-01-29T20:36:38.050220+00:00' AIRFLOW_CTX_TRY_NUMBER='1' AIRFLOW_CTX_DAG_RUN_ID='manual__2025-01-29T20:36:38.050220+00:00'
[2025-01-29T20:36:41.207+0000] {logging_mixin.py:190} INFO - Task instance is in running state
[2025-01-29T20:36:41.208+0000] {logging_mixin.py:190} INFO -  Previous state of the Task instance: queued
[2025-01-29T20:36:41.209+0000] {logging_mixin.py:190} INFO - Current task name:inicia_el_proceso state:running start_date:2025-01-29 20:36:40.945190+00:00
[2025-01-29T20:36:41.209+0000] {logging_mixin.py:190} INFO - Dag name:MI_PRIMER_DAG and current dag run status:running
[2025-01-29T20:36:41.210+0000] {taskinstance.py:731} INFO - ::endgroup::
[2025-01-29T20:36:41.214+0000] {subprocess.py:78} INFO - Tmp dir root location: /tmp
[2025-01-29T20:36:41.216+0000] {subprocess.py:88} INFO - Running command: ['/usr/bin/bash', '-c', 'echo "Esta tarea no hace nada"']
[2025-01-29T20:36:41.232+0000] {subprocess.py:99} INFO - Output:
[2025-01-29T20:36:41.244+0000] {subprocess.py:106} INFO - Esta tarea no hace nada
[2025-01-29T20:36:41.246+0000] {subprocess.py:110} INFO - Command exited with return code 0
[2025-01-29T20:36:41.274+0000] {taskinstance.py:340} INFO - ::group::Post task execution logs
[2025-01-29T20:36:41.275+0000] {taskinstance.py:352} INFO - Marking task as SUCCESS. dag_id=MI_PRIMER_DAG, task_id=inicia_el_proceso, run_id=manual__2025-01-29T20:36:38.050220+00:00, execution_date=20250129T203638, start_date=20250129T203640, end_date=20250129T203641
[2025-01-29T20:36:41.292+0000] {logging_mixin.py:190} INFO - Task instance in success state
[2025-01-29T20:36:41.298+0000] {logging_mixin.py:190} INFO -  Previous state of the Task instance: running
[2025-01-29T20:36:41.298+0000] {logging_mixin.py:190} INFO - Dag name:MI_PRIMER_DAG queued_at:2025-01-29 20:36:38.063029+00:00
[2025-01-29T20:36:41.299+0000] {logging_mixin.py:190} INFO - Task hostname:f807a3f6dc0a operator:BashOperator
[2025-01-29T20:36:41.345+0000] {local_task_job_runner.py:266} INFO - Task exited with return code 0
[2025-01-29T20:36:41.374+0000] {taskinstance.py:3895} INFO - 1 downstream tasks scheduled from follow-on schedule check
[2025-01-29T20:36:41.376+0000] {local_task_job_runner.py:245} INFO - ::endgroup::
