[2025-01-29T20:35:46.897+0000] {local_task_job_runner.py:123} INFO - ::group::Pre task execution logs
[2025-01-29T20:35:47.100+0000] {taskinstance.py:2613} INFO - Dependencies all met for dep_context=non-requeueable deps ti=<TaskInstance: MI_PRIMER_DAG.finaliza_el_proceso manual__2025-01-29T20:35:34.674727+00:00 [queued]>
[2025-01-29T20:35:47.125+0000] {taskinstance.py:2613} INFO - Dependencies all met for dep_context=requeueable deps ti=<TaskInstance: MI_PRIMER_DAG.finaliza_el_proceso manual__2025-01-29T20:35:34.674727+00:00 [queued]>
[2025-01-29T20:35:47.126+0000] {taskinstance.py:2866} INFO - Starting attempt 1 of 1
[2025-01-29T20:35:47.165+0000] {taskinstance.py:2889} INFO - Executing <Task(BashOperator): finaliza_el_proceso> on 2025-01-29 20:35:34.674727+00:00
[2025-01-29T20:35:47.181+0000] {warnings.py:112} WARNING - /home/***/.local/lib/python3.12/site-packages/***/task/task_runner/standard_task_runner.py:70: DeprecationWarning: This process (pid=134) is multi-threaded, use of fork() may lead to deadlocks in the child.
  pid = os.fork()

[2025-01-29T20:35:47.184+0000] {standard_task_runner.py:72} INFO - Started process 136 to run task
[2025-01-29T20:35:47.184+0000] {standard_task_runner.py:104} INFO - Running: ['***', 'tasks', 'run', 'MI_PRIMER_DAG', 'finaliza_el_proceso', 'manual__2025-01-29T20:35:34.674727+00:00', '--job-id', '20', '--raw', '--subdir', 'DAGS_FOLDER/my_first_dag.py', '--cfg-path', '/tmp/tmp78ay9k_m']
[2025-01-29T20:35:47.186+0000] {standard_task_runner.py:105} INFO - Job 20: Subtask finaliza_el_proceso
[2025-01-29T20:35:47.453+0000] {task_command.py:467} INFO - Running <TaskInstance: MI_PRIMER_DAG.finaliza_el_proceso manual__2025-01-29T20:35:34.674727+00:00 [running]> on host f807a3f6dc0a
[2025-01-29T20:35:47.599+0000] {taskinstance.py:3132} INFO - Exporting env vars: AIRFLOW_CTX_DAG_OWNER='***' AIRFLOW_CTX_DAG_ID='MI_PRIMER_DAG' AIRFLOW_CTX_TASK_ID='finaliza_el_proceso' AIRFLOW_CTX_EXECUTION_DATE='2025-01-29T20:35:34.674727+00:00' AIRFLOW_CTX_TRY_NUMBER='1' AIRFLOW_CTX_DAG_RUN_ID='manual__2025-01-29T20:35:34.674727+00:00'
[2025-01-29T20:35:47.613+0000] {logging_mixin.py:190} INFO - Task instance is in running state
[2025-01-29T20:35:47.614+0000] {logging_mixin.py:190} INFO -  Previous state of the Task instance: queued
[2025-01-29T20:35:47.614+0000] {logging_mixin.py:190} INFO - Current task name:finaliza_el_proceso state:running start_date:2025-01-29 20:35:47.101001+00:00
[2025-01-29T20:35:47.615+0000] {logging_mixin.py:190} INFO - Dag name:MI_PRIMER_DAG and current dag run status:running
[2025-01-29T20:35:47.615+0000] {taskinstance.py:731} INFO - ::endgroup::
[2025-01-29T20:35:47.647+0000] {subprocess.py:78} INFO - Tmp dir root location: /tmp
[2025-01-29T20:35:47.651+0000] {subprocess.py:88} INFO - Running command: ['/usr/bin/bash', '-c', 'echo "Esta tarea no hace nada"']
[2025-01-29T20:35:47.723+0000] {subprocess.py:99} INFO - Output:
[2025-01-29T20:35:47.772+0000] {subprocess.py:106} INFO - Esta tarea no hace nada
[2025-01-29T20:35:47.775+0000] {subprocess.py:110} INFO - Command exited with return code 0
[2025-01-29T20:35:47.919+0000] {taskinstance.py:340} INFO - ::group::Post task execution logs
[2025-01-29T20:35:47.922+0000] {taskinstance.py:352} INFO - Marking task as SUCCESS. dag_id=MI_PRIMER_DAG, task_id=finaliza_el_proceso, run_id=manual__2025-01-29T20:35:34.674727+00:00, execution_date=20250129T203534, start_date=20250129T203547, end_date=20250129T203547
[2025-01-29T20:35:47.937+0000] {logging_mixin.py:190} INFO - Task instance in success state
[2025-01-29T20:35:47.938+0000] {logging_mixin.py:190} INFO -  Previous state of the Task instance: running
[2025-01-29T20:35:47.939+0000] {logging_mixin.py:190} INFO - Dag name:MI_PRIMER_DAG queued_at:2025-01-29 20:35:34.875585+00:00
[2025-01-29T20:35:47.940+0000] {logging_mixin.py:190} INFO - Task hostname:f807a3f6dc0a operator:BashOperator
[2025-01-29T20:35:48.005+0000] {local_task_job_runner.py:266} INFO - Task exited with return code 0
[2025-01-29T20:35:48.093+0000] {taskinstance.py:3895} INFO - 0 downstream tasks scheduled from follow-on schedule check
[2025-01-29T20:35:48.096+0000] {local_task_job_runner.py:245} INFO - ::endgroup::
